<?xml version="1.0" encoding="UTF-8"?>
<testsuites name="Test run" tests="1587" failures="83" errors="0" timestamp="2025-08-26T03:03:29.621+00:00" time="1492.269">
    <testsuite name="test/L1/DataAvailabilityChallenge.t.sol:DataAvailabilityChallenge_Challenge_Test" tests="6" disabled="0" errors="0" failures="0" time="1.266">
        <testcase name="test_challenge_afterChallengeWindow_reverts()" time="0.001">
            <system-out>[PASS] test_challenge_afterChallengeWindow_reverts() (gas: 64733)</system-out>
        </testcase>
        <testcase name="test_challenge_beforeChallengeWindow_reverts()" time="0.000">
            <system-out>[PASS] test_challenge_beforeChallengeWindow_reverts() (gas: 61244)</system-out>
        </testcase>
        <testcase name="test_challenge_bondTooLow_reverts()" time="0.000">
            <system-out>[PASS] test_challenge_bondTooLow_reverts() (gas: 52508)</system-out>
        </testcase>
        <testcase name="test_challenge_challengeExists_reverts()" time="0.000">
            <system-out>[PASS] test_challenge_challengeExists_reverts() (gas: 322590)</system-out>
        </testcase>
        <testcase name="test_challenge_deposit_succeeds(address,uint256,bytes)" time="0.172">
            <system-out>[PASS] test_challenge_deposit_succeeds(address,uint256,bytes) (runs: 65, μ: 127336, ~: 127330)</system-out>
        </testcase>
        <testcase name="test_challenge_succeeds(address,uint256,bytes)" time="0.166">
            <system-out>[PASS] test_challenge_succeeds(address,uint256,bytes) (runs: 65, μ: 130686, ~: 130648)</system-out>
        </testcase>
        <system-out>Suite result: ok. 6 passed; 0 failed; 0 skipped; finished in 1.27s (339.57ms CPU time)</system-out>
    </testsuite>
    <testsuite name="test/L1/DataAvailabilityChallenge.t.sol:DataAvailabilityChallenge_Deposit_Test" tests="1" disabled="0" errors="0" failures="0" time="0.917">
        <testcase name="testFuzz_deposit_succeeds(uint256)" time="0.127">
            <system-out>[PASS] testFuzz_deposit_succeeds(uint256) (runs: 65, μ: 46739, ~: 47149)</system-out>
        </testcase>
        <system-out>Suite result: ok. 1 passed; 0 failed; 0 skipped; finished in 916.52ms (126.95ms CPU time)</system-out>
    </testsuite>
    <testsuite name="test/L1/DataAvailabilityChallenge.t.sol:DataAvailabilityChallenge_GetChallengeStatus_Test" tests="3" disabled="0" errors="0" failures="0" time="0.714">
        <testcase name="testFuzz_getChallengeStatus_transitions_succeeds(uint256,bytes)" time="0.041">
            <system-out>[PASS] testFuzz_getChallengeStatus_transitions_succeeds(uint256,bytes) (runs: 65, μ: 119918, ~: 119920)</system-out>
        </testcase>
        <testcase name="test_getChallengeStatus_allStates_succeeds()" time="0.001">
            <system-out>[PASS] test_getChallengeStatus_allStates_succeeds() (gas: 149267)</system-out>
        </testcase>
        <testcase name="test_getChallengeStatus_expiredChallenge_succeeds()" time="0.000">
            <system-out>[PASS] test_getChallengeStatus_expiredChallenge_succeeds() (gas: 111516)</system-out>
        </testcase>
        <system-out>Suite result: ok. 3 passed; 0 failed; 0 skipped; finished in 714.05ms (41.61ms CPU time)</system-out>
    </testsuite>
    <testsuite name="test/L1/DataAvailabilityChallenge.t.sol:DataAvailabilityChallenge_GetChallenge_Test" tests="2" disabled="0" errors="0" failures="0" time="0.229">
        <testcase name="testFuzz_getChallenge_activeChallenge_succeeds(address,uint256,bytes)" time="0.038">
            <system-out>[PASS] testFuzz_getChallenge_activeChallenge_succeeds(address,uint256,bytes) (runs: 65, μ: 115258, ~: 115236)</system-out>
        </testcase>
        <testcase name="test_getChallenge_uninitializedChallenge_succeeds()" time="0.000">
            <system-out>[PASS] test_getChallenge_uninitializedChallenge_succeeds() (gas: 24760)</system-out>
        </testcase>
        <system-out>Suite result: ok. 2 passed; 0 failed; 0 skipped; finished in 228.95ms (38.26ms CPU time)</system-out>
    </testsuite>
    <testsuite name="test/L1/DataAvailabilityChallenge.t.sol:DataAvailabilityChallenge_Receive_Test" tests="1" disabled="0" errors="0" failures="0" time="0.237">
        <testcase name="testFuzz_receive_succeeds(uint256)" time="0.037">
            <system-out>[PASS] testFuzz_receive_succeeds(uint256) (runs: 65, μ: 47169, ~: 47169)</system-out>
        </testcase>
        <system-out>Suite result: ok. 1 passed; 0 failed; 0 skipped; finished in 236.98ms (36.92ms CPU time)</system-out>
    </testsuite>
    <testsuite name="test/L1/DataAvailabilityChallenge.t.sol:DataAvailabilityChallenge_Resolve_Test" tests="6" disabled="0" errors="0" failures="0" time="0.307">
        <testcase name="test_resolve_afterResolveWindow_reverts()" time="0.000">
            <system-out>[PASS] test_resolve_afterResolveWindow_reverts() (gas: 115199)</system-out>
        </testcase>
        <testcase name="test_resolve_expired_reverts()" time="0.000">
            <system-out>[PASS] test_resolve_expired_reverts() (gas: 115179)</system-out>
        </testcase>
        <testcase name="test_resolve_invalidInputData_reverts(address,address,bytes,bytes,uint256,uint256,uint128)" time="0.066">
            <system-out>[PASS] test_resolve_invalidInputData_reverts(address,address,bytes,bytes,uint256,uint256,uint128) (runs: 65, μ: 135600, ~: 135647)</system-out>
        </testcase>
        <testcase name="test_resolve_nonExistentChallenge_reverts()" time="0.001">
            <system-out>[PASS] test_resolve_nonExistentChallenge_reverts() (gas: 24831)</system-out>
        </testcase>
        <testcase name="test_resolve_resolved_reverts()" time="0.000">
            <system-out>[PASS] test_resolve_resolved_reverts() (gas: 145861)</system-out>
        </testcase>
        <testcase name="test_resolve_succeeds(address,address,bytes,uint256,uint256,uint64,uint128)" time="0.046">
            <system-out>[PASS] test_resolve_succeeds(address,address,bytes,uint256,uint256,uint64,uint128) (runs: 65, μ: 195087, ~: 187025)</system-out>
        </testcase>
        <system-out>Suite result: ok. 6 passed; 0 failed; 0 skipped; finished in 306.64ms (113.22ms CPU time)</system-out>
    </testsuite>
    <testsuite name="test/L1/DataAvailabilityChallenge.t.sol:DataAvailabilityChallenge_SetBondSize_Test" tests="2" disabled="0" errors="0" failures="0" time="0.223">
        <testcase name="test_setBondSize_onlyOwner_reverts(address,uint256)" time="0.022">
            <system-out>[PASS] test_setBondSize_onlyOwner_reverts(address,uint256) (runs: 65, μ: 17821, ~: 17821)</system-out>
        </testcase>
        <testcase name="test_setBondSize_succeeds()" time="0.000">
            <system-out>[PASS] test_setBondSize_succeeds() (gas: 121199)</system-out>
        </testcase>
        <system-out>Suite result: ok. 2 passed; 0 failed; 0 skipped; finished in 222.86ms (21.87ms CPU time)</system-out>
    </testsuite>
    <testsuite name="test/L1/DataAvailabilityChallenge.t.sol:DataAvailabilityChallenge_SetResolverRefundPercentage_Test" tests="3" disabled="0" errors="0" failures="0" time="0.286">
        <testcase name="testFuzz_setResolverRefundPercentage_onlyOwner_reverts(address,uint256)" time="0.040">
            <system-out>[PASS] testFuzz_setResolverRefundPercentage_onlyOwner_reverts(address,uint256) (runs: 65, μ: 21956, ~: 21990)</system-out>
        </testcase>
        <testcase name="test_setResolverRefundPercentage_invalidResolverRefundPercentage_reverts()" time="0.000">
            <system-out>[PASS] test_setResolverRefundPercentage_invalidResolverRefundPercentage_reverts() (gas: 17741)</system-out>
        </testcase>
        <testcase name="test_setResolverRefundPercentage_succeeds(uint256)" time="0.039">
            <system-out>[PASS] test_setResolverRefundPercentage_succeeds(uint256) (runs: 65, μ: 27635, ~: 27734)</system-out>
        </testcase>
        <system-out>Suite result: ok. 3 passed; 0 failed; 0 skipped; finished in 285.80ms (79.24ms CPU time)</system-out>
    </testsuite>
    <testsuite name="test/L1/DataAvailabilityChallenge.t.sol:DataAvailabilityChallenge_UnlockBond_Test" tests="5" disabled="0" errors="0" failures="0" time="0.257">
        <testcase name="test_unlockBond_expiredChallengeTwice_fails()" time="0.000">
            <system-out>[PASS] test_unlockBond_expiredChallengeTwice_fails() (gas: 127762)</system-out>
        </testcase>
        <testcase name="test_unlockBond_nonExistentChallenge_reverts()" time="0.000">
            <system-out>[PASS] test_unlockBond_nonExistentChallenge_reverts() (gas: 23891)</system-out>
        </testcase>
        <testcase name="test_unlockBond_resolveWindowNotClosed_reverts()" time="0.000">
            <system-out>[PASS] test_unlockBond_resolveWindowNotClosed_reverts() (gas: 114361)</system-out>
        </testcase>
        <testcase name="test_unlockBond_resolvedChallenge_reverts()" time="0.000">
            <system-out>[PASS] test_unlockBond_resolvedChallenge_reverts() (gas: 145077)</system-out>
        </testcase>
        <testcase name="test_unlockBond_succeeds(bytes,uint256)" time="0.043">
            <system-out>[PASS] test_unlockBond_succeeds(bytes,uint256) (runs: 65, μ: 143648, ~: 143616)</system-out>
        </testcase>
        <system-out>Suite result: ok. 5 passed; 0 failed; 0 skipped; finished in 257.31ms (43.79ms CPU time)</system-out>
    </testsuite>
    <testsuite name="test/L1/DataAvailabilityChallenge.t.sol:DataAvailabilityChallenge_ValidateCommitment_Test" tests="3" disabled="0" errors="0" failures="0" time="0.540">
        <testcase name="testFuzz_validateCommitment_invalidLength_reverts(uint8)" time="0.020">
            <system-out>[PASS] testFuzz_validateCommitment_invalidLength_reverts(uint8) (runs: 65, μ: 19523, ~: 19386)</system-out>
        </testcase>
        <testcase name="testFuzz_validateCommitment_unknownType_reverts(uint8,bytes32)" time="0.020">
            <system-out>[PASS] testFuzz_validateCommitment_unknownType_reverts(uint8,bytes32) (runs: 65, μ: 15366, ~: 15366)</system-out>
        </testcase>
        <testcase name="test_validateCommitment_validCommitment_succeeds()" time="0.000">
            <system-out>[PASS] test_validateCommitment_validCommitment_succeeds() (gas: 11534)</system-out>
        </testcase>
        <system-out>Suite result: ok. 3 passed; 0 failed; 0 skipped; finished in 540.18ms (39.93ms CPU time)</system-out>
    </testsuite>
    <testsuite name="test/L1/DataAvailabilityChallenge.t.sol:DataAvailabilityChallenge_Withdraw_Test" tests="2" disabled="0" errors="0" failures="0" time="0.197">
        <testcase name="test_withdraw_fails_reverts(address,uint256)" time="0.022">
            <system-out>[PASS] test_withdraw_fails_reverts(address,uint256) (runs: 65, μ: 100163, ~: 100163)</system-out>
        </testcase>
        <testcase name="test_withdraw_succeeds(address,uint256)" time="0.021">
            <system-out>[PASS] test_withdraw_succeeds(address,uint256) (runs: 65, μ: 102996, ~: 104178)</system-out>
        </testcase>
        <system-out>Suite result: ok. 2 passed; 0 failed; 0 skipped; finished in 196.55ms (43.17ms CPU time)</system-out>
    </testsuite>
    <testsuite name="test/L1/ETHLockbox.t.sol:ETHLockbox_AuthorizeLockbox_Test" tests="3" disabled="0" errors="0" failures="0" time="0.719">
        <testcase name="testFuzz_authorizeLockbox_differentProxyAdminOwner_reverts(address)" time="0.056">
            <system-out>[PASS] testFuzz_authorizeLockbox_differentProxyAdminOwner_reverts(address) (runs: 66, μ: 26573, ~: 26573)</system-out>
        </testcase>
        <testcase name="testFuzz_authorizeLockbox_succeeds(address)" time="0.097">
            <system-out>[PASS] testFuzz_authorizeLockbox_succeeds(address) (runs: 66, μ: 53160, ~: 53160)</system-out>
        </testcase>
        <testcase name="testFuzz_authorizeLockbox_unauthorized_reverts(address)" time="0.059">
            <system-out>[PASS] testFuzz_authorizeLockbox_unauthorized_reverts(address) (runs: 66, μ: 23868, ~: 23868)</system-out>
        </testcase>
        <system-out>Suite result: ok. 3 passed; 0 failed; 0 skipped; finished in 718.98ms (212.19ms CPU time)</system-out>
    </testsuite>
    <testsuite name="test/L1/ETHLockbox.t.sol:ETHLockbox_AuthorizePortal_Test" tests="5" disabled="0" errors="0" failures="0" time="1.013">
        <testcase name="testFuzz_authorizePortal_differentProxyAdminOwner_reverts(address)" time="0.098">
            <system-out>[PASS] testFuzz_authorizePortal_differentProxyAdminOwner_reverts(address) (runs: 66, μ: 26592, ~: 26592)</system-out>
        </testcase>
        <testcase name="testFuzz_authorizePortal_differentSuperchainConfig_reverts(address)" time="0.092">
            <system-out>[PASS] testFuzz_authorizePortal_differentSuperchainConfig_reverts(address) (runs: 66, μ: 39640, ~: 39640)</system-out>
        </testcase>
        <testcase name="testFuzz_authorizePortal_succeeds(address)" time="0.098">
            <system-out>[PASS] testFuzz_authorizePortal_succeeds(address) (runs: 66, μ: 69280, ~: 69280)</system-out>
        </testcase>
        <testcase name="testFuzz_authorizePortal_unauthorized_reverts(address)" time="0.159">
            <system-out>[PASS] testFuzz_authorizePortal_unauthorized_reverts(address) (runs: 66, μ: 25948, ~: 25948)</system-out>
        </testcase>
        <testcase name="test_authorizePortal_succeeds()" time="0.000">
            <system-out>[PASS] test_authorizePortal_succeeds() (gas: 41977)</system-out>
        </testcase>
        <system-out>Suite result: ok. 5 passed; 0 failed; 0 skipped; finished in 1.01s (446.59ms CPU time)</system-out>
    </testsuite>
    <testsuite name="test/L1/ETHLockbox.t.sol:ETHLockbox_Initialize_Test" tests="4" disabled="0" errors="0" failures="0" time="16.214">
        <testcase name="testFuzz_initialize_notProxyAdminOrProxyAdminOwner_reverts(address)" time="15.423">
            <system-out>[PASS] testFuzz_initialize_notProxyAdminOrProxyAdminOwner_reverts(address) (runs: 66, μ: 83431, ~: 83431)</system-out>
        </testcase>
        <testcase name="test_initialize_alreadyInitialized_reverts()" time="0.000">
            <system-out>[PASS] test_initialize_alreadyInitialized_reverts() (gas: 18528)</system-out>
        </testcase>
        <testcase name="test_initialize_correctInitializerValue_succeeds()" time="0.269">
            <system-out>[PASS] test_initialize_correctInitializerValue_succeeds() (gas: 67335)</system-out>
        </testcase>
        <testcase name="test_initialize_succeeds()" time="0.000">
            <system-out>[PASS] test_initialize_succeeds() (gas: 36955)</system-out>
        </testcase>
        <system-out>Suite result: ok. 4 passed; 0 failed; 0 skipped; finished in 16.21s (15.69s CPU time)</system-out>
    </testsuite>
    <testsuite name="test/L1/ETHLockbox.t.sol:ETHLockbox_LockETH_Test" tests="3" disabled="0" errors="0" failures="0" time="3.647">
        <testcase name="testFuzz_lockETH_multiplePortals_succeeds(address,uint256)" time="0.023">
            <system-out>[PASS] testFuzz_lockETH_multiplePortals_succeeds(address,uint256) (runs: 66, μ: 81071, ~: 81173)</system-out>
        </testcase>
        <testcase name="testFuzz_lockETH_succeeds(uint256)" time="0.021">
            <system-out>[PASS] testFuzz_lockETH_succeeds(uint256) (runs: 66, μ: 33576, ~: 33576)</system-out>
        </testcase>
        <testcase name="testFuzz_lockETH_unauthorizedPortal_reverts(address)" time="0.022">
            <system-out>[PASS] testFuzz_lockETH_unauthorizedPortal_reverts(address) (runs: 66, μ: 17689, ~: 17689)</system-out>
        </testcase>
        <system-out>Suite result: ok. 3 passed; 0 failed; 0 skipped; finished in 3.65s (66.84ms CPU time)</system-out>
    </testsuite>
    <testsuite name="test/L1/ETHLockbox.t.sol:ETHLockbox_MigrateLiquidity_Test" tests="3" disabled="0" errors="0" failures="0" time="0.254">
        <testcase name="testFuzz_migrateLiquidity_differentProxyAdminOwner_reverts(address)" time="0.023">
            <system-out>[PASS] testFuzz_migrateLiquidity_differentProxyAdminOwner_reverts(address) (runs: 66, μ: 26464, ~: 26464)</system-out>
        </testcase>
        <testcase name="testFuzz_migrateLiquidity_succeeds(uint256,uint256)" time="0.032">
            <system-out>[PASS] testFuzz_migrateLiquidity_succeeds(uint256,uint256) (runs: 66, μ: 573614, ~: 573569)</system-out>
        </testcase>
        <testcase name="testFuzz_migrateLiquidity_unauthorized_reverts(address)" time="0.047">
            <system-out>[PASS] testFuzz_migrateLiquidity_unauthorized_reverts(address) (runs: 66, μ: 23825, ~: 23825)</system-out>
        </testcase>
        <system-out>Suite result: ok. 3 passed; 0 failed; 0 skipped; finished in 253.75ms (102.11ms CPU time)</system-out>
    </testsuite>
    <testsuite name="test/L1/ETHLockbox.t.sol:ETHLockbox_Paused_Test" tests="1" disabled="0" errors="0" failures="0" time="0.165">
        <testcase name="test_paused_succeeds()" time="0.000">
            <system-out>[PASS] test_paused_succeeds() (gas: 62400)</system-out>
        </testcase>
        <system-out>Suite result: ok. 1 passed; 0 failed; 0 skipped; finished in 165.35ms (82.46µs CPU time)</system-out>
    </testsuite>
    <testsuite name="test/L1/ETHLockbox.t.sol:ETHLockbox_ReceiveLiquidity_Test" tests="1" disabled="0" errors="0" failures="0" time="0.160">
        <testcase name="testFuzz_receiveLiquidity_succeeds(address,uint256)" time="0.024">
            <system-out>[PASS] testFuzz_receiveLiquidity_succeeds(address,uint256) (runs: 66, μ: 64980, ~: 65082)</system-out>
        </testcase>
        <system-out>Suite result: ok. 1 passed; 0 failed; 0 skipped; finished in 159.97ms (23.96ms CPU time)</system-out>
    </testsuite>
    <testsuite name="test/L1/ETHLockbox.t.sol:ETHLockbox_Unclassified_Test" tests="1" disabled="0" errors="0" failures="0" time="0.144">
        <testcase name="test_proxyProxyAdminOwner_succeeds()" time="0.000">
            <system-out>[PASS] test_proxyProxyAdminOwner_succeeds() (gas: 22996)</system-out>
        </testcase>
        <system-out>Suite result: ok. 1 passed; 0 failed; 0 skipped; finished in 144.32ms (42.88µs CPU time)</system-out>
    </testsuite>
    <testsuite name="test/L1/ETHLockbox.t.sol:ETHLockbox_UnlockETH_Test" tests="6" disabled="0" errors="0" failures="0" time="0.278">
        <testcase name="testFuzz_unlockETH_insufficientBalance_reverts(uint256)" time="0.024">
            <system-out>[PASS] testFuzz_unlockETH_insufficientBalance_reverts(uint256) (runs: 66, μ: 60878, ~: 60871)</system-out>
        </testcase>
        <testcase name="testFuzz_unlockETH_multiplePortals_succeeds(address,uint256)" time="0.025">
            <system-out>[PASS] testFuzz_unlockETH_multiplePortals_succeeds(address,uint256) (runs: 66, μ: 118722, ~: 118722)</system-out>
        </testcase>
        <testcase name="testFuzz_unlockETH_paused_reverts(address,uint256)" time="0.021">
            <system-out>[PASS] testFuzz_unlockETH_paused_reverts(address,uint256) (runs: 66, μ: 50697, ~: 50697)</system-out>
        </testcase>
        <testcase name="testFuzz_unlockETH_succeeds(uint256)" time="0.022">
            <system-out>[PASS] testFuzz_unlockETH_succeeds(uint256) (runs: 66, μ: 71722, ~: 71722)</system-out>
        </testcase>
        <testcase name="testFuzz_unlockETH_unauthorizedPortal_reverts(address,uint256)" time="0.023">
            <system-out>[PASS] testFuzz_unlockETH_unauthorizedPortal_reverts(address,uint256) (runs: 66, μ: 56952, ~: 56952)</system-out>
        </testcase>
        <testcase name="testFuzz_unlockETH_withdrawalTransaction_reverts(uint256,address)" time="0.024">
            <system-out>[PASS] testFuzz_unlockETH_withdrawalTransaction_reverts(uint256,address) (runs: 66, μ: 60986, ~: 60984)</system-out>
        </testcase>
        <system-out>Suite result: ok. 6 passed; 0 failed; 0 skipped; finished in 278.13ms (139.20ms CPU time)</system-out>
    </testsuite>
    <testsuite name="test/L1/ETHLockbox.t.sol:ETHLockbox_Version_Test" tests="1" disabled="0" errors="0" failures="0" time="0.477">
        <testcase name="test_version_succeeds()" time="0.000">
            <system-out>[PASS] test_version_succeeds() (gas: 11267)</system-out>
        </testcase>
        <system-out>Suite result: ok. 1 passed; 0 failed; 0 skipped; finished in 476.62ms (78.00µs CPU time)</system-out>
    </testsuite>
    <testsuite name="test/L1/L1CrossDomainMessenger.t.sol:L1CrossDomainMessenger_Constructor_Test" tests="1" disabled="0" errors="0" failures="0" time="0.396">
        <testcase name="test_constructor_succeeds()" time="0.000">
            <system-out>[PASS] test_constructor_succeeds() (gas: 31632)</system-out>
        </testcase>
        <system-out>Suite result: ok. 1 passed; 0 failed; 0 skipped; finished in 395.94ms (94.67µs CPU time)</system-out>
    </testsuite>
    <testsuite name="test/L1/L1CrossDomainMessenger.t.sol:L1CrossDomainMessenger_Initialize_Test" tests="5" disabled="0" errors="0" failures="0" time="44.953">
        <testcase name="testFuzz_initialize_anyPortal_succeeds(address)" time="13.646">
            <system-out>[PASS] testFuzz_initialize_anyPortal_succeeds(address) (runs: 65, μ: 116515, ~: 116496)</system-out>
        </testcase>
        <testcase name="testFuzz_initialize_anySystemConfig_succeeds(address)" time="15.087">
            <system-out>[PASS] testFuzz_initialize_anySystemConfig_succeeds(address) (runs: 66, μ: 116547, ~: 116532)</system-out>
        </testcase>
        <testcase name="testFuzz_initialize_notProxyAdminOrProxyAdminOwner_reverts(address)" time="15.557">
            <system-out>[PASS] testFuzz_initialize_notProxyAdminOrProxyAdminOwner_reverts(address) (runs: 66, μ: 141912, ~: 141912)</system-out>
        </testcase>
        <testcase name="test_initialize_correctInitializerValue_succeeds()" time="0.198">
            <system-out>[PASS] test_initialize_correctInitializerValue_succeeds() (gas: 119159)</system-out>
        </testcase>
        <testcase name="test_initialize_succeeds()" time="0.000">
            <system-out>[PASS] test_initialize_succeeds() (gas: 59968)</system-out>
        </testcase>
        <system-out>Suite result: ok. 5 passed; 0 failed; 0 skipped; finished in 44.95s (44.49s CPU time)</system-out>
    </testsuite>
    <testsuite name="test/L1/L1CrossDomainMessenger.t.sol:L1CrossDomainMessenger_Paused_Test" tests="2" disabled="0" errors="0" failures="0" time="0.571">
        <testcase name="test_pause_callsSuperchainConfig_succeeds()" time="0.000">
            <system-out>[PASS] test_pause_callsSuperchainConfig_succeeds() (gas: 63648)</system-out>
        </testcase>
        <testcase name="test_pause_matchesSuperchainConfig_succeeds()" time="0.000">
            <system-out>[PASS] test_pause_matchesSuperchainConfig_succeeds() (gas: 122257)</system-out>
        </testcase>
        <system-out>Suite result: ok. 2 passed; 0 failed; 0 skipped; finished in 570.93ms (516.88µs CPU time)</system-out>
    </testsuite>
    <testsuite name="test/L1/L1CrossDomainMessenger.t.sol:L1CrossDomainMessenger_SendMessage_Test" tests="5" disabled="0" errors="0" failures="0" time="1.796">
        <testcase name="testFuzz_sendMessage_varyingInputs_succeeds(uint32,bytes,address)" time="0.697">
            <system-out>[PASS] testFuzz_sendMessage_varyingInputs_succeeds(uint32,bytes,address) (runs: 66, μ: 929052, ~: 927300)</system-out>
        </testcase>
        <testcase name="test_sendMessage_highGasLimit_reverts()" time="0.018">
            <system-out>[PASS] test_sendMessage_highGasLimit_reverts() (gas: 72937)</system-out>
        </testcase>
        <testcase name="test_sendMessage_succeeds()" time="0.001">
            <system-out>[PASS] test_sendMessage_succeeds() (gas: 422054)</system-out>
        </testcase>
        <testcase name="test_sendMessage_twice_succeeds()" time="0.003">
            <system-out>[PASS] test_sendMessage_twice_succeeds() (gas: 1725800)</system-out>
        </testcase>
        <testcase name="test_sendMessage_zeroGasLimit_succeeds()" time="0.002">
            <system-out>[PASS] test_sendMessage_zeroGasLimit_succeeds() (gas: 391273)</system-out>
        </testcase>
        <system-out>Suite result: ok. 5 passed; 0 failed; 0 skipped; finished in 1.80s (720.65ms CPU time)</system-out>
    </testsuite>
    <testsuite name="test/L1/L1CrossDomainMessenger.t.sol:L1CrossDomainMessenger_SuperchainConfig_Test" tests="1" disabled="0" errors="0" failures="0" time="1.005">
        <testcase name="test_superchainConfig_succeeds()" time="0.000">
            <system-out>[PASS] test_superchainConfig_succeeds() (gas: 36534)</system-out>
        </testcase>
        <system-out>Suite result: ok. 1 passed; 0 failed; 0 skipped; finished in 1.00s (137.50µs CPU time)</system-out>
    </testsuite>
    <testsuite name="test/L1/L1CrossDomainMessenger.t.sol:L1CrossDomainMessenger_Uncategorized_Test" tests="23" disabled="0" errors="0" failures="0" time="1.822">
        <testcase name="testFuzz_encodingOverhead_sufficient_succeeds(uint240,uint16,address,address,uint256,uint256,bytes)" time="0.205">
            <system-out>[PASS] testFuzz_encodingOverhead_sufficient_succeeds(uint240,uint16,address,address,uint256,uint256,bytes) (runs: 66, μ: 36104, ~: 36815)</system-out>
        </testcase>
        <testcase name="testFuzz_relayMessage_baseGasSufficient_succeeds(uint24,uint32,uint32)" time="0.901">
            <system-out>[PASS] testFuzz_relayMessage_baseGasSufficient_succeeds(uint24,uint32,uint32) (runs: 66, μ: 3051860, ~: 1968517)</system-out>
        </testcase>
        <testcase name="testFuzz_relayMessage_varyingInputs_succeeds(address,uint32,bytes)" time="0.025">
            <system-out>[PASS] testFuzz_relayMessage_varyingInputs_succeeds(address,uint32,bytes) (runs: 66, μ: 114089, ~: 113918)</system-out>
        </testcase>
        <testcase name="test_messageVersion_succeeds()" time="0.000">
            <system-out>[PASS] test_messageVersion_succeeds() (gas: 27705)</system-out>
        </testcase>
        <testcase name="test_relayMessage_fromOtherMessengerFailedMessageReplay_reverts()" time="0.019">
            <system-out>[PASS] test_relayMessage_fromOtherMessengerFailedMessageReplay_reverts() (gas: 8797746687696190704)</system-out>
        </testcase>
        <testcase name="test_relayMessage_fromOtherMessengerValueMismatch_reverts()" time="0.000">
            <system-out>[PASS] test_relayMessage_fromOtherMessengerValueMismatch_reverts() (gas: 81406)</system-out>
        </testcase>
        <testcase name="test_relayMessage_legacyOldReplay_reverts()" time="0.000">
            <system-out>[PASS] test_relayMessage_legacyOldReplay_reverts() (gas: 88866)</system-out>
        </testcase>
        <testcase name="test_relayMessage_legacyRetryAfterFailureThenSuccess_reverts()" time="0.001">
            <system-out>[PASS] test_relayMessage_legacyRetryAfterFailureThenSuccess_reverts() (gas: 288786)</system-out>
        </testcase>
        <testcase name="test_relayMessage_legacyRetryAfterFailure_succeeds()" time="0.000">
            <system-out>[PASS] test_relayMessage_legacyRetryAfterFailure_succeeds() (gas: 276455)</system-out>
        </testcase>
        <testcase name="test_relayMessage_legacyRetryAfterSuccess_reverts()" time="0.000">
            <system-out>[PASS] test_relayMessage_legacyRetryAfterSuccess_reverts() (gas: 170443)</system-out>
        </testcase>
        <testcase name="test_relayMessage_legacy_succeeds()" time="0.000">
            <system-out>[PASS] test_relayMessage_legacy_succeeds() (gas: 116929)</system-out>
        </testcase>
        <testcase name="test_relayMessage_paused_reverts()" time="0.000">
            <system-out>[PASS] test_relayMessage_paused_reverts() (gas: 90555)</system-out>
        </testcase>
        <testcase name="test_relayMessage_relayingNewMessageByExternalUser_reverts()" time="0.000">
            <system-out>[PASS] test_relayMessage_relayingNewMessageByExternalUser_reverts() (gas: 74539)</system-out>
        </testcase>
        <testcase name="test_relayMessage_replayStraddlingReinit_reverts()" time="0.000">
            <system-out>[PASS] test_relayMessage_replayStraddlingReinit_reverts() (gas: 124031)</system-out>
        </testcase>
        <testcase name="test_relayMessage_retryAfterFailure_succeeds()" time="0.000">
            <system-out>[PASS] test_relayMessage_retryAfterFailure_succeeds() (gas: 270439)</system-out>
        </testcase>
        <testcase name="test_relayMessage_succeeds()" time="0.000">
            <system-out>[PASS] test_relayMessage_succeeds() (gas: 113600)</system-out>
        </testcase>
        <testcase name="test_relayMessage_toOptimismPortal_reverts()" time="0.000">
            <system-out>[PASS] test_relayMessage_toOptimismPortal_reverts() (gas: 74308)</system-out>
        </testcase>
        <testcase name="test_relayMessage_toSelf_reverts()" time="0.000">
            <system-out>[PASS] test_relayMessage_toSelf_reverts() (gas: 74159)</system-out>
        </testcase>
        <testcase name="test_relayMessage_v2_reverts()" time="0.000">
            <system-out>[PASS] test_relayMessage_v2_reverts() (gas: 64755)</system-out>
        </testcase>
        <testcase name="test_replayMessage_withValue_reverts()" time="0.000">
            <system-out>[PASS] test_replayMessage_withValue_reverts() (gas: 72227)</system-out>
        </testcase>
        <testcase name="test_xDomainMessageSender_duringSend_reverts()" time="0.000">
            <system-out>[PASS] test_xDomainMessageSender_duringSend_reverts() (gas: 24339)</system-out>
        </testcase>
        <testcase name="test_xDomainMessageSender_reset_succeeds()" time="0.000">
            <system-out>[PASS] test_xDomainMessageSender_reset_succeeds() (gas: 122128)</system-out>
        </testcase>
        <testcase name="test_xDomainSender_notSet_reverts()" time="0.000">
            <system-out>[PASS] test_xDomainSender_notSet_reverts() (gas: 24381)</system-out>
        </testcase>
        <system-out>Suite result: ok. 23 passed; 0 failed; 0 skipped; finished in 1.82s (1.15s CPU time)</system-out>
    </testsuite>
    <testsuite name="test/L1/L1CrossDomainMessenger.t.sol:L1CrossDomainMessenger_Upgrade_Test" tests="3" disabled="0" errors="0" failures="0" time="16.159">
        <testcase name="testFuzz_upgrade_notProxyAdminOrProxyAdminOwner_reverts(address)" time="15.458">
            <system-out>[PASS] testFuzz_upgrade_notProxyAdminOrProxyAdminOwner_reverts(address) (runs: 66, μ: 137603, ~: 137603)</system-out>
        </testcase>
        <testcase name="test_upgrade_succeeds()" time="0.541">
            <system-out>[PASS] test_upgrade_succeeds() (gas: 191861)</system-out>
        </testcase>
        <testcase name="test_upgrade_upgradeTwice_reverts()" time="0.297">
            <system-out>[PASS] test_upgrade_upgradeTwice_reverts() (gas: 113085)</system-out>
        </testcase>
        <system-out>Suite result: ok. 3 passed; 0 failed; 0 skipped; finished in 16.16s (16.30s CPU time)</system-out>
    </testsuite>
    <testsuite name="test/L1/L1CrossDomainMessenger.t.sol:L1CrossDomainMessenger_portal_Test" tests="1" disabled="0" errors="0" failures="0" time="0.485">
        <testcase name="test_portal_succeeds()" time="0.000">
            <system-out>[PASS] test_portal_succeeds() (gas: 33667)</system-out>
        </testcase>
        <system-out>Suite result: ok. 1 passed; 0 failed; 0 skipped; finished in 484.55ms (135.33µs CPU time)</system-out>
    </testsuite>
    <testsuite name="test/L1/L1ERC721Bridge.t.sol:L1ERC721Bridge_Constructor_Test" tests="1" disabled="0" errors="0" failures="0" time="0.239">
        <testcase name="test_constructor_succeeds()" time="0.000">
            <system-out>[PASS] test_constructor_succeeds() (gas: 20104)</system-out>
        </testcase>
        <system-out>Suite result: ok. 1 passed; 0 failed; 0 skipped; finished in 239.00ms (202.96µs CPU time)</system-out>
    </testsuite>
    <testsuite name="test/L1/L1ERC721Bridge.t.sol:L1ERC721Bridge_FinalizeBridgeERC721_Test" tests="8" disabled="0" errors="0" failures="0" time="0.477">
        <testcase name="testFuzz_finalizeBridgeERC721_invalidCaller_reverts(address)" time="0.040">
            <system-out>[PASS] testFuzz_finalizeBridgeERC721_invalidCaller_reverts(address) (runs: 66, μ: 25761, ~: 25761)</system-out>
        </testcase>
        <testcase name="testFuzz_finalizeBridgeERC721_randomAddresses_succeeds(address,address)" time="0.155">
            <system-out>[PASS] testFuzz_finalizeBridgeERC721_randomAddresses_succeeds(address,address) (runs: 66, μ: 503799, ~: 503802)</system-out>
        </testcase>
        <testcase name="test_finalizeBridgeERC721_notEscrowed_reverts()" time="0.000">
            <system-out>[PASS] test_finalizeBridgeERC721_notEscrowed_reverts() (gas: 70564)</system-out>
        </testcase>
        <testcase name="test_finalizeBridgeERC721_notFromRemoteMessenger_reverts()" time="0.000">
            <system-out>[PASS] test_finalizeBridgeERC721_notFromRemoteMessenger_reverts() (gas: 29275)</system-out>
        </testcase>
        <testcase name="test_finalizeBridgeERC721_notViaLocalMessenger_reverts()" time="0.000">
            <system-out>[PASS] test_finalizeBridgeERC721_notViaLocalMessenger_reverts() (gas: 23293)</system-out>
        </testcase>
        <testcase name="test_finalizeBridgeERC721_paused_reverts()" time="0.000">
            <system-out>[PASS] test_finalizeBridgeERC721_paused_reverts() (gas: 102719)</system-out>
        </testcase>
        <testcase name="test_finalizeBridgeERC721_selfToken_reverts()" time="0.000">
            <system-out>[PASS] test_finalizeBridgeERC721_selfToken_reverts() (gas: 66126)</system-out>
        </testcase>
        <testcase name="test_finalizeBridgeERC721_succeeds()" time="0.001">
            <system-out>[PASS] test_finalizeBridgeERC721_succeeds() (gas: 483479)</system-out>
        </testcase>
        <system-out>Suite result: ok. 8 passed; 0 failed; 0 skipped; finished in 476.86ms (195.18ms CPU time)</system-out>
    </testsuite>
    <testsuite name="test/L1/L1ERC721Bridge.t.sol:L1ERC721Bridge_Initialize_Test" tests="3" disabled="0" errors="0" failures="0" time="14.135">
        <testcase name="testFuzz_initialize_notProxyAdminOrProxyAdminOwner_reverts(address)" time="13.915">
            <system-out>[PASS] testFuzz_initialize_notProxyAdminOrProxyAdminOwner_reverts(address) (runs: 66, μ: 100546, ~: 100546)</system-out>
        </testcase>
        <testcase name="test_initialize_correctInitializerValue_succeeds()" time="0.253">
            <system-out>[PASS] test_initialize_correctInitializerValue_succeeds() (gas: 82737)</system-out>
        </testcase>
        <testcase name="test_initialize_succeeds()" time="0.001">
            <system-out>[PASS] test_initialize_succeeds() (gas: 44170)</system-out>
        </testcase>
        <system-out>Suite result: ok. 3 passed; 0 failed; 0 skipped; finished in 14.14s (14.17s CPU time)</system-out>
    </testsuite>
    <testsuite name="test/L1/L1ERC721Bridge.t.sol:L1ERC721Bridge_Paused_Test" tests="3" disabled="0" errors="0" failures="0" time="0.190">
        <testcase name="test_pause_callsSuperchainConfig_succeeds()" time="0.000">
            <system-out>[PASS] test_pause_callsSuperchainConfig_succeeds() (gas: 54846)</system-out>
        </testcase>
        <testcase name="test_pause_matchesSuperchainConfig_succeeds()" time="0.000">
            <system-out>[PASS] test_pause_matchesSuperchainConfig_succeeds() (gas: 117869)</system-out>
        </testcase>
        <testcase name="test_paused_succeeds()" time="0.000">
            <system-out>[PASS] test_paused_succeeds() (gas: 60348)</system-out>
        </testcase>
        <system-out>Suite result: ok. 3 passed; 0 failed; 0 skipped; finished in 189.82ms (242.96µs CPU time)</system-out>
    </testsuite>
    <testsuite name="test/L1/L1ERC721Bridge.t.sol:L1ERC721Bridge_SuperchainConfig_Test" tests="1" disabled="0" errors="0" failures="0" time="0.241">
        <testcase name="test_superchainConfig_succeeds()" time="0.000">
            <system-out>[PASS] test_superchainConfig_succeeds() (gas: 29135)</system-out>
        </testcase>
        <system-out>Suite result: ok. 1 passed; 0 failed; 0 skipped; finished in 240.95ms (71.13µs CPU time)</system-out>
    </testsuite>
    <testsuite name="test/L1/L1ERC721Bridge.t.sol:L1ERC721Bridge_Uncategorized_Test" tests="13" disabled="0" errors="0" failures="0" time="2.222">
        <testcase name="testFuzz_bridgeERC721To_validRecipient_succeeds(address)" time="0.151">
            <system-out>[PASS] testFuzz_bridgeERC721To_validRecipient_succeeds(address) (runs: 65, μ: 479993, ~: 479993)</system-out>
        </testcase>
        <testcase name="testFuzz_bridgeERC721_variousGasLimits_succeeds(uint32)" time="1.686">
            <system-out>[PASS] testFuzz_bridgeERC721_variousGasLimits_succeeds(uint32) (runs: 65, μ: 6134843, ~: 8219574)</system-out>
        </testcase>
        <testcase name="test_bridgeERC721To_localTokenZeroAddress_reverts()" time="0.000">
            <system-out>[PASS] test_bridgeERC721To_localTokenZeroAddress_reverts() (gas: 61149)</system-out>
        </testcase>
        <testcase name="test_bridgeERC721To_remoteTokenZeroAddress_reverts()" time="0.000">
            <system-out>[PASS] test_bridgeERC721To_remoteTokenZeroAddress_reverts() (gas: 38024)</system-out>
        </testcase>
        <testcase name="test_bridgeERC721To_succeeds()" time="0.017">
            <system-out>[PASS] test_bridgeERC721To_succeeds() (gas: 485893)</system-out>
        </testcase>
        <testcase name="test_bridgeERC721To_toZeroAddress_reverts()" time="0.019">
            <system-out>[PASS] test_bridgeERC721To_toZeroAddress_reverts() (gas: 20986)</system-out>
        </testcase>
        <testcase name="test_bridgeERC721To_wrongOwner_reverts()" time="0.016">
            <system-out>[PASS] test_bridgeERC721To_wrongOwner_reverts() (gas: 71615)</system-out>
        </testcase>
        <testcase name="test_bridgeERC721_fromContract_reverts()" time="0.014">
            <system-out>[PASS] test_bridgeERC721_fromContract_reverts() (gas: 36526)</system-out>
        </testcase>
        <testcase name="test_bridgeERC721_fromEOA7702_succeeds()" time="0.018">
            <system-out>[PASS] test_bridgeERC721_fromEOA7702_succeeds() (gas: 486788)</system-out>
        </testcase>
        <testcase name="test_bridgeERC721_fromEOA_succeeds()" time="0.002">
            <system-out>[PASS] test_bridgeERC721_fromEOA_succeeds() (gas: 485626)</system-out>
        </testcase>
        <testcase name="test_bridgeERC721_localTokenZeroAddress_reverts()" time="0.000">
            <system-out>[PASS] test_bridgeERC721_localTokenZeroAddress_reverts() (gas: 59036)</system-out>
        </testcase>
        <testcase name="test_bridgeERC721_remoteTokenZeroAddress_reverts()" time="0.000">
            <system-out>[PASS] test_bridgeERC721_remoteTokenZeroAddress_reverts() (gas: 35869)</system-out>
        </testcase>
        <testcase name="test_bridgeERC721_wrongOwner_reverts()" time="0.034">
            <system-out>[PASS] test_bridgeERC721_wrongOwner_reverts() (gas: 71519)</system-out>
        </testcase>
        <system-out>Suite result: ok. 13 passed; 0 failed; 0 skipped; finished in 2.22s (1.96s CPU time)</system-out>
    </testsuite>
    <testsuite name="test/L1/L1ERC721Bridge.t.sol:L1ERC721Bridge_Upgrade_Test" tests="3" disabled="0" errors="0" failures="0" time="15.629">
        <testcase name="testFuzz_upgrade_notProxyAdminOrProxyAdminOwner_reverts(address)" time="14.160">
            <system-out>[PASS] testFuzz_upgrade_notProxyAdminOrProxyAdminOwner_reverts(address) (runs: 65, μ: 96170, ~: 96170)</system-out>
        </testcase>
        <testcase name="test_upgrade_succeeds()" time="0.553">
            <system-out>[PASS] test_upgrade_succeeds() (gas: 129208)</system-out>
        </testcase>
        <testcase name="test_upgrade_upgradeTwice_reverts()" time="0.257">
            <system-out>[PASS] test_upgrade_upgradeTwice_reverts() (gas: 73435)</system-out>
        </testcase>
        <system-out>Suite result: ok. 3 passed; 0 failed; 0 skipped; finished in 15.63s (14.97s CPU time)</system-out>
    </testsuite>
    <testsuite name="test/L1/L1ERC721Bridge.t.sol:L1ERC721Bridge_Version_Test" tests="1" disabled="0" errors="0" failures="0" time="0.302">
        <testcase name="test_version_succeeds()" time="0.000">
            <system-out>[PASS] test_version_succeeds() (gas: 14835)</system-out>
        </testcase>
        <system-out>Suite result: ok. 1 passed; 0 failed; 0 skipped; finished in 301.79ms (70.58µs CPU time)</system-out>
    </testsuite>
    <testsuite name="test/L1/L1StandardBridge.t.sol:L1StandardBridge_Constructor_Test" tests="1" disabled="0" errors="0" failures="0" time="0.206">
        <testcase name="test_constructor_succeeds()" time="0.000">
            <system-out>[PASS] test_constructor_succeeds() (gas: 22725)</system-out>
        </testcase>
        <system-out>Suite result: ok. 1 passed; 0 failed; 0 skipped; finished in 206.44ms (166.79µs CPU time)</system-out>
    </testsuite>
    <testsuite name="test/L1/L1StandardBridge.t.sol:L1StandardBridge_DepositERC20To_Test" tests="2" disabled="0" errors="0" failures="0" time="0.238">
        <testcase name="test_depositERC20To_succeeds()" time="0.001">
            <system-out>[PASS] test_depositERC20To_succeeds() (gas: 834756)</system-out>
        </testcase>
        <testcase name="test_depositERC20To_zeroAmount_succeeds()" time="0.001">
            <system-out>[PASS] test_depositERC20To_zeroAmount_succeeds() (gas: 722947)</system-out>
        </testcase>
        <system-out>Suite result: ok. 2 passed; 0 failed; 0 skipped; finished in 237.97ms (2.40ms CPU time)</system-out>
    </testsuite>
    <testsuite name="test/L1/L1StandardBridge.t.sol:L1StandardBridge_DepositERC20_Test" tests="3" disabled="0" errors="0" failures="0" time="2.534">
        <testcase name="testFuzz_depositERC20_amountAndGas_succeeds(uint256,uint32)" time="2.276">
            <system-out>[PASS] testFuzz_depositERC20_amountAndGas_succeeds(uint256,uint32) (runs: 66, μ: 6626211, ~: 8336931)</system-out>
        </testcase>
        <testcase name="test_depositERC20_notEoa_reverts()" time="0.000">
            <system-out>[PASS] test_depositERC20_notEoa_reverts() (gas: 24910)</system-out>
        </testcase>
        <testcase name="test_depositERC20_succeeds()" time="0.002">
            <system-out>[PASS] test_depositERC20_succeeds() (gas: 832231)</system-out>
        </testcase>
        <system-out>Suite result: ok. 3 passed; 0 failed; 0 skipped; finished in 2.53s (2.28s CPU time)</system-out>
    </testsuite>
    <testsuite name="test/L1/L1StandardBridge.t.sol:L1StandardBridge_DepositETHTo_Test" tests="2" disabled="0" errors="0" failures="0" time="0.672">
        <testcase name="testFuzz_depositETHTo_randomRecipient_succeeds(address,uint256)" time="0.177">
            <system-out>[PASS] testFuzz_depositETHTo_randomRecipient_succeeds(address,uint256) (runs: 66, μ: 502740, ~: 502808)</system-out>
        </testcase>
        <testcase name="test_depositETHTo_succeeds()" time="0.022">
            <system-out>[PASS] test_depositETHTo_succeeds() (gas: 553109)</system-out>
        </testcase>
        <system-out>Suite result: ok. 2 passed; 0 failed; 0 skipped; finished in 672.41ms (198.68ms CPU time)</system-out>
    </testsuite>
    <testsuite name="test/L1/L1StandardBridge.t.sol:L1StandardBridge_DepositETH_Test" tests="3" disabled="0" errors="0" failures="0" time="0.435">
        <testcase name="test_depositETH_fromEOA7702_succeeds()" time="0.002">
            <system-out>[PASS] test_depositETH_fromEOA7702_succeeds() (gas: 542811)</system-out>
        </testcase>
        <testcase name="test_depositETH_fromEOA_succeeds()" time="0.001">
            <system-out>[PASS] test_depositETH_fromEOA_succeeds() (gas: 541863)</system-out>
        </testcase>
        <testcase name="test_depositETH_notEoa_reverts()" time="0.000">
            <system-out>[PASS] test_depositETH_notEoa_reverts() (gas: 43409)</system-out>
        </testcase>
        <system-out>Suite result: ok. 3 passed; 0 failed; 0 skipped; finished in 434.61ms (3.44ms CPU time)</system-out>
    </testsuite>
    <testsuite name="test/L1/L1StandardBridge.t.sol:L1StandardBridge_FinalizeERC20Withdrawal_Test" tests="3" disabled="0" errors="0" failures="0" time="0.585">
        <testcase name="testFuzz_finalizeERC20Withdrawal_notMessenger_reverts(address)" time="0.102">
            <system-out>[PASS] testFuzz_finalizeERC20Withdrawal_notMessenger_reverts(address) (runs: 66, μ: 42485, ~: 42485)</system-out>
        </testcase>
        <testcase name="test_finalizeERC20Withdrawal_notOtherBridge_reverts()" time="0.001">
            <system-out>[PASS] test_finalizeERC20Withdrawal_notOtherBridge_reverts() (gas: 40018)</system-out>
        </testcase>
        <testcase name="test_finalizeERC20Withdrawal_succeeds()" time="0.001">
            <system-out>[PASS] test_finalizeERC20Withdrawal_succeeds() (gas: 600976)</system-out>
        </testcase>
        <system-out>Suite result: ok. 3 passed; 0 failed; 0 skipped; finished in 585.18ms (104.41ms CPU time)</system-out>
    </testsuite>
    <testsuite name="test/L1/L1StandardBridge.t.sol:L1StandardBridge_FinalizeETHWithdrawal_Test" tests="1" disabled="0" errors="0" failures="0" time="0.443">
        <testcase name="test_finalizeETHWithdrawal_succeeds()" time="0.000">
            <system-out>[PASS] test_finalizeETHWithdrawal_succeeds() (gas: 111855)</system-out>
        </testcase>
        <system-out>Suite result: ok. 1 passed; 0 failed; 0 skipped; finished in 442.91ms (449.33µs CPU time)</system-out>
    </testsuite>
    <testsuite name="test/L1/L1StandardBridge.t.sol:L1StandardBridge_Initialize_Test" tests="3" disabled="0" errors="0" failures="0" time="16.046">
        <testcase name="testFuzz_initialize_notProxyAdminOrProxyAdminOwner_reverts(address)" time="15.476">
            <system-out>[PASS] testFuzz_initialize_notProxyAdminOrProxyAdminOwner_reverts(address) (runs: 66, μ: 104857, ~: 104857)</system-out>
        </testcase>
        <testcase name="test_initialize_correctInitializerValue_succeeds()" time="0.250">
            <system-out>[PASS] test_initialize_correctInitializerValue_succeeds() (gas: 91615)</system-out>
        </testcase>
        <testcase name="test_initialize_succeeds()" time="0.023">
            <system-out>[PASS] test_initialize_succeeds() (gas: 46276)</system-out>
        </testcase>
        <system-out>Suite result: ok. 3 passed; 0 failed; 0 skipped; finished in 16.05s (15.75s CPU time)</system-out>
    </testsuite>
    <testsuite name="test/L1/L1StandardBridge.t.sol:L1StandardBridge_Paused_Test" tests="7" disabled="0" errors="0" failures="0" time="0.639">
        <testcase name="test_paused_callsSuperchainConfig_succeeds()" time="0.000">
            <system-out>[PASS] test_paused_callsSuperchainConfig_succeeds() (gas: 62627)</system-out>
        </testcase>
        <testcase name="test_paused_finalizeBridgeERC20_reverts()" time="0.000">
            <system-out>[PASS] test_paused_finalizeBridgeERC20_reverts() (gas: 118740)</system-out>
        </testcase>
        <testcase name="test_paused_finalizeBridgeETH_reverts()" time="0.000">
            <system-out>[PASS] test_paused_finalizeBridgeETH_reverts() (gas: 125241)</system-out>
        </testcase>
        <testcase name="test_paused_finalizeERC20Withdrawal_reverts()" time="0.000">
            <system-out>[PASS] test_paused_finalizeERC20Withdrawal_reverts() (gas: 118839)</system-out>
        </testcase>
        <testcase name="test_paused_finalizeETHWithdrawal_reverts()" time="0.000">
            <system-out>[PASS] test_paused_finalizeETHWithdrawal_reverts() (gas: 125215)</system-out>
        </testcase>
        <testcase name="test_paused_matchesSuperchainConfig_succeeds()" time="0.000">
            <system-out>[PASS] test_paused_matchesSuperchainConfig_succeeds() (gas: 129521)</system-out>
        </testcase>
        <testcase name="test_paused_succeeds()" time="0.000">
            <system-out>[PASS] test_paused_succeeds() (gas: 68131)</system-out>
        </testcase>
        <system-out>Suite result: ok. 7 passed; 0 failed; 0 skipped; finished in 639.17ms (753.96µs CPU time)</system-out>
    </testsuite>
    <testsuite name="test/L1/L1StandardBridge.t.sol:L1StandardBridge_Receive_Test" tests="2" disabled="0" errors="0" failures="0" time="0.322">
        <testcase name="test_receive_notEOA_reverts()" time="0.000">
            <system-out>[PASS] test_receive_notEOA_reverts() (gas: 31890)</system-out>
        </testcase>
        <testcase name="test_receive_succeeds()" time="0.001">
            <system-out>[PASS] test_receive_succeeds() (gas: 653375)</system-out>
        </testcase>
        <system-out>Suite result: ok. 2 passed; 0 failed; 0 skipped; finished in 322.45ms (1.10ms CPU time)</system-out>
    </testsuite>
    <testsuite name="test/L1/L1StandardBridge.t.sol:L1StandardBridge_Uncategorized_Test" tests="7" disabled="0" errors="0" failures="0" time="0.329">
        <testcase name="test_bridgeETHTo_succeeds()" time="0.002">
            <system-out>[PASS] test_bridgeETHTo_succeeds() (gas: 553098)</system-out>
        </testcase>
        <testcase name="test_bridgeETH_succeeds()" time="0.001">
            <system-out>[PASS] test_bridgeETH_succeeds() (gas: 541882)</system-out>
        </testcase>
        <testcase name="test_finalizeBridgeETH_incorrectValue_reverts()" time="0.000">
            <system-out>[PASS] test_finalizeBridgeETH_incorrectValue_reverts() (gas: 81566)</system-out>
        </testcase>
        <testcase name="test_finalizeBridgeETH_sendToMessenger_reverts()" time="0.000">
            <system-out>[PASS] test_finalizeBridgeETH_sendToMessenger_reverts() (gas: 81709)</system-out>
        </testcase>
        <testcase name="test_finalizeBridgeETH_sendToSelf_reverts()" time="0.000">
            <system-out>[PASS] test_finalizeBridgeETH_sendToSelf_reverts() (gas: 81549)</system-out>
        </testcase>
        <testcase name="test_finalizeBridgeETH_succeeds()" time="0.000">
            <system-out>[PASS] test_finalizeBridgeETH_succeeds() (gas: 99011)</system-out>
        </testcase>
        <testcase name="test_getters_succeeds()" time="0.000">
            <system-out>[PASS] test_getters_succeeds() (gas: 56001)</system-out>
        </testcase>
        <system-out>Suite result: ok. 7 passed; 0 failed; 0 skipped; finished in 328.65ms (3.17ms CPU time)</system-out>
    </testsuite>
    <testsuite name="test/L1/L1StandardBridge.t.sol:L1StandardBridge_Upgrade_Test" tests="3" disabled="0" errors="0" failures="0" time="15.946">
        <testcase name="testFuzz_upgrade_notProxyAdminOrProxyAdminOwner_reverts(address)" time="14.952">
            <system-out>[PASS] testFuzz_upgrade_notProxyAdminOrProxyAdminOwner_reverts(address) (runs: 66, μ: 100548, ~: 100548)</system-out>
        </testcase>
        <testcase name="test_upgrade_succeeds()" time="0.472">
            <system-out>[PASS] test_upgrade_succeeds() (gas: 138760)</system-out>
        </testcase>
        <testcase name="test_upgrade_upgradeTwice_reverts()" time="0.245">
            <system-out>[PASS] test_upgrade_upgradeTwice_reverts() (gas: 82013)</system-out>
        </testcase>
        <system-out>Suite result: ok. 3 passed; 0 failed; 0 skipped; finished in 15.95s (15.67s CPU time)</system-out>
    </testsuite>
    <testsuite name="test/L1/OPContractsManager.t.sol:OPContractsManager_AddGameType_Test" tests="10" disabled="0" errors="0" failures="0" time="0.330">
        <testcase name="test_addGameType_duplicateGameType_reverts()" time="0.001">
            <system-out>[PASS] test_addGameType_duplicateGameType_reverts() (gas: 5681054)</system-out>
        </testcase>
        <testcase name="test_addGameType_notDelegateCall_reverts()" time="0.000">
            <system-out>[PASS] test_addGameType_notDelegateCall_reverts() (gas: 62369)</system-out>
        </testcase>
        <testcase name="test_addGameType_outOfOrderInputs_reverts()" time="0.000">
            <system-out>[PASS] test_addGameType_outOfOrderInputs_reverts() (gas: 721294)</system-out>
        </testcase>
        <testcase name="test_addGameType_permissionedSuper_succeeds()" time="0.001">
            <system-out>[PASS] test_addGameType_permissionedSuper_succeeds() (gas: 5486824)</system-out>
        </testcase>
        <testcase name="test_addGameType_permissioned_succeeds()" time="0.001">
            <system-out>[PASS] test_addGameType_permissioned_succeeds() (gas: 5821681)</system-out>
        </testcase>
        <testcase name="test_addGameType_permissionlessSuper_succeeds()" time="0.019">
            <system-out>[PASS] test_addGameType_permissionlessSuper_succeeds() (gas: 5354053)</system-out>
        </testcase>
        <testcase name="test_addGameType_permissionless_succeeds()" time="0.021">
            <system-out>[PASS] test_addGameType_permissionless_succeeds() (gas: 5718246)</system-out>
        </testcase>
        <testcase name="test_addGameType_reusedDelayedWETH_succeeds()" time="0.035">
            <system-out>[PASS] test_addGameType_reusedDelayedWETH_succeeds() (gas: 6408006)</system-out>
        </testcase>
        <testcase name="test_addGameType_unsupportedGameType_reverts()" time="0.001">
            <system-out>[PASS] test_addGameType_unsupportedGameType_reverts() (gas: 701501)</system-out>
        </testcase>
        <testcase name="test_addGameType_zeroLengthInput_reverts()" time="0.000">
            <system-out>[PASS] test_addGameType_zeroLengthInput_reverts() (gas: 14947)</system-out>
        </testcase>
        <system-out>Suite result: ok. 10 passed; 0 failed; 0 skipped; finished in 330.37ms (78.39ms CPU time)</system-out>
    </testsuite>
    <testsuite name="test/L1/OPContractsManager.t.sol:OPContractsManager_ChainIdToBatchInboxAddress_Test" tests="1" disabled="0" errors="0" failures="0" time="0.002">
        <testcase name="test_calculatesBatchInboxAddress_succeeds()" time="0.000">
            <system-out>[PASS] test_calculatesBatchInboxAddress_succeeds() (gas: 14617)</system-out>
        </testcase>
        <system-out>Suite result: ok. 1 passed; 0 failed; 0 skipped; finished in 1.52ms (30.75µs CPU time)</system-out>
    </testsuite>
    <testsuite name="test/L1/OPContractsManager.t.sol:OPContractsManager_Deploy_Test" tests="3" disabled="0" errors="0" failures="0" time="0.267">
        <testcase name="test_deploy_l2ChainIdEqualsCurrentChainId_reverts()" time="0.000">
            <system-out>[PASS] test_deploy_l2ChainIdEqualsCurrentChainId_reverts() (gas: 68502)</system-out>
        </testcase>
        <testcase name="test_deploy_l2ChainIdEqualsZero_reverts()" time="0.017">
            <system-out>[PASS] test_deploy_l2ChainIdEqualsZero_reverts() (gas: 68516)</system-out>
        </testcase>
        <testcase name="test_deploy_succeeds()" time="0.019">
            <system-out>[PASS] test_deploy_succeeds() (gas: 13263325)</system-out>
        </testcase>
        <system-out>Suite result: ok. 3 passed; 0 failed; 0 skipped; finished in 267.50ms (36.62ms CPU time)</system-out>
    </testsuite>
    <testsuite name="test/L1/OPContractsManager.t.sol:OPContractsManager_Migrate_Test" tests="5" disabled="0" errors="0" failures="0" time="0.300">
        <testcase name="test_migrate_mismatchedAbsolutePrestates_reverts()" time="0.005">
            <system-out>[PASS] test_migrate_mismatchedAbsolutePrestates_reverts() (gas: 53708)</system-out>
        </testcase>
        <testcase name="test_migrate_mismatchedProxyAdminOwners_reverts()" time="0.000">
            <system-out>[PASS] test_migrate_mismatchedProxyAdminOwners_reverts() (gas: 42527)</system-out>
        </testcase>
        <testcase name="test_migrate_mismatchedSuperchainConfig_reverts()" time="0.000">
            <system-out>[PASS] test_migrate_mismatchedSuperchainConfig_reverts() (gas: 80791)</system-out>
        </testcase>
        <testcase name="test_migrate_withPermissionlessGame_succeeds()" time="0.042">
            <system-out>[PASS] test_migrate_withPermissionlessGame_succeeds() (gas: 12827116)</system-out>
        </testcase>
        <testcase name="test_migrate_withoutPermissionlessGame_succeeds()" time="0.041">
            <system-out>[PASS] test_migrate_withoutPermissionlessGame_succeeds() (gas: 7621158)</system-out>
        </testcase>
        <system-out>Suite result: ok. 5 passed; 0 failed; 0 skipped; finished in 300.42ms (87.73ms CPU time)</system-out>
    </testsuite>
    <testsuite name="test/L1/OPContractsManager.t.sol:OPContractsManager_UpdatePrestate_Test" tests="5" disabled="0" errors="0" failures="0" time="0.018">
        <testcase name="test_updatePrestate_bothGamesWithValidInput_succeeds()" time="0.001">
            <system-out>[PASS] test_updatePrestate_bothGamesWithValidInput_succeeds() (gas: 15705315)</system-out>
        </testcase>
        <testcase name="test_updatePrestate_mixedGameTypes_reverts()" time="0.001">
            <system-out>[PASS] test_updatePrestate_mixedGameTypes_reverts() (gas: 10375858)</system-out>
        </testcase>
        <testcase name="test_updatePrestate_pdgOnlyWithValidInput_succeeds()" time="0.001">
            <system-out>[PASS] test_updatePrestate_pdgOnlyWithValidInput_succeeds() (gas: 5176592)</system-out>
        </testcase>
        <testcase name="test_updatePrestate_whenPDGPrestateIsZero_reverts()" time="0.000">
            <system-out>[PASS] test_updatePrestate_whenPDGPrestateIsZero_reverts() (gas: 29489)</system-out>
        </testcase>
        <testcase name="test_updatePrestate_withSuperGame_succeeds()" time="0.002">
            <system-out>[PASS] test_updatePrestate_withSuperGame_succeeds() (gas: 19929200)</system-out>
        </testcase>
        <system-out>Suite result: ok. 5 passed; 0 failed; 0 skipped; finished in 17.83ms (4.76ms CPU time)</system-out>
    </testsuite>
    <testsuite name="test/L1/OPContractsManager.t.sol:OPContractsManager_Upgrade_Test" tests="1" disabled="1" errors="0" failures="0" time="0.254">
        <testcase name="setUp()" time="0.000">
            <skipped message="skipped"/>
            <system-out>[SKIP: skipped] setUp() (gas: 0)</system-out>
        </testcase>
        <system-out>Suite result: ok. 0 passed; 0 failed; 1 skipped; finished in 253.65ms (0.00ns CPU time)</system-out>
    </testsuite>
    <testsuite name="test/L1/OPContractsManager.t.sol:OPContractsManager_Version_Test" tests="1" disabled="0" errors="0" failures="0" time="0.010">
        <testcase name="test_semver_works()" time="0.000">
            <system-out>[PASS] test_semver_works() (gas: 10455)</system-out>
        </testcase>
        <system-out>Suite result: ok. 1 passed; 0 failed; 0 skipped; finished in 10.18ms (33.67µs CPU time)</system-out>
    </testsuite>
    <testsuite name="test/L1/OPContractsManagerStandardValidator.t.sol:OPContractsManagerStandardValidator_AnchorStateRegistry_Test" tests="6" disabled="0" errors="0" failures="0" time="1.444">
        <testcase name="test_validate_anchorStateRegistryInvalidDisputeGameFactory_succeeds()" time="0.036">
            <system-out>[PASS] test_validate_anchorStateRegistryInvalidDisputeGameFactory_succeeds() (gas: 545224)</system-out>
        </testcase>
        <testcase name="test_validate_anchorStateRegistryInvalidImplementation_succeeds()" time="0.002">
            <system-out>[PASS] test_validate_anchorStateRegistryInvalidImplementation_succeeds() (gas: 542422)</system-out>
        </testcase>
        <testcase name="test_validate_anchorStateRegistryInvalidProxyAdmin_succeeds()" time="0.001">
            <system-out>[PASS] test_validate_anchorStateRegistryInvalidProxyAdmin_succeeds() (gas: 545472)</system-out>
        </testcase>
        <testcase name="test_validate_anchorStateRegistryInvalidRetirementTimestamp_succeeds()" time="0.001">
            <system-out>[PASS] test_validate_anchorStateRegistryInvalidRetirementTimestamp_succeeds() (gas: 543525)</system-out>
        </testcase>
        <testcase name="test_validate_anchorStateRegistryInvalidSystemConfig_succeeds()" time="0.039">
            <system-out>[PASS] test_validate_anchorStateRegistryInvalidSystemConfig_succeeds() (gas: 543612)</system-out>
        </testcase>
        <testcase name="test_validate_anchorStateRegistryInvalidVersion_succeeds()" time="0.004">
            <system-out>[PASS] test_validate_anchorStateRegistryInvalidVersion_succeeds() (gas: 545220)</system-out>
        </testcase>
        <system-out>Suite result: ok. 6 passed; 0 failed; 0 skipped; finished in 1.44s (82.60ms CPU time)</system-out>
    </testsuite>
    <testsuite name="test/L1/OPContractsManagerStandardValidator.t.sol:OPContractsManagerStandardValidator_CoreValidation_Test" tests="2" disabled="0" errors="0" failures="0" time="1.238">
        <testcase name="test_validate_allowFailureTrue_succeeds()" time="0.002">
            <system-out>[PASS] test_validate_allowFailureTrue_succeeds() (gas: 545489)</system-out>
        </testcase>
        <testcase name="test_validate_succeeds()" time="0.001">
            <system-out>[PASS] test_validate_succeeds() (gas: 545489)</system-out>
        </testcase>
        <system-out>Suite result: ok. 2 passed; 0 failed; 0 skipped; finished in 1.24s (2.97ms CPU time)</system-out>
    </testsuite>
    <testsuite name="test/L1/OPContractsManagerStandardValidator.t.sol:OPContractsManagerStandardValidator_DelayedWETH_Test" tests="6" disabled="0" errors="0" failures="0" time="0.489">
        <testcase name="test_validate_delayedWETHInvalidDelay_succeeds()" time="0.001">
            <system-out>[PASS] test_validate_delayedWETHInvalidDelay_succeeds() (gas: 546521)</system-out>
        </testcase>
        <testcase name="test_validate_delayedWETHInvalidImplementation_succeeds()" time="0.001">
            <system-out>[PASS] test_validate_delayedWETHInvalidImplementation_succeeds() (gas: 543927)</system-out>
        </testcase>
        <testcase name="test_validate_delayedWETHInvalidProxyAdminOwner_succeeds()" time="0.001">
            <system-out>[PASS] test_validate_delayedWETHInvalidProxyAdminOwner_succeeds() (gas: 545573)</system-out>
        </testcase>
        <testcase name="test_validate_delayedWETHInvalidProxyAdmin_succeeds()" time="0.001">
            <system-out>[PASS] test_validate_delayedWETHInvalidProxyAdmin_succeeds() (gas: 546407)</system-out>
        </testcase>
        <testcase name="test_validate_delayedWETHInvalidSystemConfig_succeeds()" time="0.001">
            <system-out>[PASS] test_validate_delayedWETHInvalidSystemConfig_succeeds() (gas: 544376)</system-out>
        </testcase>
        <testcase name="test_validate_delayedWETHInvalidVersion_succeeds()" time="0.001">
            <system-out>[PASS] test_validate_delayedWETHInvalidVersion_succeeds() (gas: 546439)</system-out>
        </testcase>
        <system-out>Suite result: ok. 6 passed; 0 failed; 0 skipped; finished in 488.88ms (3.94ms CPU time)</system-out>
    </testsuite>
    <testsuite name="test/L1/OPContractsManagerStandardValidator.t.sol:OPContractsManagerStandardValidator_DisputeGameFactory_Test" tests="3" disabled="0" errors="0" failures="0" time="0.159">
        <testcase name="test_validate_disputeGameFactoryInvalidImplementation_succeeds()" time="0.001">
            <system-out>[PASS] test_validate_disputeGameFactoryInvalidImplementation_succeeds() (gas: 543414)</system-out>
        </testcase>
        <testcase name="test_validate_disputeGameFactoryInvalidOwner_succeeds()" time="0.001">
            <system-out>[PASS] test_validate_disputeGameFactoryInvalidOwner_succeeds() (gas: 543972)</system-out>
        </testcase>
        <testcase name="test_validate_disputeGameFactoryInvalidVersion_succeeds()" time="0.001">
            <system-out>[PASS] test_validate_disputeGameFactoryInvalidVersion_succeeds() (gas: 545802)</system-out>
        </testcase>
        <system-out>Suite result: ok. 3 passed; 0 failed; 0 skipped; finished in 159.46ms (1.98ms CPU time)</system-out>
    </testsuite>
    <testsuite name="test/L1/OPContractsManagerStandardValidator.t.sol:OPContractsManagerStandardValidator_ETHLockbox_Test" tests="5" disabled="0" errors="0" failures="0" time="0.158">
        <testcase name="test_validate_ethLockboxInvalidImplementation_succeeds()" time="0.001">
            <system-out>[PASS] test_validate_ethLockboxInvalidImplementation_succeeds() (gas: 543431)</system-out>
        </testcase>
        <testcase name="test_validate_ethLockboxInvalidProxyAdmin_succeeds()" time="0.001">
            <system-out>[PASS] test_validate_ethLockboxInvalidProxyAdmin_succeeds() (gas: 545821)</system-out>
        </testcase>
        <testcase name="test_validate_ethLockboxInvalidSystemConfig_succeeds()" time="0.001">
            <system-out>[PASS] test_validate_ethLockboxInvalidSystemConfig_succeeds() (gas: 543892)</system-out>
        </testcase>
        <testcase name="test_validate_ethLockboxInvalidVersion_succeeds()" time="0.001">
            <system-out>[PASS] test_validate_ethLockboxInvalidVersion_succeeds() (gas: 545981)</system-out>
        </testcase>
        <testcase name="test_validate_ethLockboxPortalUnauthorized_succeeds()" time="0.001">
            <system-out>[PASS] test_validate_ethLockboxPortalUnauthorized_succeeds() (gas: 545932)</system-out>
        </testcase>
        <system-out>Suite result: ok. 5 passed; 0 failed; 0 skipped; finished in 157.65ms (3.07ms CPU time)</system-out>
    </testsuite>
    <testsuite name="test/L1/OPContractsManagerStandardValidator.t.sol:OPContractsManagerStandardValidator_FaultDisputeGame_Test" tests="12" disabled="0" errors="0" failures="0" time="0.165">
        <testcase name="test_validate_faultDisputeGameInvalidAbsolutePrestate_succeeds()" time="0.001">
            <system-out>[PASS] test_validate_faultDisputeGameInvalidAbsolutePrestate_succeeds() (gas: 546458)</system-out>
        </testcase>
        <testcase name="test_validate_faultDisputeGameInvalidClockExtension_succeeds()" time="0.001">
            <system-out>[PASS] test_validate_faultDisputeGameInvalidClockExtension_succeeds() (gas: 546444)</system-out>
        </testcase>
        <testcase name="test_validate_faultDisputeGameInvalidGameType_succeeds()" time="0.001">
            <system-out>[PASS] test_validate_faultDisputeGameInvalidGameType_succeeds() (gas: 546429)</system-out>
        </testcase>
        <testcase name="test_validate_faultDisputeGameInvalidL2ChainId_succeeds()" time="0.001">
            <system-out>[PASS] test_validate_faultDisputeGameInvalidL2ChainId_succeeds() (gas: 546666)</system-out>
        </testcase>
        <testcase name="test_validate_faultDisputeGameInvalidL2SequenceNumber_succeeds()" time="0.001">
            <system-out>[PASS] test_validate_faultDisputeGameInvalidL2SequenceNumber_succeeds() (gas: 546429)</system-out>
        </testcase>
        <testcase name="test_validate_faultDisputeGameInvalidMaxClockDuration_succeeds()" time="0.001">
            <system-out>[PASS] test_validate_faultDisputeGameInvalidMaxClockDuration_succeeds() (gas: 546445)</system-out>
        </testcase>
        <testcase name="test_validate_faultDisputeGameInvalidMaxGameDepth_succeeds()" time="0.001">
            <system-out>[PASS] test_validate_faultDisputeGameInvalidMaxGameDepth_succeeds() (gas: 546442)</system-out>
        </testcase>
        <testcase name="test_validate_faultDisputeGameInvalidSplitDepth_succeeds()" time="0.001">
            <system-out>[PASS] test_validate_faultDisputeGameInvalidSplitDepth_succeeds() (gas: 546443)</system-out>
        </testcase>
        <testcase name="test_validate_faultDisputeGameInvalidVMStateVersion_succeeds()" time="0.001">
            <system-out>[PASS] test_validate_faultDisputeGameInvalidVMStateVersion_succeeds() (gas: 546769)</system-out>
        </testcase>
        <testcase name="test_validate_faultDisputeGameInvalidVM_succeeds()" time="0.001">
            <system-out>[PASS] test_validate_faultDisputeGameInvalidVM_succeeds() (gas: 542428)</system-out>
        </testcase>
        <testcase name="test_validate_faultDisputeGameInvalidVersion_succeeds()" time="0.001">
            <system-out>[PASS] test_validate_faultDisputeGameInvalidVersion_succeeds() (gas: 546333)</system-out>
        </testcase>
        <testcase name="test_validate_faultDisputeGameNullImplementation_succeeds()" time="0.001">
            <system-out>[PASS] test_validate_faultDisputeGameNullImplementation_succeeds() (gas: 479343)</system-out>
        </testcase>
        <system-out>Suite result: ok. 12 passed; 0 failed; 0 skipped; finished in 165.37ms (8.77ms CPU time)</system-out>
    </testsuite>
    <testsuite name="test/L1/OPContractsManagerStandardValidator.t.sol:OPContractsManagerStandardValidator_GeneralOverride_Test" tests="3" disabled="0" errors="0" failures="0" time="0.376">
        <testcase name="test_validateL1PAOMultisigAndChallengerOverrides_succeeds()" time="0.001">
            <system-out>[PASS] test_validateL1PAOMultisigAndChallengerOverrides_succeeds() (gas: 547334)</system-out>
        </testcase>
        <testcase name="test_validateOverrides_noErrors_succeeds()" time="0.001">
            <system-out>[PASS] test_validateOverrides_noErrors_succeeds() (gas: 536838)</system-out>
        </testcase>
        <testcase name="test_validateOverrides_notAllowFailurePrependsOverrides_succeeds()" time="0.001">
            <system-out>[PASS] test_validateOverrides_notAllowFailurePrependsOverrides_succeeds() (gas: 547305)</system-out>
        </testcase>
        <system-out>Suite result: ok. 3 passed; 0 failed; 0 skipped; finished in 375.51ms (2.19ms CPU time)</system-out>
    </testsuite>
    <testsuite name="test/L1/OPContractsManagerStandardValidator.t.sol:OPContractsManagerStandardValidator_L1CrossDomainMessenger_Test" tests="8" disabled="0" errors="0" failures="0" time="1.468">
        <testcase name="test_validate_l1CrossDomainMessengerBadImplementation_succeeds()" time="0.002">
            <system-out>[PASS] test_validate_l1CrossDomainMessengerBadImplementation_succeeds() (gas: 539958)</system-out>
        </testcase>
        <testcase name="test_validate_l1CrossDomainMessengerInvalidOtherMessengerLegacy_succeeds()" time="0.003">
            <system-out>[PASS] test_validate_l1CrossDomainMessengerInvalidOtherMessengerLegacy_succeeds() (gas: 543685)</system-out>
        </testcase>
        <testcase name="test_validate_l1CrossDomainMessengerInvalidOtherMessenger_succeeds()" time="0.041">
            <system-out>[PASS] test_validate_l1CrossDomainMessengerInvalidOtherMessenger_succeeds() (gas: 543725)</system-out>
        </testcase>
        <testcase name="test_validate_l1CrossDomainMessengerInvalidPortalLegacy_succeeds()" time="0.039">
            <system-out>[PASS] test_validate_l1CrossDomainMessengerInvalidPortalLegacy_succeeds() (gas: 543740)</system-out>
        </testcase>
        <testcase name="test_validate_l1CrossDomainMessengerInvalidPortal_succeeds()" time="0.025">
            <system-out>[PASS] test_validate_l1CrossDomainMessengerInvalidPortal_succeeds() (gas: 543724)</system-out>
        </testcase>
        <testcase name="test_validate_l1CrossDomainMessengerInvalidProxyAdmin_succeeds()" time="0.022">
            <system-out>[PASS] test_validate_l1CrossDomainMessengerInvalidProxyAdmin_succeeds() (gas: 538085)</system-out>
        </testcase>
        <testcase name="test_validate_l1CrossDomainMessengerInvalidSystemConfig_succeeds()" time="0.022">
            <system-out>[PASS] test_validate_l1CrossDomainMessengerInvalidSystemConfig_succeeds() (gas: 541636)</system-out>
        </testcase>
        <testcase name="test_validate_l1CrossDomainMessengerInvalidVersion_succeeds()" time="0.001">
            <system-out>[PASS] test_validate_l1CrossDomainMessengerInvalidVersion_succeeds() (gas: 543653)</system-out>
        </testcase>
        <system-out>Suite result: ok. 8 passed; 0 failed; 0 skipped; finished in 1.47s (153.48ms CPU time)</system-out>
    </testsuite>
    <testsuite name="test/L1/OPContractsManagerStandardValidator.t.sol:OPContractsManagerStandardValidator_L1ERC721Bridge_Test" tests="8" disabled="0" errors="0" failures="0" time="1.608">
        <testcase name="test_validate_l1ERC721BridgeInvalidImplementation_succeeds()" time="0.031">
            <system-out>[PASS] test_validate_l1ERC721BridgeInvalidImplementation_succeeds() (gas: 543409)</system-out>
        </testcase>
        <testcase name="test_validate_l1ERC721BridgeInvalidMessengerLegacy_succeeds()" time="0.030">
            <system-out>[PASS] test_validate_l1ERC721BridgeInvalidMessengerLegacy_succeeds() (gas: 545898)</system-out>
        </testcase>
        <testcase name="test_validate_l1ERC721BridgeInvalidMessenger_succeeds()" time="0.021">
            <system-out>[PASS] test_validate_l1ERC721BridgeInvalidMessenger_succeeds() (gas: 545958)</system-out>
        </testcase>
        <testcase name="test_validate_l1ERC721BridgeInvalidOtherBridgeLegacy_succeeds()" time="0.001">
            <system-out>[PASS] test_validate_l1ERC721BridgeInvalidOtherBridgeLegacy_succeeds() (gas: 545941)</system-out>
        </testcase>
        <testcase name="test_validate_l1ERC721BridgeInvalidOtherBridge_succeeds()" time="0.001">
            <system-out>[PASS] test_validate_l1ERC721BridgeInvalidOtherBridge_succeeds() (gas: 545871)</system-out>
        </testcase>
        <testcase name="test_validate_l1ERC721BridgeInvalidProxyAdmin_succeeds()" time="0.001">
            <system-out>[PASS] test_validate_l1ERC721BridgeInvalidProxyAdmin_succeeds() (gas: 545876)</system-out>
        </testcase>
        <testcase name="test_validate_l1ERC721BridgeInvalidSystemConfig_succeeds()" time="0.001">
            <system-out>[PASS] test_validate_l1ERC721BridgeInvalidSystemConfig_succeeds() (gas: 543934)</system-out>
        </testcase>
        <testcase name="test_validate_l1ERC721BridgeInvalidVersion_succeeds()" time="0.038">
            <system-out>[PASS] test_validate_l1ERC721BridgeInvalidVersion_succeeds() (gas: 545924)</system-out>
        </testcase>
        <system-out>Suite result: ok. 8 passed; 0 failed; 0 skipped; finished in 1.61s (121.40ms CPU time)</system-out>
    </testsuite>
    <testsuite name="test/L1/OPContractsManagerStandardValidator.t.sol:OPContractsManagerStandardValidator_L1StandardBridge_Test" tests="7" disabled="0" errors="0" failures="0" time="0.730">
        <testcase name="test_validate_l1StandardBridgeInvalidMessengerGetter_succeeds()" time="0.001">
            <system-out>[PASS] test_validate_l1StandardBridgeInvalidMessengerGetter_succeeds() (gas: 544632)</system-out>
        </testcase>
        <testcase name="test_validate_l1StandardBridgeInvalidMessengerImmutable_succeeds()" time="0.001">
            <system-out>[PASS] test_validate_l1StandardBridgeInvalidMessengerImmutable_succeeds() (gas: 544619)</system-out>
        </testcase>
        <testcase name="test_validate_l1StandardBridgeInvalidOtherBridgeGetter_succeeds()" time="0.001">
            <system-out>[PASS] test_validate_l1StandardBridgeInvalidOtherBridgeGetter_succeeds() (gas: 544612)</system-out>
        </testcase>
        <testcase name="test_validate_l1StandardBridgeInvalidOtherBridgeImmutable_succeeds()" time="0.001">
            <system-out>[PASS] test_validate_l1StandardBridgeInvalidOtherBridgeImmutable_succeeds() (gas: 544616)</system-out>
        </testcase>
        <testcase name="test_validate_l1StandardBridgeInvalidProxyAdmin_succeeds()" time="0.001">
            <system-out>[PASS] test_validate_l1StandardBridgeInvalidProxyAdmin_succeeds() (gas: 544597)</system-out>
        </testcase>
        <testcase name="test_validate_l1StandardBridgeInvalidSystemConfig_succeeds()" time="0.001">
            <system-out>[PASS] test_validate_l1StandardBridgeInvalidSystemConfig_succeeds() (gas: 542611)</system-out>
        </testcase>
        <testcase name="test_validate_l1StandardBridgeInvalidVersion_succeeds()" time="0.001">
            <system-out>[PASS] test_validate_l1StandardBridgeInvalidVersion_succeeds() (gas: 544530)</system-out>
        </testcase>
        <system-out>Suite result: ok. 7 passed; 0 failed; 0 skipped; finished in 730.22ms (4.57ms CPU time)</system-out>
    </testsuite>
    <testsuite name="test/L1/OPContractsManagerStandardValidator.t.sol:OPContractsManagerStandardValidator_OptimismMintableERC20Factory_Test" tests="4" disabled="0" errors="0" failures="0" time="0.164">
        <testcase name="test_validate_optimismMintableERC20FactoryInvalidBridgeLegacy_succeeds()" time="0.001">
            <system-out>[PASS] test_validate_optimismMintableERC20FactoryInvalidBridgeLegacy_succeeds() (gas: 545922)</system-out>
        </testcase>
        <testcase name="test_validate_optimismMintableERC20FactoryInvalidBridge_succeeds()" time="0.001">
            <system-out>[PASS] test_validate_optimismMintableERC20FactoryInvalidBridge_succeeds() (gas: 545894)</system-out>
        </testcase>
        <testcase name="test_validate_optimismMintableERC20FactoryInvalidImplementation_succeeds()" time="0.001">
            <system-out>[PASS] test_validate_optimismMintableERC20FactoryInvalidImplementation_succeeds() (gas: 541408)</system-out>
        </testcase>
        <testcase name="test_validate_optimismMintableERC20FactoryInvalidVersion_succeeds()" time="0.001">
            <system-out>[PASS] test_validate_optimismMintableERC20FactoryInvalidVersion_succeeds() (gas: 545944)</system-out>
        </testcase>
        <system-out>Suite result: ok. 4 passed; 0 failed; 0 skipped; finished in 163.57ms (3.04ms CPU time)</system-out>
    </testsuite>
    <testsuite name="test/L1/OPContractsManagerStandardValidator.t.sol:OPContractsManagerStandardValidator_OptimismPortal_Test" tests="6" disabled="0" errors="0" failures="0" time="0.377">
        <testcase name="test_validate_optimismPortalInvalidDisputeGameFactory_succeeds()" time="0.001">
            <system-out>[PASS] test_validate_optimismPortalInvalidDisputeGameFactory_succeeds() (gas: 539181)</system-out>
        </testcase>
        <testcase name="test_validate_optimismPortalInvalidImplementation_succeeds()" time="0.001">
            <system-out>[PASS] test_validate_optimismPortalInvalidImplementation_succeeds() (gas: 543432)</system-out>
        </testcase>
        <testcase name="test_validate_optimismPortalInvalidL2Sender_succeeds()" time="0.001">
            <system-out>[PASS] test_validate_optimismPortalInvalidL2Sender_succeeds() (gas: 543845)</system-out>
        </testcase>
        <testcase name="test_validate_optimismPortalInvalidProxyAdmin_succeeds()" time="0.001">
            <system-out>[PASS] test_validate_optimismPortalInvalidProxyAdmin_succeeds() (gas: 545830)</system-out>
        </testcase>
        <testcase name="test_validate_optimismPortalInvalidSystemConfig_succeeds()" time="0.001">
            <system-out>[PASS] test_validate_optimismPortalInvalidSystemConfig_succeeds() (gas: 543844)</system-out>
        </testcase>
        <testcase name="test_validate_optimismPortalInvalidVersion_succeeds()" time="0.001">
            <system-out>[PASS] test_validate_optimismPortalInvalidVersion_succeeds() (gas: 545889)</system-out>
        </testcase>
        <system-out>Suite result: ok. 6 passed; 0 failed; 0 skipped; finished in 377.47ms (4.64ms CPU time)</system-out>
    </testsuite>
    <testsuite name="test/L1/OPContractsManagerStandardValidator.t.sol:OPContractsManagerStandardValidator_PermissionedDisputeGame_Test" tests="16" disabled="0" errors="0" failures="0" time="1.468">
        <testcase name="test_validateOverridesChallenger_permissionedDisputeGameInvalidChallenger_succeeds()" time="0.044">
            <system-out>[PASS] test_validateOverridesChallenger_permissionedDisputeGameInvalidChallenger_succeeds() (gas: 545594)</system-out>
        </testcase>
[...]
    </testsuite>
    <testsuite name="test/universal/Proxy.t.sol:Proxy_Admin_Test" tests="1" disabled="0" errors="0" failures="0" time="0.000">
        <testcase name="test_admin_notAdmin_succeeds()" time="0.000">
            <system-out>[PASS] test_admin_notAdmin_succeeds() (gas: 36395)</system-out>
        </testcase>
        <system-out>Suite result: ok. 1 passed; 0 failed; 0 skipped; finished in 228.00µs (29.50µs CPU time)</system-out>
    </testsuite>
    <testsuite name="test/universal/Proxy.t.sol:Proxy_ChangeAdmin_Test" tests="1" disabled="0" errors="0" failures="0" time="0.000">
        <testcase name="test_changeAdmin_ownerKey_succeeds()" time="0.000">
            <system-out>[PASS] test_changeAdmin_ownerKey_succeeds() (gas: 19697)</system-out>
        </testcase>
        <system-out>Suite result: ok. 1 passed; 0 failed; 0 skipped; finished in 171.33µs (19.79µs CPU time)</system-out>
    </testsuite>
    <testsuite name="test/universal/Proxy.t.sol:Proxy_Implementation_Test" tests="3" disabled="0" errors="0" failures="0" time="0.000">
        <testcase name="test_implementation_isZeroAddress_reverts()" time="0.000">
            <system-out>[PASS] test_implementation_isZeroAddress_reverts() (gas: 16859)</system-out>
        </testcase>
        <testcase name="test_implementation_key_succeeds()" time="0.000">
            <system-out>[PASS] test_implementation_key_succeeds() (gas: 21549)</system-out>
        </testcase>
        <testcase name="test_implementation_zeroAddressCaller_succeeds()" time="0.000">
            <system-out>[PASS] test_implementation_zeroAddressCaller_succeeds() (gas: 15050)</system-out>
        </testcase>
        <system-out>Suite result: ok. 3 passed; 0 failed; 0 skipped; finished in 183.04µs (44.37µs CPU time)</system-out>
    </testsuite>
    <testsuite name="test/universal/Proxy.t.sol:Proxy_Unclassified_Test" tests="1" disabled="0" errors="0" failures="0" time="0.000">
        <testcase name="test_delegatesToImpl_succeeds()" time="0.000">
            <system-out>[PASS] test_delegatesToImpl_succeeds() (gas: 46214)</system-out>
        </testcase>
        <system-out>Suite result: ok. 1 passed; 0 failed; 0 skipped; finished in 158.25µs (25.63µs CPU time)</system-out>
    </testsuite>
    <testsuite name="test/universal/Proxy.t.sol:Proxy_UpgradeToAndCall_Test" tests="3" disabled="0" errors="0" failures="0" time="0.001">
        <testcase name="test_upgradeToAndCall_functionDoesNotExist_reverts()" time="0.000">
            <system-out>[PASS] test_upgradeToAndCall_functionDoesNotExist_reverts() (gas: 108884)</system-out>
        </testcase>
        <testcase name="test_upgradeToAndCall_isPayable_succeeds()" time="0.000">
            <system-out>[PASS] test_upgradeToAndCall_isPayable_succeeds() (gas: 54453)</system-out>
        </testcase>
        <testcase name="test_upgradeToAndCall_succeeds()" time="0.000">
            <system-out>[PASS] test_upgradeToAndCall_succeeds() (gas: 125940)</system-out>
        </testcase>
        <system-out>Suite result: ok. 3 passed; 0 failed; 0 skipped; finished in 505.63µs (135.54µs CPU time)</system-out>
    </testsuite>
    <testsuite name="test/universal/Proxy.t.sol:Proxy_UpgradeTo_Test" tests="2" disabled="0" errors="0" failures="0" time="0.000">
        <testcase name="test_upgradeTo_clashingFunctionSignatures_succeeds()" time="0.000">
            <system-out>[PASS] test_upgradeTo_clashingFunctionSignatures_succeeds() (gas: 101995)</system-out>
        </testcase>
        <testcase name="test_upgradeTo_notAdmin_succeeds()" time="0.000">
            <system-out>[PASS] test_upgradeTo_notAdmin_succeeds() (gas: 30589)</system-out>
        </testcase>
        <system-out>Suite result: ok. 2 passed; 0 failed; 0 skipped; finished in 190.46µs (49.25µs CPU time)</system-out>
    </testsuite>
    <testsuite name="test/universal/ProxyAdmin.t.sol:ProxyAdmin_ChangeProxyAdmin_Test" tests="3" disabled="0" errors="0" failures="0" time="0.001">
        <testcase name="test_changeProxyAdmin_chugsplash_succeeds()" time="0.000">
            <system-out>[PASS] test_changeProxyAdmin_chugsplash_succeeds() (gas: 36814)</system-out>
        </testcase>
        <testcase name="test_changeProxyAdmin_erc1967_succeeds()" time="0.000">
            <system-out>[PASS] test_changeProxyAdmin_erc1967_succeeds() (gas: 35003)</system-out>
        </testcase>
        <testcase name="test_changeProxyAdmin_resolved_succeeds()" time="0.000">
            <system-out>[PASS] test_changeProxyAdmin_resolved_succeeds() (gas: 34261)</system-out>
        </testcase>
        <system-out>Suite result: ok. 3 passed; 0 failed; 0 skipped; finished in 521.83µs (71.42µs CPU time)</system-out>
    </testsuite>
    <testsuite name="test/universal/ProxyAdmin.t.sol:ProxyAdmin_GetProxyAdmin_Test" tests="3" disabled="0" errors="0" failures="0" time="0.000">
        <testcase name="test_getProxyAdmin_chugsplash_succeeds()" time="0.000">
            <system-out>[PASS] test_getProxyAdmin_chugsplash_succeeds() (gas: 18465)</system-out>
        </testcase>
        <testcase name="test_getProxyAdmin_erc1967_succeeds()" time="0.000">
            <system-out>[PASS] test_getProxyAdmin_erc1967_succeeds() (gas: 18449)</system-out>
        </testcase>
        <testcase name="test_getProxyAdmin_resolved_succeeds()" time="0.000">
            <system-out>[PASS] test_getProxyAdmin_resolved_succeeds() (gas: 20459)</system-out>
        </testcase>
        <system-out>Suite result: ok. 3 passed; 0 failed; 0 skipped; finished in 439.83µs (36.83µs CPU time)</system-out>
    </testsuite>
    <testsuite name="test/universal/ProxyAdmin.t.sol:ProxyAdmin_GetProxyImplementation_Test" tests="3" disabled="0" errors="0" failures="0" time="0.000">
        <testcase name="test_getProxyImplementation_chugsplash_succeeds()" time="0.000">
            <system-out>[PASS] test_getProxyImplementation_chugsplash_succeeds() (gas: 51689)</system-out>
        </testcase>
        <testcase name="test_getProxyImplementation_erc1967_succeeds()" time="0.000">
            <system-out>[PASS] test_getProxyImplementation_erc1967_succeeds() (gas: 52678)</system-out>
        </testcase>
        <testcase name="test_getProxyImplementation_resolved_succeeds()" time="0.000">
            <system-out>[PASS] test_getProxyImplementation_resolved_succeeds() (gas: 62699)</system-out>
        </testcase>
        <system-out>Suite result: ok. 3 passed; 0 failed; 0 skipped; finished in 478.42µs (81.17µs CPU time)</system-out>
    </testsuite>
    <testsuite name="test/universal/ProxyAdmin.t.sol:ProxyAdmin_IsUpgrading_Test" tests="1" disabled="0" errors="0" failures="0" time="0.000">
        <testcase name="test_isUpgrading_succeeds()" time="0.000">
            <system-out>[PASS] test_isUpgrading_succeeds() (gas: 20094)</system-out>
        </testcase>
        <system-out>Suite result: ok. 1 passed; 0 failed; 0 skipped; finished in 412.13µs (14.67µs CPU time)</system-out>
    </testsuite>
    <testsuite name="test/universal/ProxyAdmin.t.sol:ProxyAdmin_SetAddressManager_Test" tests="1" disabled="0" errors="0" failures="0" time="0.000">
        <testcase name="test_setAddressManager_notOwner_reverts()" time="0.000">
            <system-out>[PASS] test_setAddressManager_notOwner_reverts() (gas: 10554)</system-out>
        </testcase>
        <system-out>Suite result: ok. 1 passed; 0 failed; 0 skipped; finished in 401.75µs (9.54µs CPU time)</system-out>
    </testsuite>
    <testsuite name="test/universal/ProxyAdmin.t.sol:ProxyAdmin_SetImplementationName_Test" tests="2" disabled="0" errors="0" failures="0" time="0.000">
        <testcase name="test_setImplementationName_notOwner_reverts()" time="0.000">
            <system-out>[PASS] test_setImplementationName_notOwner_reverts() (gas: 11131)</system-out>
        </testcase>
        <testcase name="test_setImplementationName_succeeds()" time="0.000">
            <system-out>[PASS] test_setImplementationName_succeeds() (gas: 39246)</system-out>
        </testcase>
        <system-out>Suite result: ok. 2 passed; 0 failed; 0 skipped; finished in 429.29µs (31.42µs CPU time)</system-out>
    </testsuite>
    <testsuite name="test/universal/ProxyAdmin.t.sol:ProxyAdmin_SetProxyType_Test" tests="1" disabled="0" errors="0" failures="0" time="0.000">
        <testcase name="test_setProxyType_notOwner_reverts()" time="0.000">
            <system-out>[PASS] test_setProxyType_notOwner_reverts() (gas: 10792)</system-out>
        </testcase>
        <system-out>Suite result: ok. 1 passed; 0 failed; 0 skipped; finished in 401.46µs (10.13µs CPU time)</system-out>
    </testsuite>
    <testsuite name="test/universal/ProxyAdmin.t.sol:ProxyAdmin_Unclassified_Test" tests="3" disabled="0" errors="0" failures="0" time="0.000">
        <testcase name="test_onlyOwner_notOwner_reverts()" time="0.000">
            <system-out>[PASS] test_onlyOwner_notOwner_reverts() (gas: 22760)</system-out>
        </testcase>
        <testcase name="test_owner_succeeds()" time="0.000">
            <system-out>[PASS] test_owner_succeeds() (gas: 12595)</system-out>
        </testcase>
        <testcase name="test_proxyType_succeeds()" time="0.000">
            <system-out>[PASS] test_proxyType_succeeds() (gas: 24057)</system-out>
        </testcase>
        <system-out>Suite result: ok. 3 passed; 0 failed; 0 skipped; finished in 443.00µs (42.88µs CPU time)</system-out>
    </testsuite>
    <testsuite name="test/universal/ProxyAdmin.t.sol:ProxyAdmin_UpgradeAndCall_Test" tests="3" disabled="0" errors="0" failures="0" time="0.001">
        <testcase name="test_chugsplashUpgradeAndCall_succeeds()" time="0.000">
            <system-out>[PASS] test_chugsplashUpgradeAndCall_succeeds() (gas: 82901)</system-out>
        </testcase>
        <testcase name="test_delegateResolvedUpgradeAndCall_succeeds()" time="0.000">
            <system-out>[PASS] test_delegateResolvedUpgradeAndCall_succeeds() (gas: 98651)</system-out>
        </testcase>
        <testcase name="test_erc1967UpgradeAndCall_succeeds()" time="0.000">
            <system-out>[PASS] test_erc1967UpgradeAndCall_succeeds() (gas: 79671)</system-out>
        </testcase>
        <system-out>Suite result: ok. 3 passed; 0 failed; 0 skipped; finished in 520.04µs (120.37µs CPU time)</system-out>
    </testsuite>
    <testsuite name="test/universal/ProxyAdmin.t.sol:ProxyAdmin_Upgrade_Test" tests="3" disabled="0" errors="0" failures="0" time="0.000">
        <testcase name="test_upgrade_chugsplash_succeeds()" time="0.000">
            <system-out>[PASS] test_upgrade_chugsplash_succeeds() (gas: 49276)</system-out>
        </testcase>
        <testcase name="test_upgrade_erc1967_succeeds()" time="0.000">
            <system-out>[PASS] test_upgrade_erc1967_succeeds() (gas: 50346)</system-out>
        </testcase>
        <testcase name="test_upgrade_resolved_succeeds()" time="0.000">
            <system-out>[PASS] test_upgrade_resolved_succeeds() (gas: 58794)</system-out>
        </testcase>
        <system-out>Suite result: ok. 3 passed; 0 failed; 0 skipped; finished in 461.29µs (61.50µs CPU time)</system-out>
    </testsuite>
    <testsuite name="test/universal/ReinitializableBase.t.sol:ReinitializableBase_InitVersion_Test" tests="2" disabled="0" errors="0" failures="0" time="0.001">
        <testcase name="testFuzz_initVersion_validVersion_succeeds(uint8)" time="0.001">
            <system-out>[PASS] testFuzz_initVersion_validVersion_succeeds(uint8) (runs: 65, μ: 62395, ~: 62363)</system-out>
        </testcase>
        <testcase name="test_initVersion_zeroVersion_reverts()" time="0.000">
            <system-out>[PASS] test_initVersion_zeroVersion_reverts() (gas: 35544)</system-out>
        </testcase>
        <system-out>Suite result: ok. 2 passed; 0 failed; 0 skipped; finished in 1.40ms (1.35ms CPU time)</system-out>
    </testsuite>
    <testsuite name="test/universal/SafeSend.t.sol:SafeSend_Constructor_Test" tests="2" disabled="0" errors="0" failures="0" time="0.264">
        <testcase name="test_constructor_toContract_succeeds()" time="0.000">
            <system-out>[PASS] test_constructor_toContract_succeeds() (gas: 48298)</system-out>
        </testcase>
        <testcase name="test_constructor_toEOA_succeeds()" time="0.000">
            <system-out>[PASS] test_constructor_toEOA_succeeds() (gas: 51918)</system-out>
        </testcase>
        <system-out>Suite result: ok. 2 passed; 0 failed; 0 skipped; finished in 263.84ms (544.79µs CPU time)</system-out>
    </testsuite>
    <testsuite name="test/universal/StandardBridge.t.sol:StandardBridge_IsCorrectTokenPair_Test" tests="1" disabled="0" errors="0" failures="0" time="0.399">
        <testcase name="test_isCorrectTokenPair_succeeds()" time="0.000">
            <system-out>[PASS] test_isCorrectTokenPair_succeeds() (gas: 52501)</system-out>
        </testcase>
        <system-out>Suite result: ok. 1 passed; 0 failed; 0 skipped; finished in 398.96ms (133.25µs CPU time)</system-out>
    </testsuite>
    <testsuite name="test/universal/StandardBridge.t.sol:StandardBridge_IsOptimismMintableERC20_Test" tests="1" disabled="0" errors="0" failures="0" time="0.270">
        <testcase name="test_isOptimismMintableERC20_succeeds()" time="0.000">
            <system-out>[PASS] test_isOptimismMintableERC20_succeeds() (gas: 37134)</system-out>
        </testcase>
        <system-out>Suite result: ok. 1 passed; 0 failed; 0 skipped; finished in 270.49ms (328.17µs CPU time)</system-out>
    </testsuite>
    <testsuite name="test/universal/StandardBridge.t.sol:StandardBridge_Paused_Test" tests="1" disabled="0" errors="0" failures="0" time="0.238">
        <testcase name="test_paused_succeeds()" time="0.000">
            <system-out>[PASS] test_paused_succeeds() (gas: 8373)</system-out>
        </testcase>
        <system-out>Suite result: ok. 1 passed; 0 failed; 0 skipped; finished in 237.99ms (90.50µs CPU time)</system-out>
    </testsuite>
    <testsuite name="test/universal/WETH98.t.sol:WETH98_Approve_Test" tests="1" disabled="0" errors="0" failures="0" time="0.000">
        <testcase name="test_approve_succeeds()" time="0.000">
            <system-out>[PASS] test_approve_succeeds() (gas: 41094)</system-out>
        </testcase>
        <system-out>Suite result: ok. 1 passed; 0 failed; 0 skipped; finished in 325.71µs (32.92µs CPU time)</system-out>
    </testsuite>
    <testsuite name="test/universal/WETH98.t.sol:WETH98_Deposit_Test" tests="1" disabled="0" errors="0" failures="0" time="0.000">
        <testcase name="test_deposit_succeeds()" time="0.000">
            <system-out>[PASS] test_deposit_succeeds() (gas: 44280)</system-out>
        </testcase>
        <system-out>Suite result: ok. 1 passed; 0 failed; 0 skipped; finished in 209.04µs (18.33µs CPU time)</system-out>
    </testsuite>
    <testsuite name="test/universal/WETH98.t.sol:WETH98_Fallback_Test" tests="1" disabled="0" errors="0" failures="0" time="0.000">
        <testcase name="test_fallback_succeeds()" time="0.000">
            <system-out>[PASS] test_fallback_succeeds() (gas: 44409)</system-out>
        </testcase>
        <system-out>Suite result: ok. 1 passed; 0 failed; 0 skipped; finished in 195.04µs (18.42µs CPU time)</system-out>
    </testsuite>
    <testsuite name="test/universal/WETH98.t.sol:WETH98_Receive_Test" tests="1" disabled="0" errors="0" failures="0" time="0.000">
        <testcase name="test_receive_succeeds()" time="0.000">
            <system-out>[PASS] test_receive_succeeds() (gas: 44383)</system-out>
        </testcase>
        <system-out>Suite result: ok. 1 passed; 0 failed; 0 skipped; finished in 192.38µs (20.08µs CPU time)</system-out>
    </testsuite>
    <testsuite name="test/universal/WETH98.t.sol:WETH98_TransferFrom_Test" tests="3" disabled="0" errors="0" failures="0" time="0.000">
        <testcase name="test_transferFrom_succeeds()" time="0.000">
            <system-out>[PASS] test_transferFrom_succeeds() (gas: 76628)</system-out>
        </testcase>
        <testcase name="test_transferFrom_tooLittleApproval_fails()" time="0.000">
            <system-out>[PASS] test_transferFrom_tooLittleApproval_fails() (gas: 70528)</system-out>
        </testcase>
        <testcase name="test_transferFrom_tooLittleBalance_fails()" time="0.000">
            <system-out>[PASS] test_transferFrom_tooLittleBalance_fails() (gas: 70561)</system-out>
        </testcase>
        <system-out>Suite result: ok. 3 passed; 0 failed; 0 skipped; finished in 273.21µs (73.58µs CPU time)</system-out>
    </testsuite>
    <testsuite name="test/universal/WETH98.t.sol:WETH98_Transfer_Test" tests="2" disabled="0" errors="0" failures="0" time="0.000">
        <testcase name="test_transfer_succeeds()" time="0.000">
            <system-out>[PASS] test_transfer_succeeds() (gas: 57255)</system-out>
        </testcase>
        <testcase name="test_transfer_tooLarge_fails()" time="0.000">
            <system-out>[PASS] test_transfer_tooLarge_fails() (gas: 44698)</system-out>
        </testcase>
        <system-out>Suite result: ok. 2 passed; 0 failed; 0 skipped; finished in 228.08µs (43.13µs CPU time)</system-out>
    </testsuite>
    <testsuite name="test/universal/WETH98.t.sol:WETH98_Unclassified_Test" tests="1" disabled="0" errors="0" failures="0" time="0.000">
        <testcase name="test_getName_succeeds()" time="0.000">
            <system-out>[PASS] test_getName_succeeds() (gas: 13618)</system-out>
        </testcase>
        <system-out>Suite result: ok. 1 passed; 0 failed; 0 skipped; finished in 200.33µs (24.33µs CPU time)</system-out>
    </testsuite>
    <testsuite name="test/universal/WETH98.t.sol:WETH98_Withdraw_Test" tests="3" disabled="0" errors="0" failures="0" time="0.000">
        <testcase name="test_withdraw_partialWithdrawal_succeeds()" time="0.000">
            <system-out>[PASS] test_withdraw_partialWithdrawal_succeeds() (gas: 79367)</system-out>
        </testcase>
        <testcase name="test_withdraw_succeeds()" time="0.000">
            <system-out>[PASS] test_withdraw_succeeds() (gas: 59466)</system-out>
        </testcase>
        <testcase name="test_withdraw_tooLargeWithdrawal_fails()" time="0.000">
            <system-out>[PASS] test_withdraw_tooLargeWithdrawal_fails() (gas: 42499)</system-out>
        </testcase>
        <system-out>Suite result: ok. 3 passed; 0 failed; 0 skipped; finished in 243.29µs (54.17µs CPU time)</system-out>
    </testsuite>
    <testsuite name="test/vendor/AddressAliasHelper.t.sol:AddressAliasHelper_Unclassified_Test" tests="1" disabled="0" errors="0" failures="0" time="0.001">
        <testcase name="testFuzz_applyAndUndo_succeeds(address)" time="0.001">
            <system-out>[PASS] testFuzz_applyAndUndo_succeeds(address) (runs: 65, μ: 3223, ~: 3223)</system-out>
        </testcase>
        <system-out>Suite result: ok. 1 passed; 0 failed; 0 skipped; finished in 695.04µs (626.96µs CPU time)</system-out>
    </testsuite>
    <testsuite name="test/vendor/Initializable.t.sol:Initializer_Test" tests="1" disabled="0" errors="0" failures="1" time="12.764">
        <testcase name="test_cannotReinitialize_succeeds()" time="11.811">
            <failure message="Missing RAT from contracts array"/>
            <system-out>[FAIL: Missing RAT from contracts array] test_cannotReinitialize_succeeds() (gas: 4570354)</system-out>
        </testcase>
        <system-out>Suite result: FAILED. 0 passed; 1 failed; 0 skipped; finished in 12.76s (11.81s CPU time)</system-out>
    </testsuite>
    <testsuite name="test/vendor/InitializableOZv5.t.sol:InitializerOZv5_Test" tests="1" disabled="0" errors="0" failures="0" time="0.001">
        <testcase name="test_cannotReinitialize_succeeds()" time="0.000">
            <system-out>[PASS] test_cannotReinitialize_succeeds() (gas: 31337)</system-out>
        </testcase>
        <system-out>Suite result: ok. 1 passed; 0 failed; 0 skipped; finished in 583.21µs (24.79µs CPU time)</system-out>
    </testsuite>
</testsuites>

