<?xml version="1.0" encoding="UTF-8"?>
<testsuites name="Test run" tests="1738" failures="0" errors="0" timestamp="2025-08-26T03:25:35.784+00:00" time="1608.126">
    <testsuite name="test/L1/DataAvailabilityChallenge.t.sol:DataAvailabilityChallenge_Challenge_Test" tests="6" disabled="0" errors="0" failures="0" time="1.544">
        <testcase name="test_challenge_afterChallengeWindow_reverts()" time="0.000">
            <system-out>[PASS] test_challenge_afterChallengeWindow_reverts() (gas: 64733)</system-out>
        </testcase>
        <testcase name="test_challenge_beforeChallengeWindow_reverts()" time="0.000">
            <system-out>[PASS] test_challenge_beforeChallengeWindow_reverts() (gas: 61244)</system-out>
        </testcase>
        <testcase name="test_challenge_bondTooLow_reverts()" time="0.000">
            <system-out>[PASS] test_challenge_bondTooLow_reverts() (gas: 52508)</system-out>
        </testcase>
        <testcase name="test_challenge_challengeExists_reverts()" time="0.000">
            <system-out>[PASS] test_challenge_challengeExists_reverts() (gas: 322590)</system-out>
        </testcase>
        <testcase name="test_challenge_deposit_succeeds(address,uint256,bytes)" time="0.212">
            <system-out>[PASS] test_challenge_deposit_succeeds(address,uint256,bytes) (runs: 66, μ: 127340, ~: 127318)</system-out>
        </testcase>
        <testcase name="test_challenge_succeeds(address,uint256,bytes)" time="0.248">
            <system-out>[PASS] test_challenge_succeeds(address,uint256,bytes) (runs: 66, μ: 130686, ~: 130648)</system-out>
        </testcase>
        <system-out>Suite result: ok. 6 passed; 0 failed; 0 skipped; finished in 1.54s (460.24ms CPU time)</system-out>
    </testsuite>
    <testsuite name="test/L1/DataAvailabilityChallenge.t.sol:DataAvailabilityChallenge_Deposit_Test" tests="1" disabled="0" errors="0" failures="0" time="1.058">
        <testcase name="testFuzz_deposit_succeeds(uint256)" time="0.121">
            <system-out>[PASS] testFuzz_deposit_succeeds(uint256) (runs: 66, μ: 47149, ~: 47149)</system-out>
        </testcase>
        <system-out>Suite result: ok. 1 passed; 0 failed; 0 skipped; finished in 1.06s (121.20ms CPU time)</system-out>
    </testsuite>
    <testsuite name="test/L1/DataAvailabilityChallenge.t.sol:DataAvailabilityChallenge_GetChallengeStatus_Test" tests="3" disabled="0" errors="0" failures="0" time="0.593">
        <testcase name="testFuzz_getChallengeStatus_transitions_succeeds(uint256,bytes)" time="0.036">
            <system-out>[PASS] testFuzz_getChallengeStatus_transitions_succeeds(uint256,bytes) (runs: 66, μ: 119923, ~: 119908)</system-out>
        </testcase>
        <testcase name="test_getChallengeStatus_allStates_succeeds()" time="0.000">
            <system-out>[PASS] test_getChallengeStatus_allStates_succeeds() (gas: 149267)</system-out>
        </testcase>
        <testcase name="test_getChallengeStatus_expiredChallenge_succeeds()" time="0.000">
            <system-out>[PASS] test_getChallengeStatus_expiredChallenge_succeeds() (gas: 111516)</system-out>
        </testcase>
        <system-out>Suite result: ok. 3 passed; 0 failed; 0 skipped; finished in 592.83ms (36.49ms CPU time)</system-out>
    </testsuite>
    <testsuite name="test/L1/DataAvailabilityChallenge.t.sol:DataAvailabilityChallenge_GetChallenge_Test" tests="2" disabled="0" errors="0" failures="0" time="0.221">
        <testcase name="testFuzz_getChallenge_activeChallenge_succeeds(address,uint256,bytes)" time="0.038">
            <system-out>[PASS] testFuzz_getChallenge_activeChallenge_succeeds(address,uint256,bytes) (runs: 66, μ: 115268, ~: 115236)</system-out>
        </testcase>
        <testcase name="test_getChallenge_uninitializedChallenge_succeeds()" time="0.000">
            <system-out>[PASS] test_getChallenge_uninitializedChallenge_succeeds() (gas: 24760)</system-out>
        </testcase>
        <system-out>Suite result: ok. 2 passed; 0 failed; 0 skipped; finished in 221.23ms (37.84ms CPU time)</system-out>
    </testsuite>
    <testsuite name="test/L1/DataAvailabilityChallenge.t.sol:DataAvailabilityChallenge_Receive_Test" tests="1" disabled="0" errors="0" failures="0" time="0.220">
        <testcase name="testFuzz_receive_succeeds(uint256)" time="0.036">
            <system-out>[PASS] testFuzz_receive_succeeds(uint256) (runs: 66, μ: 45959, ~: 47169)</system-out>
        </testcase>
        <system-out>Suite result: ok. 1 passed; 0 failed; 0 skipped; finished in 220.34ms (36.49ms CPU time)</system-out>
    </testsuite>
    <testsuite name="test/L1/DataAvailabilityChallenge.t.sol:DataAvailabilityChallenge_Resolve_Test" tests="6" disabled="0" errors="0" failures="0" time="0.192">
        <testcase name="test_resolve_afterResolveWindow_reverts()" time="0.000">
            <system-out>[PASS] test_resolve_afterResolveWindow_reverts() (gas: 115199)</system-out>
        </testcase>
        <testcase name="test_resolve_expired_reverts()" time="0.000">
            <system-out>[PASS] test_resolve_expired_reverts() (gas: 115179)</system-out>
        </testcase>
        <testcase name="test_resolve_invalidInputData_reverts(address,address,bytes,bytes,uint256,uint256,uint128)" time="0.023">
            <system-out>[PASS] test_resolve_invalidInputData_reverts(address,address,bytes,bytes,uint256,uint256,uint128) (runs: 66, μ: 135670, ~: 135660)</system-out>
        </testcase>
        <testcase name="test_resolve_nonExistentChallenge_reverts()" time="0.000">
            <system-out>[PASS] test_resolve_nonExistentChallenge_reverts() (gas: 24831)</system-out>
        </testcase>
        <testcase name="test_resolve_resolved_reverts()" time="0.000">
            <system-out>[PASS] test_resolve_resolved_reverts() (gas: 145861)</system-out>
        </testcase>
        <testcase name="test_resolve_succeeds(address,address,bytes,uint256,uint256,uint64,uint128)" time="0.025">
            <system-out>[PASS] test_resolve_succeeds(address,address,bytes,uint256,uint256,uint64,uint128) (runs: 66, μ: 192347, ~: 187025)</system-out>
        </testcase>
        <system-out>Suite result: ok. 6 passed; 0 failed; 0 skipped; finished in 192.26ms (48.72ms CPU time)</system-out>
    </testsuite>
    <testsuite name="test/L1/DataAvailabilityChallenge.t.sol:DataAvailabilityChallenge_SetBondSize_Test" tests="2" disabled="0" errors="0" failures="0" time="0.312">
        <testcase name="test_setBondSize_onlyOwner_reverts(address,uint256)" time="0.074">
            <system-out>[PASS] test_setBondSize_onlyOwner_reverts(address,uint256) (runs: 66, μ: 17821, ~: 17821)</system-out>
        </testcase>
        <testcase name="test_setBondSize_succeeds()" time="0.000">
            <system-out>[PASS] test_setBondSize_succeeds() (gas: 121199)</system-out>
        </testcase>
        <system-out>Suite result: ok. 2 passed; 0 failed; 0 skipped; finished in 311.82ms (74.71ms CPU time)</system-out>
    </testsuite>
    <testsuite name="test/L1/DataAvailabilityChallenge.t.sol:DataAvailabilityChallenge_SetResolverRefundPercentage_Test" tests="3" disabled="0" errors="0" failures="0" time="0.317">
        <testcase name="testFuzz_setResolverRefundPercentage_onlyOwner_reverts(address,uint256)" time="0.036">
            <system-out>[PASS] testFuzz_setResolverRefundPercentage_onlyOwner_reverts(address,uint256) (runs: 66, μ: 21976, ~: 21990)</system-out>
        </testcase>
        <testcase name="test_setResolverRefundPercentage_invalidResolverRefundPercentage_reverts()" time="0.000">
            <system-out>[PASS] test_setResolverRefundPercentage_invalidResolverRefundPercentage_reverts() (gas: 17741)</system-out>
        </testcase>
        <testcase name="test_setResolverRefundPercentage_succeeds(uint256)" time="0.077">
            <system-out>[PASS] test_setResolverRefundPercentage_succeeds(uint256) (runs: 66, μ: 27555, ~: 27734)</system-out>
        </testcase>
        <system-out>Suite result: ok. 3 passed; 0 failed; 0 skipped; finished in 316.58ms (113.47ms CPU time)</system-out>
    </testsuite>
    <testsuite name="test/L1/DataAvailabilityChallenge.t.sol:DataAvailabilityChallenge_UnlockBond_Test" tests="5" disabled="0" errors="0" failures="0" time="0.580">
        <testcase name="test_unlockBond_expiredChallengeTwice_fails()" time="0.000">
            <system-out>[PASS] test_unlockBond_expiredChallengeTwice_fails() (gas: 127762)</system-out>
        </testcase>
        <testcase name="test_unlockBond_nonExistentChallenge_reverts()" time="0.000">
            <system-out>[PASS] test_unlockBond_nonExistentChallenge_reverts() (gas: 23891)</system-out>
        </testcase>
        <testcase name="test_unlockBond_resolveWindowNotClosed_reverts()" time="0.000">
            <system-out>[PASS] test_unlockBond_resolveWindowNotClosed_reverts() (gas: 114361)</system-out>
        </testcase>
        <testcase name="test_unlockBond_resolvedChallenge_reverts()" time="0.000">
            <system-out>[PASS] test_unlockBond_resolvedChallenge_reverts() (gas: 145077)</system-out>
        </testcase>
        <testcase name="test_unlockBond_succeeds(bytes,uint256)" time="0.028">
            <system-out>[PASS] test_unlockBond_succeeds(bytes,uint256) (runs: 66, μ: 143632, ~: 143616)</system-out>
        </testcase>
        <system-out>Suite result: ok. 5 passed; 0 failed; 0 skipped; finished in 580.25ms (28.18ms CPU time)</system-out>
    </testsuite>
    <testsuite name="test/L1/DataAvailabilityChallenge.t.sol:DataAvailabilityChallenge_ValidateCommitment_Test" tests="3" disabled="0" errors="0" failures="0" time="0.260">
        <testcase name="testFuzz_validateCommitment_invalidLength_reverts(uint8)" time="0.020">
            <system-out>[PASS] testFuzz_validateCommitment_invalidLength_reverts(uint8) (runs: 66, μ: 19531, ~: 19497)</system-out>
        </testcase>
        <testcase name="testFuzz_validateCommitment_unknownType_reverts(uint8,bytes32)" time="0.019">
            <system-out>[PASS] testFuzz_validateCommitment_unknownType_reverts(uint8,bytes32) (runs: 66, μ: 15366, ~: 15366)</system-out>
        </testcase>
        <testcase name="test_validateCommitment_validCommitment_succeeds()" time="0.000">
            <system-out>[PASS] test_validateCommitment_validCommitment_succeeds() (gas: 11534)</system-out>
        </testcase>
        <system-out>Suite result: ok. 3 passed; 0 failed; 0 skipped; finished in 259.73ms (39.18ms CPU time)</system-out>
    </testsuite>
    <testsuite name="test/L1/DataAvailabilityChallenge.t.sol:DataAvailabilityChallenge_Withdraw_Test" tests="2" disabled="0" errors="0" failures="0" time="0.184">
        <testcase name="test_withdraw_fails_reverts(address,uint256)" time="0.021">
            <system-out>[PASS] test_withdraw_fails_reverts(address,uint256) (runs: 66, μ: 99368, ~: 100163)</system-out>
        </testcase>
        <testcase name="test_withdraw_succeeds(address,uint256)" time="0.020">
            <system-out>[PASS] test_withdraw_succeeds(address,uint256) (runs: 66, μ: 104178, ~: 104178)</system-out>
        </testcase>
        <system-out>Suite result: ok. 2 passed; 0 failed; 0 skipped; finished in 184.02ms (41.35ms CPU time)</system-out>
    </testsuite>
    <testsuite name="test/L1/ETHLockbox.t.sol:ETHLockbox_AuthorizeLockbox_Test" tests="3" disabled="0" errors="0" failures="0" time="0.239">
        <testcase name="testFuzz_authorizeLockbox_differentProxyAdminOwner_reverts(address)" time="0.019">
            <system-out>[PASS] testFuzz_authorizeLockbox_differentProxyAdminOwner_reverts(address) (runs: 66, μ: 26573, ~: 26573)</system-out>
        </testcase>
        <testcase name="testFuzz_authorizeLockbox_succeeds(address)" time="0.019">
            <system-out>[PASS] testFuzz_authorizeLockbox_succeeds(address) (runs: 66, μ: 53160, ~: 53160)</system-out>
        </testcase>
        <testcase name="testFuzz_authorizeLockbox_unauthorized_reverts(address)" time="0.018">
            <system-out>[PASS] testFuzz_authorizeLockbox_unauthorized_reverts(address) (runs: 66, μ: 23868, ~: 23868)</system-out>
        </testcase>
        <system-out>Suite result: ok. 3 passed; 0 failed; 0 skipped; finished in 238.73ms (56.85ms CPU time)</system-out>
    </testsuite>
    <testsuite name="test/L1/ETHLockbox.t.sol:ETHLockbox_AuthorizePortal_Test" tests="5" disabled="0" errors="0" failures="0" time="0.385">
        <testcase name="testFuzz_authorizePortal_differentProxyAdminOwner_reverts(address)" time="0.034">
            <system-out>[PASS] testFuzz_authorizePortal_differentProxyAdminOwner_reverts(address) (runs: 66, μ: 26592, ~: 26592)</system-out>
        </testcase>
        <testcase name="testFuzz_authorizePortal_differentSuperchainConfig_reverts(address)" time="0.039">
            <system-out>[PASS] testFuzz_authorizePortal_differentSuperchainConfig_reverts(address) (runs: 66, μ: 39640, ~: 39640)</system-out>
        </testcase>
        <testcase name="testFuzz_authorizePortal_succeeds(address)" time="0.086">
            <system-out>[PASS] testFuzz_authorizePortal_succeeds(address) (runs: 66, μ: 69280, ~: 69280)</system-out>
        </testcase>
        <testcase name="testFuzz_authorizePortal_unauthorized_reverts(address)" time="0.072">
            <system-out>[PASS] testFuzz_authorizePortal_unauthorized_reverts(address) (runs: 66, μ: 25948, ~: 25948)</system-out>
        </testcase>
        <testcase name="test_authorizePortal_succeeds()" time="0.000">
            <system-out>[PASS] test_authorizePortal_succeeds() (gas: 41977)</system-out>
        </testcase>
        <system-out>Suite result: ok. 5 passed; 0 failed; 0 skipped; finished in 385.27ms (231.95ms CPU time)</system-out>
    </testsuite>
    <testsuite name="test/L1/ETHLockbox.t.sol:ETHLockbox_Initialize_Test" tests="4" disabled="0" errors="0" failures="0" time="14.166">
        <testcase name="testFuzz_initialize_notProxyAdminOrProxyAdminOwner_reverts(address)" time="13.708">
            <system-out>[PASS] testFuzz_initialize_notProxyAdminOrProxyAdminOwner_reverts(address) (runs: 66, μ: 83431, ~: 83431)</system-out>
        </testcase>
        <testcase name="test_initialize_alreadyInitialized_reverts()" time="0.000">
            <system-out>[PASS] test_initialize_alreadyInitialized_reverts() (gas: 18528)</system-out>
        </testcase>
        <testcase name="test_initialize_correctInitializerValue_succeeds()" time="0.216">
            <system-out>[PASS] test_initialize_correctInitializerValue_succeeds() (gas: 67335)</system-out>
        </testcase>
        <testcase name="test_initialize_succeeds()" time="0.000">
            <system-out>[PASS] test_initialize_succeeds() (gas: 36955)</system-out>
        </testcase>
        <system-out>Suite result: ok. 4 passed; 0 failed; 0 skipped; finished in 14.17s (13.92s CPU time)</system-out>
    </testsuite>
    <testsuite name="test/L1/ETHLockbox.t.sol:ETHLockbox_LockETH_Test" tests="3" disabled="0" errors="0" failures="0" time="0.732">
        <testcase name="testFuzz_lockETH_multiplePortals_succeeds(address,uint256)" time="0.080">
            <system-out>[PASS] testFuzz_lockETH_multiplePortals_succeeds(address,uint256) (runs: 66, μ: 81173, ~: 81173)</system-out>
        </testcase>
        <testcase name="testFuzz_lockETH_succeeds(uint256)" time="0.048">
            <system-out>[PASS] testFuzz_lockETH_succeeds(uint256) (runs: 66, μ: 33474, ~: 33576)</system-out>
        </testcase>
        <testcase name="testFuzz_lockETH_unauthorizedPortal_reverts(address)" time="0.109">
            <system-out>[PASS] testFuzz_lockETH_unauthorizedPortal_reverts(address) (runs: 66, μ: 17689, ~: 17689)</system-out>
        </testcase>
        <system-out>Suite result: ok. 3 passed; 0 failed; 0 skipped; finished in 731.76ms (236.60ms CPU time)</system-out>
    </testsuite>
    <testsuite name="test/L1/ETHLockbox.t.sol:ETHLockbox_MigrateLiquidity_Test" tests="3" disabled="0" errors="0" failures="0" time="0.308">
        <testcase name="testFuzz_migrateLiquidity_differentProxyAdminOwner_reverts(address)" time="0.039">
            <system-out>[PASS] testFuzz_migrateLiquidity_differentProxyAdminOwner_reverts(address) (runs: 66, μ: 26464, ~: 26464)</system-out>
        </testcase>
        <testcase name="testFuzz_migrateLiquidity_succeeds(uint256,uint256)" time="0.064">
            <system-out>[PASS] testFuzz_migrateLiquidity_succeeds(uint256,uint256) (runs: 66, μ: 573491, ~: 573569)</system-out>
        </testcase>
        <testcase name="testFuzz_migrateLiquidity_unauthorized_reverts(address)" time="0.037">
            <system-out>[PASS] testFuzz_migrateLiquidity_unauthorized_reverts(address) (runs: 66, μ: 23825, ~: 23825)</system-out>
        </testcase>
        <system-out>Suite result: ok. 3 passed; 0 failed; 0 skipped; finished in 307.90ms (140.08ms CPU time)</system-out>
    </testsuite>
    <testsuite name="test/L1/ETHLockbox.t.sol:ETHLockbox_Paused_Test" tests="1" disabled="0" errors="0" failures="0" time="0.211">
        <testcase name="test_paused_succeeds()" time="0.000">
            <system-out>[PASS] test_paused_succeeds() (gas: 62400)</system-out>
        </testcase>
        <system-out>Suite result: ok. 1 passed; 0 failed; 0 skipped; finished in 210.53ms (167.29µs CPU time)</system-out>
    </testsuite>
    <testsuite name="test/L1/ETHLockbox.t.sol:ETHLockbox_ReceiveLiquidity_Test" tests="1" disabled="0" errors="0" failures="0" time="0.233">
        <testcase name="testFuzz_receiveLiquidity_succeeds(address,uint256)" time="0.036">
            <system-out>[PASS] testFuzz_receiveLiquidity_succeeds(address,uint256) (runs: 66, μ: 65082, ~: 65082)</system-out>
        </testcase>
        <system-out>Suite result: ok. 1 passed; 0 failed; 0 skipped; finished in 232.90ms (35.98ms CPU time)</system-out>
    </testsuite>
    <testsuite name="test/L1/ETHLockbox.t.sol:ETHLockbox_Unclassified_Test" tests="1" disabled="0" errors="0" failures="0" time="0.563">
        <testcase name="test_proxyProxyAdminOwner_succeeds()" time="0.000">
            <system-out>[PASS] test_proxyProxyAdminOwner_succeeds() (gas: 22996)</system-out>
        </testcase>
        <system-out>Suite result: ok. 1 passed; 0 failed; 0 skipped; finished in 562.73ms (31.00µs CPU time)</system-out>
    </testsuite>
    <testsuite name="test/L1/ETHLockbox.t.sol:ETHLockbox_UnlockETH_Test" tests="6" disabled="0" errors="0" failures="0" time="0.335">
        <testcase name="testFuzz_unlockETH_insufficientBalance_reverts(uint256)" time="0.020">
            <system-out>[PASS] testFuzz_unlockETH_insufficientBalance_reverts(uint256) (runs: 66, μ: 60878, ~: 60871)</system-out>
        </testcase>
        <testcase name="testFuzz_unlockETH_multiplePortals_succeeds(address,uint256)" time="0.022">
            <system-out>[PASS] testFuzz_unlockETH_multiplePortals_succeeds(address,uint256) (runs: 66, μ: 118620, ~: 118722)</system-out>
        </testcase>
        <testcase name="testFuzz_unlockETH_paused_reverts(address,uint256)" time="0.020">
            <system-out>[PASS] testFuzz_unlockETH_paused_reverts(address,uint256) (runs: 66, μ: 50697, ~: 50697)</system-out>
        </testcase>
        <testcase name="testFuzz_unlockETH_succeeds(uint256)" time="0.020">
            <system-out>[PASS] testFuzz_unlockETH_succeeds(uint256) (runs: 66, μ: 71518, ~: 71722)</system-out>
        </testcase>
        <testcase name="testFuzz_unlockETH_unauthorizedPortal_reverts(address,uint256)" time="0.019">
            <system-out>[PASS] testFuzz_unlockETH_unauthorizedPortal_reverts(address,uint256) (runs: 66, μ: 56952, ~: 56952)</system-out>
        </testcase>
        <testcase name="testFuzz_unlockETH_withdrawalTransaction_reverts(uint256,address)" time="0.021">
            <system-out>[PASS] testFuzz_unlockETH_withdrawalTransaction_reverts(uint256,address) (runs: 66, μ: 60986, ~: 60984)</system-out>
        </testcase>
        <system-out>Suite result: ok. 6 passed; 0 failed; 0 skipped; finished in 335.45ms (121.25ms CPU time)</system-out>
    </testsuite>
    <testsuite name="test/L1/ETHLockbox.t.sol:ETHLockbox_Version_Test" tests="1" disabled="0" errors="0" failures="0" time="0.149">
        <testcase name="test_version_succeeds()" time="0.000">
            <system-out>[PASS] test_version_succeeds() (gas: 11267)</system-out>
        </testcase>
        <system-out>Suite result: ok. 1 passed; 0 failed; 0 skipped; finished in 148.90ms (36.04µs CPU time)</system-out>
    </testsuite>
    <testsuite name="test/L1/L1CrossDomainMessenger.t.sol:L1CrossDomainMessenger_Constructor_Test" tests="1" disabled="0" errors="0" failures="0" time="0.815">
        <testcase name="test_constructor_succeeds()" time="0.000">
            <system-out>[PASS] test_constructor_succeeds() (gas: 31632)</system-out>
        </testcase>
        <system-out>Suite result: ok. 1 passed; 0 failed; 0 skipped; finished in 814.97ms (88.88µs CPU time)</system-out>
    </testsuite>
    <testsuite name="test/L1/L1CrossDomainMessenger.t.sol:L1CrossDomainMessenger_Initialize_Test" tests="5" disabled="0" errors="0" failures="0" time="42.175">
        <testcase name="testFuzz_initialize_anyPortal_succeeds(address)" time="13.513">
            <system-out>[PASS] testFuzz_initialize_anyPortal_succeeds(address) (runs: 66, μ: 116986, ~: 116496)</system-out>
        </testcase>
        <testcase name="testFuzz_initialize_anySystemConfig_succeeds(address)" time="13.784">
            <system-out>[PASS] testFuzz_initialize_anySystemConfig_succeeds(address) (runs: 66, μ: 117026, ~: 116531)</system-out>
        </testcase>
        <testcase name="testFuzz_initialize_notProxyAdminOrProxyAdminOwner_reverts(address)" time="14.215">
            <system-out>[PASS] testFuzz_initialize_notProxyAdminOrProxyAdminOwner_reverts(address) (runs: 66, μ: 141912, ~: 141912)</system-out>
        </testcase>
        <testcase name="test_initialize_correctInitializerValue_succeeds()" time="0.255">
            <system-out>[PASS] test_initialize_correctInitializerValue_succeeds() (gas: 119159)</system-out>
        </testcase>
        <testcase name="test_initialize_succeeds()" time="0.016">
            <system-out>[PASS] test_initialize_succeeds() (gas: 59968)</system-out>
        </testcase>
        <system-out>Suite result: ok. 5 passed; 0 failed; 0 skipped; finished in 42.18s (41.78s CPU time)</system-out>
    </testsuite>
    <testsuite name="test/L1/L1CrossDomainMessenger.t.sol:L1CrossDomainMessenger_Paused_Test" tests="2" disabled="0" errors="0" failures="0" time="0.425">
        <testcase name="test_pause_callsSuperchainConfig_succeeds()" time="0.000">
            <system-out>[PASS] test_pause_callsSuperchainConfig_succeeds() (gas: 63648)</system-out>
        </testcase>
        <testcase name="test_pause_matchesSuperchainConfig_succeeds()" time="0.000">
            <system-out>[PASS] test_pause_matchesSuperchainConfig_succeeds() (gas: 122257)</system-out>
        </testcase>
        <system-out>Suite result: ok. 2 passed; 0 failed; 0 skipped; finished in 424.88ms (262.08µs CPU time)</system-out>
    </testsuite>
    <testsuite name="test/L1/L1CrossDomainMessenger.t.sol:L1CrossDomainMessenger_SendMessage_Test" tests="5" disabled="0" errors="0" failures="0" time="0.678">
        <testcase name="testFuzz_sendMessage_varyingInputs_succeeds(uint32,bytes,address)" time="0.246">
            <system-out>[PASS] testFuzz_sendMessage_varyingInputs_succeeds(uint32,bytes,address) (runs: 66, μ: 988653, ~: 1222420)</system-out>
        </testcase>
        <testcase name="test_sendMessage_highGasLimit_reverts()" time="0.001">
            <system-out>[PASS] test_sendMessage_highGasLimit_reverts() (gas: 72937)</system-out>
        </testcase>
        <testcase name="test_sendMessage_succeeds()" time="0.001">
            <system-out>[PASS] test_sendMessage_succeeds() (gas: 422054)</system-out>
        </testcase>
        <testcase name="test_sendMessage_twice_succeeds()" time="0.004">
            <system-out>[PASS] test_sendMessage_twice_succeeds() (gas: 1725800)</system-out>
        </testcase>
        <testcase name="test_sendMessage_zeroGasLimit_succeeds()" time="0.001">
            <system-out>[PASS] test_sendMessage_zeroGasLimit_succeeds() (gas: 391273)</system-out>
        </testcase>
        <system-out>Suite result: ok. 5 passed; 0 failed; 0 skipped; finished in 677.71ms (252.06ms CPU time)</system-out>
    </testsuite>
    <testsuite name="test/L1/L1CrossDomainMessenger.t.sol:L1CrossDomainMessenger_SuperchainConfig_Test" tests="1" disabled="0" errors="0" failures="0" time="0.456">
        <testcase name="test_superchainConfig_succeeds()" time="0.000">
            <system-out>[PASS] test_superchainConfig_succeeds() (gas: 36534)</system-out>
        </testcase>
        <system-out>Suite result: ok. 1 passed; 0 failed; 0 skipped; finished in 455.69ms (139.25µs CPU time)</system-out>
    </testsuite>
    <testsuite name="test/L1/L1CrossDomainMessenger.t.sol:L1CrossDomainMessenger_Uncategorized_Test" tests="23" disabled="0" errors="0" failures="0" time="2.536">
        <testcase name="testFuzz_encodingOverhead_sufficient_succeeds(uint240,uint16,address,address,uint256,uint256,bytes)" time="0.056">
            <system-out>[PASS] testFuzz_encodingOverhead_sufficient_succeeds(uint240,uint16,address,address,uint256,uint256,bytes) (runs: 66, μ: 36379, ~: 36815)</system-out>
        </testcase>
        <testcase name="testFuzz_relayMessage_baseGasSufficient_succeeds(uint24,uint32,uint32)" time="1.528">
            <system-out>[PASS] testFuzz_relayMessage_baseGasSufficient_succeeds(uint24,uint32,uint32) (runs: 66, μ: 3318862, ~: 2502888)</system-out>
        </testcase>
        <testcase name="testFuzz_relayMessage_varyingInputs_succeeds(address,uint32,bytes)" time="0.128">
            <system-out>[PASS] testFuzz_relayMessage_varyingInputs_succeeds(address,uint32,bytes) (runs: 66, μ: 114048, ~: 113725)</system-out>
        </testcase>
        <testcase name="test_messageVersion_succeeds()" time="0.000">
            <system-out>[PASS] test_messageVersion_succeeds() (gas: 27705)</system-out>
        </testcase>
        <testcase name="test_relayMessage_fromOtherMessengerFailedMessageReplay_reverts()" time="0.000">
            <system-out>[PASS] test_relayMessage_fromOtherMessengerFailedMessageReplay_reverts() (gas: 8797746687696190704)</system-out>
        </testcase>
        <testcase name="test_relayMessage_fromOtherMessengerValueMismatch_reverts()" time="0.000">
            <system-out>[PASS] test_relayMessage_fromOtherMessengerValueMismatch_reverts() (gas: 81406)</system-out>
        </testcase>
        <testcase name="test_relayMessage_legacyOldReplay_reverts()" time="0.000">
            <system-out>[PASS] test_relayMessage_legacyOldReplay_reverts() (gas: 88866)</system-out>
        </testcase>
        <testcase name="test_relayMessage_legacyRetryAfterFailureThenSuccess_reverts()" time="0.001">
            <system-out>[PASS] test_relayMessage_legacyRetryAfterFailureThenSuccess_reverts() (gas: 288786)</system-out>
        </testcase>
        <testcase name="test_relayMessage_legacyRetryAfterFailure_succeeds()" time="0.000">
            <system-out>[PASS] test_relayMessage_legacyRetryAfterFailure_succeeds() (gas: 276455)</system-out>
        </testcase>
        <testcase name="test_relayMessage_legacyRetryAfterSuccess_reverts()" time="0.000">
            <system-out>[PASS] test_relayMessage_legacyRetryAfterSuccess_reverts() (gas: 170443)</system-out>
        </testcase>
        <testcase name="test_relayMessage_legacy_succeeds()" time="0.000">
            <system-out>[PASS] test_relayMessage_legacy_succeeds() (gas: 116929)</system-out>
        </testcase>
        <testcase name="test_relayMessage_paused_reverts()" time="0.000">
            <system-out>[PASS] test_relayMessage_paused_reverts() (gas: 90555)</system-out>
        </testcase>
        <testcase name="test_relayMessage_relayingNewMessageByExternalUser_reverts()" time="0.000">
            <system-out>[PASS] test_relayMessage_relayingNewMessageByExternalUser_reverts() (gas: 74539)</system-out>
        </testcase>
        <testcase name="test_relayMessage_replayStraddlingReinit_reverts()" time="0.000">
            <system-out>[PASS] test_relayMessage_replayStraddlingReinit_reverts() (gas: 124031)</system-out>
        </testcase>
        <testcase name="test_relayMessage_retryAfterFailure_succeeds()" time="0.040">
            <system-out>[PASS] test_relayMessage_retryAfterFailure_succeeds() (gas: 270439)</system-out>
        </testcase>
        <testcase name="test_relayMessage_succeeds()" time="0.000">
            <system-out>[PASS] test_relayMessage_succeeds() (gas: 113600)</system-out>
        </testcase>
        <testcase name="test_relayMessage_toOptimismPortal_reverts()" time="0.000">
            <system-out>[PASS] test_relayMessage_toOptimismPortal_reverts() (gas: 74308)</system-out>
        </testcase>
        <testcase name="test_relayMessage_toSelf_reverts()" time="0.000">
            <system-out>[PASS] test_relayMessage_toSelf_reverts() (gas: 74159)</system-out>
        </testcase>
        <testcase name="test_relayMessage_v2_reverts()" time="0.000">
            <system-out>[PASS] test_relayMessage_v2_reverts() (gas: 64755)</system-out>
        </testcase>
        <testcase name="test_replayMessage_withValue_reverts()" time="0.000">
            <system-out>[PASS] test_replayMessage_withValue_reverts() (gas: 72227)</system-out>
        </testcase>
        <testcase name="test_xDomainMessageSender_duringSend_reverts()" time="0.000">
            <system-out>[PASS] test_xDomainMessageSender_duringSend_reverts() (gas: 24339)</system-out>
        </testcase>
        <testcase name="test_xDomainMessageSender_reset_succeeds()" time="0.000">
            <system-out>[PASS] test_xDomainMessageSender_reset_succeeds() (gas: 122128)</system-out>
        </testcase>
        <testcase name="test_xDomainSender_notSet_reverts()" time="0.000">
            <system-out>[PASS] test_xDomainSender_notSet_reverts() (gas: 24381)</system-out>
        </testcase>
        <system-out>Suite result: ok. 23 passed; 0 failed; 0 skipped; finished in 2.54s (1.76s CPU time)</system-out>
    </testsuite>
    <testsuite name="test/L1/L1CrossDomainMessenger.t.sol:L1CrossDomainMessenger_Upgrade_Test" tests="3" disabled="0" errors="0" failures="0" time="16.201">
        <testcase name="testFuzz_upgrade_notProxyAdminOrProxyAdminOwner_reverts(address)" time="15.549">
            <system-out>[PASS] testFuzz_upgrade_notProxyAdminOrProxyAdminOwner_reverts(address) (runs: 66, μ: 137603, ~: 137603)</system-out>
        </testcase>
        <testcase name="test_upgrade_succeeds()" time="0.402">
            <system-out>[PASS] test_upgrade_succeeds() (gas: 191861)</system-out>
        </testcase>
        <testcase name="test_upgrade_upgradeTwice_reverts()" time="0.215">
            <system-out>[PASS] test_upgrade_upgradeTwice_reverts() (gas: 113085)</system-out>
        </testcase>
        <system-out>Suite result: ok. 3 passed; 0 failed; 0 skipped; finished in 16.20s (16.17s CPU time)</system-out>
    </testsuite>
    <testsuite name="test/L1/L1CrossDomainMessenger.t.sol:L1CrossDomainMessenger_portal_Test" tests="1" disabled="0" errors="0" failures="0" time="0.409">
        <testcase name="test_portal_succeeds()" time="0.000">
            <system-out>[PASS] test_portal_succeeds() (gas: 33667)</system-out>
        </testcase>
        <system-out>Suite result: ok. 1 passed; 0 failed; 0 skipped; finished in 409.03ms (111.00µs CPU time)</system-out>
    </testsuite>
    <testsuite name="test/L1/L1ERC721Bridge.t.sol:L1ERC721Bridge_Constructor_Test" tests="1" disabled="0" errors="0" failures="0" time="0.262">
        <testcase name="test_constructor_succeeds()" time="0.000">
            <system-out>[PASS] test_constructor_succeeds() (gas: 20104)</system-out>
        </testcase>
        <system-out>Suite result: ok. 1 passed; 0 failed; 0 skipped; finished in 262.40ms (120.88µs CPU time)</system-out>
    </testsuite>
    <testsuite name="test/L1/L1ERC721Bridge.t.sol:L1ERC721Bridge_FinalizeBridgeERC721_Test" tests="8" disabled="0" errors="0" failures="0" time="0.374">
        <testcase name="testFuzz_finalizeBridgeERC721_invalidCaller_reverts(address)" time="0.040">
            <system-out>[PASS] testFuzz_finalizeBridgeERC721_invalidCaller_reverts(address) (runs: 66, μ: 25761, ~: 25761)</system-out>
        </testcase>
        <testcase name="testFuzz_finalizeBridgeERC721_randomAddresses_succeeds(address,address)" time="0.106">
            <system-out>[PASS] testFuzz_finalizeBridgeERC721_randomAddresses_succeeds(address,address) (runs: 66, μ: 503804, ~: 503802)</system-out>
        </testcase>
        <testcase name="test_finalizeBridgeERC721_notEscrowed_reverts()" time="0.000">
            <system-out>[PASS] test_finalizeBridgeERC721_notEscrowed_reverts() (gas: 70564)</system-out>
        </testcase>
        <testcase name="test_finalizeBridgeERC721_notFromRemoteMessenger_reverts()" time="0.000">
            <system-out>[PASS] test_finalizeBridgeERC721_notFromRemoteMessenger_reverts() (gas: 29275)</system-out>
        </testcase>
        <testcase name="test_finalizeBridgeERC721_notViaLocalMessenger_reverts()" time="0.000">
            <system-out>[PASS] test_finalizeBridgeERC721_notViaLocalMessenger_reverts() (gas: 23293)</system-out>
        </testcase>
        <testcase name="test_finalizeBridgeERC721_paused_reverts()" time="0.000">
            <system-out>[PASS] test_finalizeBridgeERC721_paused_reverts() (gas: 102719)</system-out>
        </testcase>
        <testcase name="test_finalizeBridgeERC721_selfToken_reverts()" time="0.000">
            <system-out>[PASS] test_finalizeBridgeERC721_selfToken_reverts() (gas: 66126)</system-out>
        </testcase>
        <testcase name="test_finalizeBridgeERC721_succeeds()" time="0.001">
            <system-out>[PASS] test_finalizeBridgeERC721_succeeds() (gas: 483479)</system-out>
        </testcase>
        <system-out>Suite result: ok. 8 passed; 0 failed; 0 skipped; finished in 373.95ms (146.71ms CPU time)</system-out>
    </testsuite>
    <testsuite name="test/L1/L1ERC721Bridge.t.sol:L1ERC721Bridge_Initialize_Test" tests="3" disabled="0" errors="0" failures="0" time="14.959">
        <testcase name="testFuzz_initialize_notProxyAdminOrProxyAdminOwner_reverts(address)" time="14.540">
            <system-out>[PASS] testFuzz_initialize_notProxyAdminOrProxyAdminOwner_reverts(address) (runs: 66, μ: 100546, ~: 100546)</system-out>
        </testcase>
        <testcase name="test_initialize_correctInitializerValue_succeeds()" time="0.202">
            <system-out>[PASS] test_initialize_correctInitializerValue_succeeds() (gas: 82737)</system-out>
        </testcase>
        <testcase name="test_initialize_succeeds()" time="0.000">
            <system-out>[PASS] test_initialize_succeeds() (gas: 44170)</system-out>
        </testcase>
        <system-out>Suite result: ok. 3 passed; 0 failed; 0 skipped; finished in 14.96s (14.74s CPU time)</system-out>
    </testsuite>
    <testsuite name="test/L1/L1ERC721Bridge.t.sol:L1ERC721Bridge_Paused_Test" tests="3" disabled="0" errors="0" failures="0" time="0.462">
        <testcase name="test_pause_callsSuperchainConfig_succeeds()" time="0.000">
            <system-out>[PASS] test_pause_callsSuperchainConfig_succeeds() (gas: 54846)</system-out>
        </testcase>
        <testcase name="test_pause_matchesSuperchainConfig_succeeds()" time="0.000">
            <system-out>[PASS] test_pause_matchesSuperchainConfig_succeeds() (gas: 117869)</system-out>
        </testcase>
        <testcase name="test_paused_succeeds()" time="0.000">
            <system-out>[PASS] test_paused_succeeds() (gas: 60348)</system-out>
        </testcase>
        <system-out>Suite result: ok. 3 passed; 0 failed; 0 skipped; finished in 462.41ms (318.50µs CPU time)</system-out>
    </testsuite>
    <testsuite name="test/L1/L1ERC721Bridge.t.sol:L1ERC721Bridge_SuperchainConfig_Test" tests="1" disabled="0" errors="0" failures="0" time="0.230">
        <testcase name="test_superchainConfig_succeeds()" time="0.000">
            <system-out>[PASS] test_superchainConfig_succeeds() (gas: 29135)</system-out>
        </testcase>
        <system-out>Suite result: ok. 1 passed; 0 failed; 0 skipped; finished in 230.07ms (268.17µs CPU time)</system-out>
    </testsuite>
    <testsuite name="test/L1/L1ERC721Bridge.t.sol:L1ERC721Bridge_Uncategorized_Test" tests="13" disabled="0" errors="0" failures="0" time="1.709">
        <testcase name="testFuzz_bridgeERC721To_validRecipient_succeeds(address)" time="0.113">
            <system-out>[PASS] testFuzz_bridgeERC721To_validRecipient_succeeds(address) (runs: 66, μ: 479993, ~: 479993)</system-out>
        </testcase>
        <testcase name="testFuzz_bridgeERC721_variousGasLimits_succeeds(uint32)" time="1.281">
            <system-out>[PASS] testFuzz_bridgeERC721_variousGasLimits_succeeds(uint32) (runs: 66, μ: 6007723, ~: 6373471)</system-out>
        </testcase>
        <testcase name="test_bridgeERC721To_localTokenZeroAddress_reverts()" time="0.000">
            <system-out>[PASS] test_bridgeERC721To_localTokenZeroAddress_reverts() (gas: 61149)</system-out>
        </testcase>
        <testcase name="test_bridgeERC721To_remoteTokenZeroAddress_reverts()" time="0.000">
            <system-out>[PASS] test_bridgeERC721To_remoteTokenZeroAddress_reverts() (gas: 38024)</system-out>
        </testcase>
        <testcase name="test_bridgeERC721To_succeeds()" time="0.001">
            <system-out>[PASS] test_bridgeERC721To_succeeds() (gas: 485893)</system-out>
        </testcase>
        <testcase name="test_bridgeERC721To_toZeroAddress_reverts()" time="0.000">
            <system-out>[PASS] test_bridgeERC721To_toZeroAddress_reverts() (gas: 20986)</system-out>
        </testcase>
        <testcase name="test_bridgeERC721To_wrongOwner_reverts()" time="0.000">
            <system-out>[PASS] test_bridgeERC721To_wrongOwner_reverts() (gas: 71615)</system-out>
        </testcase>
        <testcase name="test_bridgeERC721_fromContract_reverts()" time="0.000">
            <system-out>[PASS] test_bridgeERC721_fromContract_reverts() (gas: 36526)</system-out>
        </testcase>
        <testcase name="test_bridgeERC721_fromEOA7702_succeeds()" time="0.001">
            <system-out>[PASS] test_bridgeERC721_fromEOA7702_succeeds() (gas: 486788)</system-out>
        </testcase>
        <testcase name="test_bridgeERC721_fromEOA_succeeds()" time="0.001">
            <system-out>[PASS] test_bridgeERC721_fromEOA_succeeds() (gas: 485626)</system-out>
        </testcase>
        <testcase name="test_bridgeERC721_localTokenZeroAddress_reverts()" time="0.000">
            <system-out>[PASS] test_bridgeERC721_localTokenZeroAddress_reverts() (gas: 59036)</system-out>
        </testcase>
        <testcase name="test_bridgeERC721_remoteTokenZeroAddress_reverts()" time="0.000">
            <system-out>[PASS] test_bridgeERC721_remoteTokenZeroAddress_reverts() (gas: 35869)</system-out>
        </testcase>
        <testcase name="test_bridgeERC721_wrongOwner_reverts()" time="0.000">
            <system-out>[PASS] test_bridgeERC721_wrongOwner_reverts() (gas: 71519)</system-out>
        </testcase>
        <system-out>Suite result: ok. 13 passed; 0 failed; 0 skipped; finished in 1.71s (1.40s CPU time)</system-out>
    </testsuite>
    <testsuite name="test/L1/L1ERC721Bridge.t.sol:L1ERC721Bridge_Upgrade_Test" tests="3" disabled="0" errors="0" failures="0" time="16.468">
        <testcase name="testFuzz_upgrade_notProxyAdminOrProxyAdminOwner_reverts(address)" time="16.204">
            <system-out>[PASS] testFuzz_upgrade_notProxyAdminOrProxyAdminOwner_reverts(address) (runs: 66, μ: 96170, ~: 96170)</system-out>
        </testcase>
        <testcase name="test_upgrade_succeeds()" time="0.493">
            <system-out>[PASS] test_upgrade_succeeds() (gas: 129208)</system-out>
        </testcase>
        <testcase name="test_upgrade_upgradeTwice_reverts()" time="0.211">
            <system-out>[PASS] test_upgrade_upgradeTwice_reverts() (gas: 73435)</system-out>
        </testcase>
        <system-out>Suite result: ok. 3 passed; 0 failed; 0 skipped; finished in 16.47s (16.91s CPU time)</system-out>
    </testsuite>
    <testsuite name="test/L1/L1ERC721Bridge.t.sol:L1ERC721Bridge_Version_Test" tests="1" disabled="0" errors="0" failures="0" time="0.232">
        <testcase name="test_version_succeeds()" time="0.000">
            <system-out>[PASS] test_version_succeeds() (gas: 14835)</system-out>
        </testcase>
        <system-out>Suite result: ok. 1 passed; 0 failed; 0 skipped; finished in 231.68ms (49.63µs CPU time)</system-out>
    </testsuite>
    <testsuite name="test/L1/L1StandardBridge.t.sol:L1StandardBridge_Constructor_Test" tests="1" disabled="0" errors="0" failures="0" time="0.258">
        <testcase name="test_constructor_succeeds()" time="0.000">
            <system-out>[PASS] test_constructor_succeeds() (gas: 22725)</system-out>
        </testcase>
        <system-out>Suite result: ok. 1 passed; 0 failed; 0 skipped; finished in 258.29ms (282.21µs CPU time)</system-out>
    </testsuite>
    <testsuite name="test/L1/L1StandardBridge.t.sol:L1StandardBridge_DepositERC20To_Test" tests="2" disabled="0" errors="0" failures="0" time="0.247">
        <testcase name="test_depositERC20To_succeeds()" time="0.001">
            <system-out>[PASS] test_depositERC20To_succeeds() (gas: 834756)</system-out>
        </testcase>
        <testcase name="test_depositERC20To_zeroAmount_succeeds()" time="0.001">
            <system-out>[PASS] test_depositERC20To_zeroAmount_succeeds() (gas: 722947)</system-out>
        </testcase>
        <system-out>Suite result: ok. 2 passed; 0 failed; 0 skipped; finished in 246.74ms (2.38ms CPU time)</system-out>
    </testsuite>
    <testsuite name="test/L1/L1StandardBridge.t.sol:L1StandardBridge_DepositERC20_Test" tests="3" disabled="0" errors="0" failures="0" time="2.356">
        <testcase name="testFuzz_depositERC20_amountAndGas_succeeds(uint256,uint32)" time="2.041">
            <system-out>[PASS] testFuzz_depositERC20_amountAndGas_succeeds(uint256,uint32) (runs: 66, μ: 6921683, ~: 7923493)</system-out>
        </testcase>
        <testcase name="test_depositERC20_notEoa_reverts()" time="0.000">
            <system-out>[PASS] test_depositERC20_notEoa_reverts() (gas: 24910)</system-out>
        </testcase>
        <testcase name="test_depositERC20_succeeds()" time="0.001">
            <system-out>[PASS] test_depositERC20_succeeds() (gas: 832231)</system-out>
        </testcase>
        <system-out>Suite result: ok. 3 passed; 0 failed; 0 skipped; finished in 2.36s (2.04s CPU time)</system-out>
    </testsuite>
    <testsuite name="test/L1/L1StandardBridge.t.sol:L1StandardBridge_DepositETHTo_Test" tests="2" disabled="0" errors="0" failures="0" time="0.460">
        <testcase name="testFuzz_depositETHTo_randomRecipient_succeeds(address,uint256)" time="0.141">
            <system-out>[PASS] testFuzz_depositETHTo_randomRecipient_succeeds(address,uint256) (runs: 66, μ: 502758, ~: 502936)</system-out>
        </testcase>
        <testcase name="test_depositETHTo_succeeds()" time="0.001">
            <system-out>[PASS] test_depositETHTo_succeeds() (gas: 553109)</system-out>
        </testcase>
        <system-out>Suite result: ok. 2 passed; 0 failed; 0 skipped; finished in 459.87ms (141.99ms CPU time)</system-out>
    </testsuite>
    <testsuite name="test/L1/L1StandardBridge.t.sol:L1StandardBridge_DepositETH_Test" tests="3" disabled="0" errors="0" failures="0" time="0.254">
        <testcase name="test_depositETH_fromEOA7702_succeeds()" time="0.001">
            <system-out>[PASS] test_depositETH_fromEOA7702_succeeds() (gas: 542811)</system-out>
        </testcase>
        <testcase name="test_depositETH_fromEOA_succeeds()" time="0.001">
            <system-out>[PASS] test_depositETH_fromEOA_succeeds() (gas: 541863)</system-out>
        </testcase>
        <testcase name="test_depositETH_notEoa_reverts()" time="0.000">
            <system-out>[PASS] test_depositETH_notEoa_reverts() (gas: 43409)</system-out>
        </testcase>
        <system-out>Suite result: ok. 3 passed; 0 failed; 0 skipped; finished in 254.31ms (1.67ms CPU time)</system-out>
    </testsuite>
    <testsuite name="test/L1/L1StandardBridge.t.sol:L1StandardBridge_FinalizeERC20Withdrawal_Test" tests="3" disabled="0" errors="0" failures="0" time="0.387">
        <testcase name="testFuzz_finalizeERC20Withdrawal_notMessenger_reverts(address)" time="0.042">
            <system-out>[PASS] testFuzz_finalizeERC20Withdrawal_notMessenger_reverts(address) (runs: 66, μ: 42485, ~: 42485)</system-out>
        </testcase>
        <testcase name="test_finalizeERC20Withdrawal_notOtherBridge_reverts()" time="0.000">
            <system-out>[PASS] test_finalizeERC20Withdrawal_notOtherBridge_reverts() (gas: 40018)</system-out>
        </testcase>
        <testcase name="test_finalizeERC20Withdrawal_succeeds()" time="0.020">
            <system-out>[PASS] test_finalizeERC20Withdrawal_succeeds() (gas: 600976)</system-out>
        </testcase>
        <system-out>Suite result: ok. 3 passed; 0 failed; 0 skipped; finished in 387.44ms (62.69ms CPU time)</system-out>
    </testsuite>
    <testsuite name="test/L1/L1StandardBridge.t.sol:L1StandardBridge_FinalizeETHWithdrawal_Test" tests="1" disabled="0" errors="0" failures="0" time="0.170">
        <testcase name="test_finalizeETHWithdrawal_succeeds()" time="0.000">
            <system-out>[PASS] test_finalizeETHWithdrawal_succeeds() (gas: 111855)</system-out>
        </testcase>
        <system-out>Suite result: ok. 1 passed; 0 failed; 0 skipped; finished in 170.07ms (214.17µs CPU time)</system-out>
    </testsuite>
    <testsuite name="test/L1/L1StandardBridge.t.sol:L1StandardBridge_Initialize_Test" tests="3" disabled="0" errors="0" failures="0" time="14.184">
        <testcase name="testFuzz_initialize_notProxyAdminOrProxyAdminOwner_reverts(address)" time="14.037">
            <system-out>[PASS] testFuzz_initialize_notProxyAdminOrProxyAdminOwner_reverts(address) (runs: 66, μ: 104857, ~: 104857)</system-out>
        </testcase>
        <testcase name="test_initialize_correctInitializerValue_succeeds()" time="0.207">
            <system-out>[PASS] test_initialize_correctInitializerValue_succeeds() (gas: 91615)</system-out>
        </testcase>
        <testcase name="test_initialize_succeeds()" time="0.000">
            <system-out>[PASS] test_initialize_succeeds() (gas: 46276)</system-out>
        </testcase>
        <system-out>Suite result: ok. 3 passed; 0 failed; 0 skipped; finished in 14.18s (14.25s CPU time)</system-out>
    </testsuite>
    <testsuite name="test/L1/L1StandardBridge.t.sol:L1StandardBridge_Paused_Test" tests="7" disabled="0" errors="0" failures="0" time="0.217">
        <testcase name="test_paused_callsSuperchainConfig_succeeds()" time="0.000">
            <system-out>[PASS] test_paused_callsSuperchainConfig_succeeds() (gas: 62627)</system-out>
        </testcase>
        <testcase name="test_paused_finalizeBridgeERC20_reverts()" time="0.000">
            <system-out>[PASS] test_paused_finalizeBridgeERC20_reverts() (gas: 118740)</system-out>
        </testcase>
        <testcase name="test_paused_finalizeBridgeETH_reverts()" time="0.000">
            <system-out>[PASS] test_paused_finalizeBridgeETH_reverts() (gas: 125241)</system-out>
        </testcase>
        <testcase name="test_paused_finalizeERC20Withdrawal_reverts()" time="0.000">
            <system-out>[PASS] test_paused_finalizeERC20Withdrawal_reverts() (gas: 118839)</system-out>
        </testcase>
        <testcase name="test_paused_finalizeETHWithdrawal_reverts()" time="0.000">
            <system-out>[PASS] test_paused_finalizeETHWithdrawal_reverts() (gas: 125215)</system-out>
        </testcase>
        <testcase name="test_paused_matchesSuperchainConfig_succeeds()" time="0.000">
            <system-out>[PASS] test_paused_matchesSuperchainConfig_succeeds() (gas: 129521)</system-out>
        </testcase>
        <testcase name="test_paused_succeeds()" time="0.000">
            <system-out>[PASS] test_paused_succeeds() (gas: 68131)</system-out>
        </testcase>
        <system-out>Suite result: ok. 7 passed; 0 failed; 0 skipped; finished in 216.84ms (709.96µs CPU time)</system-out>
    </testsuite>
    <testsuite name="test/L1/L1StandardBridge.t.sol:L1StandardBridge_Receive_Test" tests="2" disabled="0" errors="0" failures="0" time="0.194">
        <testcase name="test_receive_notEOA_reverts()" time="0.000">
            <system-out>[PASS] test_receive_notEOA_reverts() (gas: 31890)</system-out>
        </testcase>
        <testcase name="test_receive_succeeds()" time="0.001">
            <system-out>[PASS] test_receive_succeeds() (gas: 653375)</system-out>
        </testcase>
        <system-out>Suite result: ok. 2 passed; 0 failed; 0 skipped; finished in 193.72ms (1.14ms CPU time)</system-out>
    </testsuite>
    <testsuite name="test/L1/L1StandardBridge.t.sol:L1StandardBridge_Uncategorized_Test" tests="7" disabled="0" errors="0" failures="0" time="0.205">
        <testcase name="test_bridgeETHTo_succeeds()" time="0.002">
            <system-out>[PASS] test_bridgeETHTo_succeeds() (gas: 553098)</system-out>
        </testcase>
        <testcase name="test_bridgeETH_succeeds()" time="0.001">
            <system-out>[PASS] test_bridgeETH_succeeds() (gas: 541882)</system-out>
        </testcase>
        <testcase name="test_finalizeBridgeETH_incorrectValue_reverts()" time="0.000">
            <system-out>[PASS] test_finalizeBridgeETH_incorrectValue_reverts() (gas: 81566)</system-out>
        </testcase>
        <testcase name="test_finalizeBridgeETH_sendToMessenger_reverts()" time="0.000">
            <system-out>[PASS] test_finalizeBridgeETH_sendToMessenger_reverts() (gas: 81709)</system-out>
        </testcase>
        <testcase name="test_finalizeBridgeETH_sendToSelf_reverts()" time="0.000">
            <system-out>[PASS] test_finalizeBridgeETH_sendToSelf_reverts() (gas: 81549)</system-out>
        </testcase>
        <testcase name="test_finalizeBridgeETH_succeeds()" time="0.000">
            <system-out>[PASS] test_finalizeBridgeETH_succeeds() (gas: 99011)</system-out>
        </testcase>
        <testcase name="test_getters_succeeds()" time="0.000">
            <system-out>[PASS] test_getters_succeeds() (gas: 56001)</system-out>
        </testcase>
        <system-out>Suite result: ok. 7 passed; 0 failed; 0 skipped; finished in 204.94ms (2.72ms CPU time)</system-out>
    </testsuite>
    <testsuite name="test/L1/L1StandardBridge.t.sol:L1StandardBridge_Upgrade_Test" tests="3" disabled="0" errors="0" failures="0" time="14.408">
        <testcase name="testFuzz_upgrade_notProxyAdminOrProxyAdminOwner_reverts(address)" time="13.585">
            <system-out>[PASS] testFuzz_upgrade_notProxyAdminOrProxyAdminOwner_reverts(address) (runs: 66, μ: 100548, ~: 100548)</system-out>
        </testcase>
        <testcase name="test_upgrade_succeeds()" time="0.418">
            <system-out>[PASS] test_upgrade_succeeds() (gas: 138760)</system-out>
        </testcase>
        <testcase name="test_upgrade_upgradeTwice_reverts()" time="0.206">
            <system-out>[PASS] test_upgrade_upgradeTwice_reverts() (gas: 82013)</system-out>
        </testcase>
        <system-out>Suite result: ok. 3 passed; 0 failed; 0 skipped; finished in 14.41s (14.21s CPU time)</system-out>
    </testsuite>
    <testsuite name="test/L1/OPContractsManager.t.sol:OPContractsManager_AddGameType_Test" tests="10" disabled="0" errors="0" failures="0" time="0.014">
        <testcase name="test_addGameType_duplicateGameType_reverts()" time="0.001">
            <system-out>[PASS] test_addGameType_duplicateGameType_reverts() (gas: 5566080)</system-out>
        </testcase>
        <testcase name="test_addGameType_notDelegateCall_reverts()" time="0.000">
            <system-out>[PASS] test_addGameType_notDelegateCall_reverts() (gas: 62369)</system-out>
        </testcase>
        <testcase name="test_addGameType_outOfOrderInputs_reverts()" time="0.000">
            <system-out>[PASS] test_addGameType_outOfOrderInputs_reverts() (gas: 721294)</system-out>
        </testcase>
        <testcase name="test_addGameType_permissionedSuper_succeeds()" time="0.001">
            <system-out>[PASS] test_addGameType_permissionedSuper_succeeds() (gas: 5479342)</system-out>
        </testcase>
        <testcase name="test_addGameType_permissioned_succeeds()" time="0.001">
            <system-out>[PASS] test_addGameType_permissioned_succeeds() (gas: 5706903)</system-out>
        </testcase>
        <testcase name="test_addGameType_permissionlessSuper_succeeds()" time="0.001">
            <system-out>[PASS] test_addGameType_permissionlessSuper_succeeds() (gas: 5346608)</system-out>
        </testcase>
        <testcase name="test_addGameType_permissionless_succeeds()" time="0.001">
            <system-out>[PASS] test_addGameType_permissionless_succeeds() (gas: 5602983)</system-out>
        </testcase>
        <testcase name="test_addGameType_reusedDelayedWETH_succeeds()" time="0.001">
            <system-out>[PASS] test_addGameType_reusedDelayedWETH_succeeds() (gas: 6292808)</system-out>
        </testcase>
        <testcase name="test_addGameType_unsupportedGameType_reverts()" time="0.000">
            <system-out>[PASS] test_addGameType_unsupportedGameType_reverts() (gas: 701501)</system-out>
        </testcase>
        <testcase name="test_addGameType_zeroLengthInput_reverts()" time="0.000">
            <system-out>[PASS] test_addGameType_zeroLengthInput_reverts() (gas: 14947)</system-out>
        </testcase>
        <system-out>Suite result: ok. 10 passed; 0 failed; 0 skipped; finished in 13.82ms (3.86ms CPU time)</system-out>
    </testsuite>
    <testsuite name="test/L1/OPContractsManager.t.sol:OPContractsManager_ChainIdToBatchInboxAddress_Test" tests="1" disabled="0" errors="0" failures="0" time="0.002">
        <testcase name="test_calculatesBatchInboxAddress_succeeds()" time="0.000">
            <system-out>[PASS] test_calculatesBatchInboxAddress_succeeds() (gas: 14617)</system-out>
        </testcase>
        <system-out>Suite result: ok. 1 passed; 0 failed; 0 skipped; finished in 1.93ms (62.54µs CPU time)</system-out>
    </testsuite>
    <testsuite name="test/L1/OPContractsManager.t.sol:OPContractsManager_Deploy_Test" tests="3" disabled="0" errors="0" failures="0" time="0.034">
        <testcase name="test_deploy_l2ChainIdEqualsCurrentChainId_reverts()" time="0.001">
            <system-out>[PASS] test_deploy_l2ChainIdEqualsCurrentChainId_reverts() (gas: 68502)</system-out>
        </testcase>
        <testcase name="test_deploy_l2ChainIdEqualsZero_reverts()" time="0.000">
            <system-out>[PASS] test_deploy_l2ChainIdEqualsZero_reverts() (gas: 68516)</system-out>
        </testcase>
        <testcase name="test_deploy_succeeds()" time="0.002">
            <system-out>[PASS] test_deploy_succeeds() (gas: 13147959)</system-out>
        </testcase>
        <system-out>Suite result: ok. 3 passed; 0 failed; 0 skipped; finished in 34.08ms (2.44ms CPU time)</system-out>
    </testsuite>
    <testsuite name="test/L1/OPContractsManager.t.sol:OPContractsManager_Migrate_Test" tests="5" disabled="0" errors="0" failures="0" time="0.013">
        <testcase name="test_migrate_mismatchedAbsolutePrestates_reverts()" time="0.000">
            <system-out>[PASS] test_migrate_mismatchedAbsolutePrestates_reverts() (gas: 53708)</system-out>
        </testcase>
        <testcase name="test_migrate_mismatchedProxyAdminOwners_reverts()" time="0.000">
            <system-out>[PASS] test_migrate_mismatchedProxyAdminOwners_reverts() (gas: 42527)</system-out>
        </testcase>
        <testcase name="test_migrate_mismatchedSuperchainConfig_reverts()" time="0.000">
            <system-out>[PASS] test_migrate_mismatchedSuperchainConfig_reverts() (gas: 80791)</system-out>
        </testcase>
        <testcase name="test_migrate_withPermissionlessGame_succeeds()" time="0.002">
            <system-out>[PASS] test_migrate_withPermissionlessGame_succeeds() (gas: 12811794)</system-out>
        </testcase>
        <testcase name="test_migrate_withoutPermissionlessGame_succeeds()" time="0.001">
            <system-out>[PASS] test_migrate_withoutPermissionlessGame_succeeds() (gas: 7613295)</system-out>
        </testcase>
        <system-out>Suite result: ok. 5 passed; 0 failed; 0 skipped; finished in 12.94ms (3.83ms CPU time)</system-out>
    </testsuite>
    <testsuite name="test/L1/OPContractsManager.t.sol:OPContractsManager_UpdatePrestate_Test" tests="5" disabled="0" errors="0" failures="0" time="0.019">
        <testcase name="test_updatePrestate_bothGamesWithValidInput_succeeds()" time="0.001">
            <system-out>[PASS] test_updatePrestate_bothGamesWithValidInput_succeeds() (gas: 15359257)</system-out>
        </testcase>
        <testcase name="test_updatePrestate_mixedGameTypes_reverts()" time="0.001">
            <system-out>[PASS] test_updatePrestate_mixedGameTypes_reverts() (gas: 10253771)</system-out>
        </testcase>
        <testcase name="test_updatePrestate_pdgOnlyWithValidInput_succeeds()" time="0.001">
            <system-out>[PASS] test_updatePrestate_pdgOnlyWithValidInput_succeeds() (gas: 5061768)</system-out>
        </testcase>
        <testcase name="test_updatePrestate_whenPDGPrestateIsZero_reverts()" time="0.000">
            <system-out>[PASS] test_updatePrestate_whenPDGPrestateIsZero_reverts() (gas: 29489)</system-out>
        </testcase>
        <testcase name="test_updatePrestate_withSuperGame_succeeds()" time="0.002">
            <system-out>[PASS] test_updatePrestate_withSuperGame_succeeds() (gas: 19899502)</system-out>
        </testcase>
        <system-out>Suite result: ok. 5 passed; 0 failed; 0 skipped; finished in 19.05ms (4.78ms CPU time)</system-out>
    </testsuite>
    <testsuite name="test/L1/OPContractsManager.t.sol:OPContractsManager_Upgrade_Test" tests="1" disabled="1" errors="0" failures="0" time="0.222">
        <testcase name="setUp()" time="0.000">
            <skipped message="skipped"/>
            <system-out>[SKIP: skipped] setUp() (gas: 0)</system-out>
        </testcase>
        <system-out>Suite result: ok. 0 passed; 0 failed; 1 skipped; finished in 222.22ms (0.00ns CPU time)</system-out>
    </testsuite>
    <testsuite name="test/L1/OPContractsManager.t.sol:OPContractsManager_Version_Test" tests="1" disabled="0" errors="0" failures="0" time="0.009">
        <testcase name="test_semver_works()" time="0.000">
            <system-out>[PASS] test_semver_works() (gas: 10455)</system-out>
        </testcase>
        <system-out>Suite result: ok. 1 passed; 0 failed; 0 skipped; finished in 9.44ms (26.04µs CPU time)</system-out>
    </testsuite>
    <testsuite name="test/L1/OPContractsManagerStandardValidator.t.sol:OPContractsManagerStandardValidator_AnchorStateRegistry_Test" tests="6" disabled="0" errors="0" failures="0" time="0.194">
        <testcase name="test_validate_anchorStateRegistryInvalidDisputeGameFactory_succeeds()" time="0.001">
            <system-out>[PASS] test_validate_anchorStateRegistryInvalidDisputeGameFactory_succeeds() (gas: 545177)</system-out>
        </testcase>
        <testcase name="test_validate_anchorStateRegistryInvalidImplementation_succeeds()" time="0.001">
            <system-out>[PASS] test_validate_anchorStateRegistryInvalidImplementation_succeeds() (gas: 542375)</system-out>
        </testcase>
        <testcase name="test_validate_anchorStateRegistryInvalidProxyAdmin_succeeds()" time="0.001">
            <system-out>[PASS] test_validate_anchorStateRegistryInvalidProxyAdmin_succeeds() (gas: 545425)</system-out>
        </testcase>
        <testcase name="test_validate_anchorStateRegistryInvalidRetirementTimestamp_succeeds()" time="0.001">
            <system-out>[PASS] test_validate_anchorStateRegistryInvalidRetirementTimestamp_succeeds() (gas: 543478)</system-out>
        </testcase>
        <testcase name="test_validate_anchorStateRegistryInvalidSystemConfig_succeeds()" time="0.001">
            <system-out>[PASS] test_validate_anchorStateRegistryInvalidSystemConfig_succeeds() (gas: 543565)</system-out>
        </testcase>
        <testcase name="test_validate_anchorStateRegistryInvalidVersion_succeeds()" time="0.001">
            <system-out>[PASS] test_validate_anchorStateRegistryInvalidVersion_succeeds() (gas: 545173)</system-out>
        </testcase>
        <system-out>Suite result: ok. 6 passed; 0 failed; 0 skipped; finished in 194.48ms (4.52ms CPU time)</system-out>
    </testsuite>
    <testsuite name="test/L1/OPContractsManagerStandardValidator.t.sol:OPContractsManagerStandardValidator_CoreValidation_Test" tests="2" disabled="0" errors="0" failures="0" time="0.198">
        <testcase name="test_validate_allowFailureTrue_succeeds()" time="0.002">
            <system-out>[PASS] test_validate_allowFailureTrue_succeeds() (gas: 545442)</system-out>
        </testcase>
        <testcase name="test_validate_succeeds()" time="0.001">
            <system-out>[PASS] test_validate_succeeds() (gas: 545442)</system-out>
        </testcase>
        <system-out>Suite result: ok. 2 passed; 0 failed; 0 skipped; finished in 197.77ms (2.23ms CPU time)</system-out>
    </testsuite>
    <testsuite name="test/L1/OPContractsManagerStandardValidator.t.sol:OPContractsManagerStandardValidator_DelayedWETH_Test" tests="6" disabled="0" errors="0" failures="0" time="0.198">
        <testcase name="test_validate_delayedWETHInvalidDelay_succeeds()" time="0.001">
            <system-out>[PASS] test_validate_delayedWETHInvalidDelay_succeeds() (gas: 546474)</system-out>
        </testcase>
        <testcase name="test_validate_delayedWETHInvalidImplementation_succeeds()" time="0.001">
            <system-out>[PASS] test_validate_delayedWETHInvalidImplementation_succeeds() (gas: 543880)</system-out>
        </testcase>
        <testcase name="test_validate_delayedWETHInvalidProxyAdminOwner_succeeds()" time="0.001">
            <system-out>[PASS] test_validate_delayedWETHInvalidProxyAdminOwner_succeeds() (gas: 545526)</system-out>
        </testcase>
        <testcase name="test_validate_delayedWETHInvalidProxyAdmin_succeeds()" time="0.001">
            <system-out>[PASS] test_validate_delayedWETHInvalidProxyAdmin_succeeds() (gas: 546360)</system-out>
        </testcase>
        <testcase name="test_validate_delayedWETHInvalidSystemConfig_succeeds()" time="0.001">
            <system-out>[PASS] test_validate_delayedWETHInvalidSystemConfig_succeeds() (gas: 544329)</system-out>
        </testcase>
        <testcase name="test_validate_delayedWETHInvalidVersion_succeeds()" time="0.001">
            <system-out>[PASS] test_validate_delayedWETHInvalidVersion_succeeds() (gas: 546392)</system-out>
        </testcase>
        <system-out>Suite result: ok. 6 passed; 0 failed; 0 skipped; finished in 198.49ms (4.22ms CPU time)</system-out>
    </testsuite>
    <testsuite name="test/L1/OPContractsManagerStandardValidator.t.sol:OPContractsManagerStandardValidator_DisputeGameFactory_Test" tests="3" disabled="0" errors="0" failures="0" time="0.198">
        <testcase name="test_validate_disputeGameFactoryInvalidImplementation_succeeds()" time="0.001">
            <system-out>[PASS] test_validate_disputeGameFactoryInvalidImplementation_succeeds() (gas: 543367)</system-out>
        </testcase>
        <testcase name="test_validate_disputeGameFactoryInvalidOwner_succeeds()" time="0.001">
            <system-out>[PASS] test_validate_disputeGameFactoryInvalidOwner_succeeds() (gas: 543903)</system-out>
        </testcase>
        <testcase name="test_validate_disputeGameFactoryInvalidVersion_succeeds()" time="0.001">
            <system-out>[PASS] test_validate_disputeGameFactoryInvalidVersion_succeeds() (gas: 545755)</system-out>
        </testcase>
        <system-out>Suite result: ok. 3 passed; 0 failed; 0 skipped; finished in 198.02ms (2.51ms CPU time)</system-out>
    </testsuite>
    <testsuite name="test/L1/OPContractsManagerStandardValidator.t.sol:OPContractsManagerStandardValidator_ETHLockbox_Test" tests="5" disabled="0" errors="0" failures="0" time="0.200">
        <testcase name="test_validate_ethLockboxInvalidImplementation_succeeds()" time="0.001">
            <system-out>[PASS] test_validate_ethLockboxInvalidImplementation_succeeds() (gas: 543384)</system-out>
        </testcase>
        <testcase name="test_validate_ethLockboxInvalidProxyAdmin_succeeds()" time="0.001">
            <system-out>[PASS] test_validate_ethLockboxInvalidProxyAdmin_succeeds() (gas: 545774)</system-out>
        </testcase>
        <testcase name="test_validate_ethLockboxInvalidSystemConfig_succeeds()" time="0.001">
            <system-out>[PASS] test_validate_ethLockboxInvalidSystemConfig_succeeds() (gas: 543845)</system-out>
        </testcase>
        <testcase name="test_validate_ethLockboxInvalidVersion_succeeds()" time="0.001">
            <system-out>[PASS] test_validate_ethLockboxInvalidVersion_succeeds() (gas: 545934)</system-out>
        </testcase>
        <testcase name="test_validate_ethLockboxPortalUnauthorized_succeeds()" time="0.001">
            <system-out>[PASS] test_validate_ethLockboxPortalUnauthorized_succeeds() (gas: 545885)</system-out>
        </testcase>
        <system-out>Suite result: ok. 5 passed; 0 failed; 0 skipped; finished in 199.87ms (3.51ms CPU time)</system-out>
    </testsuite>
    <testsuite name="test/L1/OPContractsManagerStandardValidator.t.sol:OPContractsManagerStandardValidator_FaultDisputeGame_Test" tests="12" disabled="0" errors="0" failures="0" time="0.203">
        <testcase name="test_validate_faultDisputeGameInvalidAbsolutePrestate_succeeds()" time="0.001">
            <system-out>[PASS] test_validate_faultDisputeGameInvalidAbsolutePrestate_succeeds() (gas: 546477)</system-out>
        </testcase>
        <testcase name="test_validate_faultDisputeGameInvalidClockExtension_succeeds()" time="0.001">
            <system-out>[PASS] test_validate_faultDisputeGameInvalidClockExtension_succeeds() (gas: 546397)</system-out>
        </testcase>
        <testcase name="test_validate_faultDisputeGameInvalidGameType_succeeds()" time="0.001">
            <system-out>[PASS] test_validate_faultDisputeGameInvalidGameType_succeeds() (gas: 546427)</system-out>
        </testcase>
        <testcase name="test_validate_faultDisputeGameInvalidL2ChainId_succeeds()" time="0.001">
            <system-out>[PASS] test_validate_faultDisputeGameInvalidL2ChainId_succeeds() (gas: 546619)</system-out>
        </testcase>
        <testcase name="test_validate_faultDisputeGameInvalidL2SequenceNumber_succeeds()" time="0.001">
            <system-out>[PASS] test_validate_faultDisputeGameInvalidL2SequenceNumber_succeeds() (gas: 546360)</system-out>
        </testcase>
        <testcase name="test_validate_faultDisputeGameInvalidMaxClockDuration_succeeds()" time="0.001">
            <system-out>[PASS] test_validate_faultDisputeGameInvalidMaxClockDuration_succeeds() (gas: 546464)</system-out>
        </testcase>
        <testcase name="test_validate_faultDisputeGameInvalidMaxGameDepth_succeeds()" time="0.001">
            <system-out>[PASS] test_validate_faultDisputeGameInvalidMaxGameDepth_succeeds() (gas: 546395)</system-out>
        </testcase>
        <testcase name="test_validate_faultDisputeGameInvalidSplitDepth_succeeds()" time="0.001">
            <system-out>[PASS] test_validate_faultDisputeGameInvalidSplitDepth_succeeds() (gas: 546374)</system-out>
        </testcase>
        <testcase name="test_validate_faultDisputeGameInvalidVMStateVersion_succeeds()" time="0.001">
            <system-out>[PASS] test_validate_faultDisputeGameInvalidVMStateVersion_succeeds() (gas: 546722)</system-out>
        </testcase>
        <testcase name="test_validate_faultDisputeGameInvalidVM_succeeds()" time="0.001">
            <system-out>[PASS] test_validate_faultDisputeGameInvalidVM_succeeds() (gas: 542381)</system-out>
        </testcase>
        <testcase name="test_validate_faultDisputeGameInvalidVersion_succeeds()" time="0.001">
            <system-out>[PASS] test_validate_faultDisputeGameInvalidVersion_succeeds() (gas: 546286)</system-out>
        </testcase>
        <testcase name="test_validate_faultDisputeGameNullImplementation_succeeds()" time="0.000">
            <system-out>[PASS] test_validate_faultDisputeGameNullImplementation_succeeds() (gas: 479452)</system-out>
        </testcase>
        <system-out>Suite result: ok. 12 passed; 0 failed; 0 skipped; finished in 203.17ms (7.59ms CPU time)</system-out>
    </testsuite>
    <testsuite name="test/L1/OPContractsManagerStandardValidator.t.sol:OPContractsManagerStandardValidator_GeneralOverride_Test" tests="3" disabled="0" errors="0" failures="0" time="0.193">
        <testcase name="test_validateL1PAOMultisigAndChallengerOverrides_succeeds()" time="0.001">
            <system-out>[PASS] test_validateL1PAOMultisigAndChallengerOverrides_succeeds() (gas: 547287)</system-out>
        </testcase>
        <testcase name="test_validateOverrides_noErrors_succeeds()" time="0.001">
            <system-out>[PASS] test_validateOverrides_noErrors_succeeds() (gas: 536747)</system-out>
        </testcase>
        <testcase name="test_validateOverrides_notAllowFailurePrependsOverrides_succeeds()" time="0.001">
            <system-out>[PASS] test_validateOverrides_notAllowFailurePrependsOverrides_succeeds() (gas: 547258)</system-out>
        </testcase>
        <system-out>Suite result: ok. 3 passed; 0 failed; 0 skipped; finished in 192.50ms (2.41ms CPU time)</system-out>
    </testsuite>
    <testsuite name="test/L1/OPContractsManagerStandardValidator.t.sol:OPContractsManagerStandardValidator_L1CrossDomainMessenger_Test" tests="8" disabled="0" errors="0" failures="0" time="0.204">
        <testcase name="test_validate_l1CrossDomainMessengerBadImplementation_succeeds()" time="0.001">
            <system-out>[PASS] test_validate_l1CrossDomainMessengerBadImplementation_succeeds() (gas: 539911)</system-out>
        </testcase>
        <testcase name="test_validate_l1CrossDomainMessengerInvalidOtherMessengerLegacy_succeeds()" time="0.001">
            <system-out>[PASS] test_validate_l1CrossDomainMessengerInvalidOtherMessengerLegacy_succeeds() (gas: 543638)</system-out>
        </testcase>
        <testcase name="test_validate_l1CrossDomainMessengerInvalidOtherMessenger_succeeds()" time="0.001">
            <system-out>[PASS] test_validate_l1CrossDomainMessengerInvalidOtherMessenger_succeeds() (gas: 543678)</system-out>
        </testcase>
        <testcase name="test_validate_l1CrossDomainMessengerInvalidPortalLegacy_succeeds()" time="0.001">
            <system-out>[PASS] test_validate_l1CrossDomainMessengerInvalidPortalLegacy_succeeds() (gas: 543693)</system-out>
        </testcase>
        <testcase name="test_validate_l1CrossDomainMessengerInvalidPortal_succeeds()" time="0.001">
            <system-out>[PASS] test_validate_l1CrossDomainMessengerInvalidPortal_succeeds() (gas: 543677)</system-out>
        </testcase>
        <testcase name="test_validate_l1CrossDomainMessengerInvalidProxyAdmin_succeeds()" time="0.001">
            <system-out>[PASS] test_validate_l1CrossDomainMessengerInvalidProxyAdmin_succeeds() (gas: 538038)</system-out>
        </testcase>
        <testcase name="test_validate_l1CrossDomainMessengerInvalidSystemConfig_succeeds()" time="0.001">
            <system-out>[PASS] test_validate_l1CrossDomainMessengerInvalidSystemConfig_succeeds() (gas: 541589)</system-out>
        </testcase>
        <testcase name="test_validate_l1CrossDomainMessengerInvalidVersion_succeeds()" time="0.001">
            <system-out>[PASS] test_validate_l1CrossDomainMessengerInvalidVersion_succeeds() (gas: 543606)</system-out>
        </testcase>
        <system-out>Suite result: ok. 8 passed; 0 failed; 0 skipped; finished in 203.66ms (5.28ms CPU time)</system-out>
    </testsuite>
    <testsuite name="test/L1/OPContractsManagerStandardValidator.t.sol:OPContractsManagerStandardValidator_L1ERC721Bridge_Test" tests="8" disabled="0" errors="0" failures="0" time="0.199">
        <testcase name="test_validate_l1ERC721BridgeInvalidImplementation_succeeds()" time="0.001">
            <system-out>[PASS] test_validate_l1ERC721BridgeInvalidImplementation_succeeds() (gas: 543362)</system-out>
        </testcase>
        <testcase name="test_validate_l1ERC721BridgeInvalidMessengerLegacy_succeeds()" time="0.001">
            <system-out>[PASS] test_validate_l1ERC721BridgeInvalidMessengerLegacy_succeeds() (gas: 545851)</system-out>
        </testcase>
        <testcase name="test_validate_l1ERC721BridgeInvalidMessenger_succeeds()" time="0.001">
            <system-out>[PASS] test_validate_l1ERC721BridgeInvalidMessenger_succeeds() (gas: 545911)</system-out>
        </testcase>
        <testcase name="test_validate_l1ERC721BridgeInvalidOtherBridgeLegacy_succeeds()" time="0.001">
            <system-out>[PASS] test_validate_l1ERC721BridgeInvalidOtherBridgeLegacy_succeeds() (gas: 545894)</system-out>
        </testcase>
        <testcase name="test_validate_l1ERC721BridgeInvalidOtherBridge_succeeds()" time="0.001">
            <system-out>[PASS] test_validate_l1ERC721BridgeInvalidOtherBridge_succeeds() (gas: 545824)</system-out>
        </testcase>
        <testcase name="test_validate_l1ERC721BridgeInvalidProxyAdmin_succeeds()" time="0.001">
            <system-out>[PASS] test_validate_l1ERC721BridgeInvalidProxyAdmin_succeeds() (gas: 545829)</system-out>
        </testcase>
        <testcase name="test_validate_l1ERC721BridgeInvalidSystemConfig_succeeds()" time="0.001">
            <system-out>[PASS] test_validate_l1ERC721BridgeInvalidSystemConfig_succeeds() (gas: 543887)</system-out>
        </testcase>
        <testcase name="test_validate_l1ERC721BridgeInvalidVersion_succeeds()" time="0.001">
            <system-out>[PASS] test_validate_l1ERC721BridgeInvalidVersion_succeeds() (gas: 545877)</system-out>
        </testcase>
        <system-out>Suite result: ok. 8 passed; 0 failed; 0 skipped; finished in 198.68ms (5.21ms CPU time)</system-out>
    </testsuite>
    <testsuite name="test/L1/OPContractsManagerStandardValidator.t.sol:OPContractsManagerStandardValidator_L1StandardBridge_Test" tests="7" disabled="0" errors="0" failures="0" time="0.440">
        <testcase name="test_validate_l1StandardBridgeInvalidMessengerGetter_succeeds()" time="0.001">
            <system-out>[PASS] test_validate_l1StandardBridgeInvalidMessengerGetter_succeeds() (gas: 544585)</system-out>
        </testcase>
        <testcase name="test_validate_l1StandardBridgeInvalidMessengerImmutable_succeeds()" time="0.001">
            <system-out>[PASS] test_validate_l1StandardBridgeInvalidMessengerImmutable_succeeds() (gas: 544572)</system-out>
        </testcase>
        <testcase name="test_validate_l1StandardBridgeInvalidOtherBridgeGetter_succeeds()" time="0.001">
            <system-out>[PASS] test_validate_l1StandardBridgeInvalidOtherBridgeGetter_succeeds() (gas: 544565)</system-out>
        </testcase>
        <testcase name="test_validate_l1StandardBridgeInvalidOtherBridgeImmutable_succeeds()" time="0.001">
            <system-out>[PASS] test_validate_l1StandardBridgeInvalidOtherBridgeImmutable_succeeds() (gas: 544569)</system-out>
        </testcase>
        <testcase name="test_validate_l1StandardBridgeInvalidProxyAdmin_succeeds()" time="0.001">
            <system-out>[PASS] test_validate_l1StandardBridgeInvalidProxyAdmin_succeeds() (gas: 544550)</system-out>
        </testcase>
        <testcase name="test_validate_l1StandardBridgeInvalidSystemConfig_succeeds()" time="0.001">
            <system-out>[PASS] test_validate_l1StandardBridgeInvalidSystemConfig_succeeds() (gas: 542564)</system-out>
        </testcase>
        <testcase name="test_validate_l1StandardBridgeInvalidVersion_succeeds()" time="0.039">
            <system-out>[PASS] test_validate_l1StandardBridgeInvalidVersion_succeeds() (gas: 544483)</system-out>
        </testcase>
        <system-out>Suite result: ok. 7 passed; 0 failed; 0 skipped; finished in 439.75ms (43.00ms CPU time)</system-out>
    </testsuite>
    <testsuite name="test/L1/OPContractsManagerStandardValidator.t.sol:OPContractsManagerStandardValidator_OptimismMintableERC20Factory_Test" tests="4" disabled="0" errors="0" failures="0" time="0.476">
        <testcase name="test_validate_optimismMintableERC20FactoryInvalidBridgeLegacy_succeeds()" time="0.001">
            <system-out>[PASS] test_validate_optimismMintableERC20FactoryInvalidBridgeLegacy_succeeds() (gas: 545875)</system-out>
        </testcase>
        <testcase name="test_validate_optimismMintableERC20FactoryInvalidBridge_succeeds()" time="0.001">
            <system-out>[PASS] test_validate_optimismMintableERC20FactoryInvalidBridge_succeeds() (gas: 545847)</system-out>
        </testcase>
        <testcase name="test_validate_optimismMintableERC20FactoryInvalidImplementation_succeeds()" time="0.001">
            <system-out>[PASS] test_validate_optimismMintableERC20FactoryInvalidImplementation_succeeds() (gas: 541361)</system-out>
        </testcase>
        <testcase name="test_validate_optimismMintableERC20FactoryInvalidVersion_succeeds()" time="0.001">
            <system-out>[PASS] test_validate_optimismMintableERC20FactoryInvalidVersion_succeeds() (gas: 545897)</system-out>
        </testcase>
        <system-out>Suite result: ok. 4 passed; 0 failed; 0 skipped; finished in 476.31ms (2.79ms CPU time)</system-out>
    </testsuite>
    <testsuite name="test/L1/OPContractsManagerStandardValidator.t.sol:OPContractsManagerStandardValidator_OptimismPortal_Test" tests="6" disabled="0" errors="0" failures="0" time="0.433">
        <testcase name="test_validate_optimismPortalInvalidDisputeGameFactory_succeeds()" time="0.001">
            <system-out>[PASS] test_validate_optimismPortalInvalidDisputeGameFactory_succeeds() (gas: 539134)</system-out>
        </testcase>
        <testcase name="test_validate_optimismPortalInvalidImplementation_succeeds()" time="0.001">
            <system-out>[PASS] test_validate_optimismPortalInvalidImplementation_succeeds() (gas: 543385)</system-out>
        </testcase>
        <testcase name="test_validate_optimismPortalInvalidL2Sender_succeeds()" time="0.001">
            <system-out>[PASS] test_validate_optimismPortalInvalidL2Sender_succeeds() (gas: 543798)</system-out>
        </testcase>
        <testcase name="test_validate_optimismPortalInvalidProxyAdmin_succeeds()" time="0.001">
            <system-out>[PASS] test_validate_optimismPortalInvalidProxyAdmin_succeeds() (gas: 545783)</system-out>
        </testcase>
        <testcase name="test_validate_optimismPortalInvalidSystemConfig_succeeds()" time="0.001">
            <system-out>[PASS] test_validate_optimismPortalInvalidSystemConfig_succeeds() (gas: 543797)</system-out>
        </testcase>
        <testcase name="test_validate_optimismPortalInvalidVersion_succeeds()" time="0.033">
            <system-out>[PASS] test_validate_optimismPortalInvalidVersion_succeeds() (gas: 545842)</system-out>
        </testcase>
        <system-out>Suite result: ok. 6 passed; 0 failed; 0 skipped; finished in 432.82ms (36.48ms CPU time)</system-out>
    </testsuite>
    <testsuite name="test/L1/OPContractsManagerStandardValidator.t.sol:OPContractsManagerStandardValidator_PermissionedDisputeGame_Test" tests="16" disabled="0" errors="0" failures="0" time="0.500">
        <testcase name="test_validateOverridesChallenger_permissionedDisputeGameInvalidChallenger_succeeds()" time="0.001">
            <system-out>[PASS] test_validateOverridesChallenger_permissionedDisputeGameInvalidChallenger_succeeds() (gas: 545547)</system-out>
        </testcase>
[...]
        <system-out>Suite result: ok. 1 passed; 0 failed; 0 skipped; finished in 221.84ms (419.13µs CPU time)</system-out>
    </testsuite>
    <testsuite name="test/universal/Proxy.t.sol:Proxy_Admin_Test" tests="1" disabled="0" errors="0" failures="0" time="0.000">
        <testcase name="test_admin_notAdmin_succeeds()" time="0.000">
            <system-out>[PASS] test_admin_notAdmin_succeeds() (gas: 36395)</system-out>
        </testcase>
        <system-out>Suite result: ok. 1 passed; 0 failed; 0 skipped; finished in 185.71µs (26.25µs CPU time)</system-out>
    </testsuite>
    <testsuite name="test/universal/Proxy.t.sol:Proxy_ChangeAdmin_Test" tests="1" disabled="0" errors="0" failures="0" time="0.000">
        <testcase name="test_changeAdmin_ownerKey_succeeds()" time="0.000">
            <system-out>[PASS] test_changeAdmin_ownerKey_succeeds() (gas: 19697)</system-out>
        </testcase>
        <system-out>Suite result: ok. 1 passed; 0 failed; 0 skipped; finished in 142.58µs (15.54µs CPU time)</system-out>
    </testsuite>
    <testsuite name="test/universal/Proxy.t.sol:Proxy_Implementation_Test" tests="3" disabled="0" errors="0" failures="0" time="0.000">
        <testcase name="test_implementation_isZeroAddress_reverts()" time="0.000">
            <system-out>[PASS] test_implementation_isZeroAddress_reverts() (gas: 16859)</system-out>
        </testcase>
        <testcase name="test_implementation_key_succeeds()" time="0.000">
            <system-out>[PASS] test_implementation_key_succeeds() (gas: 21549)</system-out>
        </testcase>
        <testcase name="test_implementation_zeroAddressCaller_succeeds()" time="0.000">
            <system-out>[PASS] test_implementation_zeroAddressCaller_succeeds() (gas: 15050)</system-out>
        </testcase>
        <system-out>Suite result: ok. 3 passed; 0 failed; 0 skipped; finished in 161.83µs (40.38µs CPU time)</system-out>
    </testsuite>
    <testsuite name="test/universal/Proxy.t.sol:Proxy_Unclassified_Test" tests="1" disabled="0" errors="0" failures="0" time="0.000">
        <testcase name="test_delegatesToImpl_succeeds()" time="0.000">
            <system-out>[PASS] test_delegatesToImpl_succeeds() (gas: 46214)</system-out>
        </testcase>
        <system-out>Suite result: ok. 1 passed; 0 failed; 0 skipped; finished in 137.92µs (22.04µs CPU time)</system-out>
    </testsuite>
    <testsuite name="test/universal/Proxy.t.sol:Proxy_UpgradeToAndCall_Test" tests="3" disabled="0" errors="0" failures="0" time="0.000">
        <testcase name="test_upgradeToAndCall_functionDoesNotExist_reverts()" time="0.000">
            <system-out>[PASS] test_upgradeToAndCall_functionDoesNotExist_reverts() (gas: 108884)</system-out>
        </testcase>
        <testcase name="test_upgradeToAndCall_isPayable_succeeds()" time="0.000">
            <system-out>[PASS] test_upgradeToAndCall_isPayable_succeeds() (gas: 54453)</system-out>
        </testcase>
        <testcase name="test_upgradeToAndCall_succeeds()" time="0.000">
            <system-out>[PASS] test_upgradeToAndCall_succeeds() (gas: 125940)</system-out>
        </testcase>
        <system-out>Suite result: ok. 3 passed; 0 failed; 0 skipped; finished in 216.00µs (88.88µs CPU time)</system-out>
    </testsuite>
    <testsuite name="test/universal/Proxy.t.sol:Proxy_UpgradeTo_Test" tests="2" disabled="0" errors="0" failures="0" time="0.000">
        <testcase name="test_upgradeTo_clashingFunctionSignatures_succeeds()" time="0.000">
            <system-out>[PASS] test_upgradeTo_clashingFunctionSignatures_succeeds() (gas: 101995)</system-out>
        </testcase>
        <testcase name="test_upgradeTo_notAdmin_succeeds()" time="0.000">
            <system-out>[PASS] test_upgradeTo_notAdmin_succeeds() (gas: 30589)</system-out>
        </testcase>
        <system-out>Suite result: ok. 2 passed; 0 failed; 0 skipped; finished in 164.00µs (43.08µs CPU time)</system-out>
    </testsuite>
    <testsuite name="test/universal/ProxyAdmin.t.sol:ProxyAdmin_ChangeProxyAdmin_Test" tests="3" disabled="0" errors="0" failures="0" time="0.001">
        <testcase name="test_changeProxyAdmin_chugsplash_succeeds()" time="0.000">
            <system-out>[PASS] test_changeProxyAdmin_chugsplash_succeeds() (gas: 36814)</system-out>
        </testcase>
        <testcase name="test_changeProxyAdmin_erc1967_succeeds()" time="0.000">
            <system-out>[PASS] test_changeProxyAdmin_erc1967_succeeds() (gas: 35003)</system-out>
        </testcase>
        <testcase name="test_changeProxyAdmin_resolved_succeeds()" time="0.000">
            <system-out>[PASS] test_changeProxyAdmin_resolved_succeeds() (gas: 34261)</system-out>
        </testcase>
        <system-out>Suite result: ok. 3 passed; 0 failed; 0 skipped; finished in 500.29µs (68.58µs CPU time)</system-out>
    </testsuite>
    <testsuite name="test/universal/ProxyAdmin.t.sol:ProxyAdmin_GetProxyAdmin_Test" tests="3" disabled="0" errors="0" failures="0" time="0.000">
        <testcase name="test_getProxyAdmin_chugsplash_succeeds()" time="0.000">
            <system-out>[PASS] test_getProxyAdmin_chugsplash_succeeds() (gas: 18465)</system-out>
        </testcase>
        <testcase name="test_getProxyAdmin_erc1967_succeeds()" time="0.000">
            <system-out>[PASS] test_getProxyAdmin_erc1967_succeeds() (gas: 18449)</system-out>
        </testcase>
        <testcase name="test_getProxyAdmin_resolved_succeeds()" time="0.000">
            <system-out>[PASS] test_getProxyAdmin_resolved_succeeds() (gas: 20459)</system-out>
        </testcase>
        <system-out>Suite result: ok. 3 passed; 0 failed; 0 skipped; finished in 436.83µs (34.75µs CPU time)</system-out>
    </testsuite>
    <testsuite name="test/universal/ProxyAdmin.t.sol:ProxyAdmin_GetProxyImplementation_Test" tests="3" disabled="0" errors="0" failures="0" time="0.000">
        <testcase name="test_getProxyImplementation_chugsplash_succeeds()" time="0.000">
            <system-out>[PASS] test_getProxyImplementation_chugsplash_succeeds() (gas: 51689)</system-out>
        </testcase>
        <testcase name="test_getProxyImplementation_erc1967_succeeds()" time="0.000">
            <system-out>[PASS] test_getProxyImplementation_erc1967_succeeds() (gas: 52678)</system-out>
        </testcase>
        <testcase name="test_getProxyImplementation_resolved_succeeds()" time="0.000">
            <system-out>[PASS] test_getProxyImplementation_resolved_succeeds() (gas: 62699)</system-out>
        </testcase>
        <system-out>Suite result: ok. 3 passed; 0 failed; 0 skipped; finished in 477.63µs (80.29µs CPU time)</system-out>
    </testsuite>
    <testsuite name="test/universal/ProxyAdmin.t.sol:ProxyAdmin_IsUpgrading_Test" tests="1" disabled="0" errors="0" failures="0" time="0.000">
        <testcase name="test_isUpgrading_succeeds()" time="0.000">
            <system-out>[PASS] test_isUpgrading_succeeds() (gas: 20094)</system-out>
        </testcase>
        <system-out>Suite result: ok. 1 passed; 0 failed; 0 skipped; finished in 409.79µs (14.25µs CPU time)</system-out>
    </testsuite>
    <testsuite name="test/universal/ProxyAdmin.t.sol:ProxyAdmin_SetAddressManager_Test" tests="1" disabled="0" errors="0" failures="0" time="0.000">
        <testcase name="test_setAddressManager_notOwner_reverts()" time="0.000">
            <system-out>[PASS] test_setAddressManager_notOwner_reverts() (gas: 10554)</system-out>
        </testcase>
        <system-out>Suite result: ok. 1 passed; 0 failed; 0 skipped; finished in 398.29µs (8.42µs CPU time)</system-out>
    </testsuite>
    <testsuite name="test/universal/ProxyAdmin.t.sol:ProxyAdmin_SetImplementationName_Test" tests="2" disabled="0" errors="0" failures="0" time="0.000">
        <testcase name="test_setImplementationName_notOwner_reverts()" time="0.000">
            <system-out>[PASS] test_setImplementationName_notOwner_reverts() (gas: 11131)</system-out>
        </testcase>
        <testcase name="test_setImplementationName_succeeds()" time="0.000">
            <system-out>[PASS] test_setImplementationName_succeeds() (gas: 39246)</system-out>
        </testcase>
        <system-out>Suite result: ok. 2 passed; 0 failed; 0 skipped; finished in 423.04µs (31.42µs CPU time)</system-out>
    </testsuite>
    <testsuite name="test/universal/ProxyAdmin.t.sol:ProxyAdmin_SetProxyType_Test" tests="1" disabled="0" errors="0" failures="0" time="0.000">
        <testcase name="test_setProxyType_notOwner_reverts()" time="0.000">
            <system-out>[PASS] test_setProxyType_notOwner_reverts() (gas: 10792)</system-out>
        </testcase>
        <system-out>Suite result: ok. 1 passed; 0 failed; 0 skipped; finished in 399.17µs (9.67µs CPU time)</system-out>
    </testsuite>
    <testsuite name="test/universal/ProxyAdmin.t.sol:ProxyAdmin_Unclassified_Test" tests="3" disabled="0" errors="0" failures="0" time="0.000">
        <testcase name="test_onlyOwner_notOwner_reverts()" time="0.000">
            <system-out>[PASS] test_onlyOwner_notOwner_reverts() (gas: 22760)</system-out>
        </testcase>
        <testcase name="test_owner_succeeds()" time="0.000">
            <system-out>[PASS] test_owner_succeeds() (gas: 12595)</system-out>
        </testcase>
        <testcase name="test_proxyType_succeeds()" time="0.000">
            <system-out>[PASS] test_proxyType_succeeds() (gas: 24057)</system-out>
        </testcase>
        <system-out>Suite result: ok. 3 passed; 0 failed; 0 skipped; finished in 436.58µs (40.88µs CPU time)</system-out>
    </testsuite>
    <testsuite name="test/universal/ProxyAdmin.t.sol:ProxyAdmin_UpgradeAndCall_Test" tests="3" disabled="0" errors="0" failures="0" time="0.001">
        <testcase name="test_chugsplashUpgradeAndCall_succeeds()" time="0.000">
            <system-out>[PASS] test_chugsplashUpgradeAndCall_succeeds() (gas: 82901)</system-out>
        </testcase>
        <testcase name="test_delegateResolvedUpgradeAndCall_succeeds()" time="0.000">
            <system-out>[PASS] test_delegateResolvedUpgradeAndCall_succeeds() (gas: 98651)</system-out>
        </testcase>
        <testcase name="test_erc1967UpgradeAndCall_succeeds()" time="0.000">
            <system-out>[PASS] test_erc1967UpgradeAndCall_succeeds() (gas: 79671)</system-out>
        </testcase>
        <system-out>Suite result: ok. 3 passed; 0 failed; 0 skipped; finished in 514.63µs (116.46µs CPU time)</system-out>
    </testsuite>
    <testsuite name="test/universal/ProxyAdmin.t.sol:ProxyAdmin_Upgrade_Test" tests="3" disabled="0" errors="0" failures="0" time="0.000">
        <testcase name="test_upgrade_chugsplash_succeeds()" time="0.000">
            <system-out>[PASS] test_upgrade_chugsplash_succeeds() (gas: 49276)</system-out>
        </testcase>
        <testcase name="test_upgrade_erc1967_succeeds()" time="0.000">
            <system-out>[PASS] test_upgrade_erc1967_succeeds() (gas: 50346)</system-out>
        </testcase>
        <testcase name="test_upgrade_resolved_succeeds()" time="0.000">
            <system-out>[PASS] test_upgrade_resolved_succeeds() (gas: 58794)</system-out>
        </testcase>
        <system-out>Suite result: ok. 3 passed; 0 failed; 0 skipped; finished in 454.38µs (58.88µs CPU time)</system-out>
    </testsuite>
    <testsuite name="test/universal/ReinitializableBase.t.sol:ReinitializableBase_InitVersion_Test" tests="2" disabled="0" errors="0" failures="0" time="0.016">
        <testcase name="testFuzz_initVersion_validVersion_succeeds(uint8)" time="0.016">
            <system-out>[PASS] testFuzz_initVersion_validVersion_succeeds(uint8) (runs: 66, μ: 62398, ~: 62363)</system-out>
        </testcase>
        <testcase name="test_initVersion_zeroVersion_reverts()" time="0.000">
            <system-out>[PASS] test_initVersion_zeroVersion_reverts() (gas: 35544)</system-out>
        </testcase>
        <system-out>Suite result: ok. 2 passed; 0 failed; 0 skipped; finished in 16.22ms (16.13ms CPU time)</system-out>
    </testsuite>
    <testsuite name="test/universal/SafeSend.t.sol:SafeSend_Constructor_Test" tests="2" disabled="0" errors="0" failures="0" time="0.236">
        <testcase name="test_constructor_toContract_succeeds()" time="0.001">
            <system-out>[PASS] test_constructor_toContract_succeeds() (gas: 48298)</system-out>
        </testcase>
        <testcase name="test_constructor_toEOA_succeeds()" time="0.000">
            <system-out>[PASS] test_constructor_toEOA_succeeds() (gas: 51918)</system-out>
        </testcase>
        <system-out>Suite result: ok. 2 passed; 0 failed; 0 skipped; finished in 235.75ms (816.25µs CPU time)</system-out>
    </testsuite>
    <testsuite name="test/universal/StandardBridge.t.sol:StandardBridge_IsCorrectTokenPair_Test" tests="1" disabled="0" errors="0" failures="0" time="0.158">
        <testcase name="test_isCorrectTokenPair_succeeds()" time="0.000">
            <system-out>[PASS] test_isCorrectTokenPair_succeeds() (gas: 52501)</system-out>
        </testcase>
        <system-out>Suite result: ok. 1 passed; 0 failed; 0 skipped; finished in 158.47ms (134.33µs CPU time)</system-out>
    </testsuite>
    <testsuite name="test/universal/StandardBridge.t.sol:StandardBridge_IsOptimismMintableERC20_Test" tests="1" disabled="0" errors="0" failures="0" time="0.143">
        <testcase name="test_isOptimismMintableERC20_succeeds()" time="0.000">
            <system-out>[PASS] test_isOptimismMintableERC20_succeeds() (gas: 37134)</system-out>
        </testcase>
        <system-out>Suite result: ok. 1 passed; 0 failed; 0 skipped; finished in 143.29ms (76.42µs CPU time)</system-out>
    </testsuite>
    <testsuite name="test/universal/StandardBridge.t.sol:StandardBridge_Paused_Test" tests="1" disabled="0" errors="0" failures="0" time="0.135">
        <testcase name="test_paused_succeeds()" time="0.000">
            <system-out>[PASS] test_paused_succeeds() (gas: 8373)</system-out>
        </testcase>
        <system-out>Suite result: ok. 1 passed; 0 failed; 0 skipped; finished in 135.36ms (31.42µs CPU time)</system-out>
    </testsuite>
    <testsuite name="test/universal/WETH98.t.sol:WETH98_Approve_Test" tests="1" disabled="0" errors="0" failures="0" time="0.000">
        <testcase name="test_approve_succeeds()" time="0.000">
            <system-out>[PASS] test_approve_succeeds() (gas: 41094)</system-out>
        </testcase>
        <system-out>Suite result: ok. 1 passed; 0 failed; 0 skipped; finished in 405.58µs (36.71µs CPU time)</system-out>
    </testsuite>
    <testsuite name="test/universal/WETH98.t.sol:WETH98_Deposit_Test" tests="1" disabled="0" errors="0" failures="0" time="0.000">
        <testcase name="test_deposit_succeeds()" time="0.000">
            <system-out>[PASS] test_deposit_succeeds() (gas: 44280)</system-out>
        </testcase>
        <system-out>Suite result: ok. 1 passed; 0 failed; 0 skipped; finished in 289.42µs (55.04µs CPU time)</system-out>
    </testsuite>
    <testsuite name="test/universal/WETH98.t.sol:WETH98_Fallback_Test" tests="1" disabled="0" errors="0" failures="0" time="0.000">
        <testcase name="test_fallback_succeeds()" time="0.000">
            <system-out>[PASS] test_fallback_succeeds() (gas: 44409)</system-out>
        </testcase>
        <system-out>Suite result: ok. 1 passed; 0 failed; 0 skipped; finished in 197.04µs (20.92µs CPU time)</system-out>
    </testsuite>
    <testsuite name="test/universal/WETH98.t.sol:WETH98_Receive_Test" tests="1" disabled="0" errors="0" failures="0" time="0.000">
        <testcase name="test_receive_succeeds()" time="0.000">
            <system-out>[PASS] test_receive_succeeds() (gas: 44383)</system-out>
        </testcase>
        <system-out>Suite result: ok. 1 passed; 0 failed; 0 skipped; finished in 188.13µs (21.25µs CPU time)</system-out>
    </testsuite>
    <testsuite name="test/universal/WETH98.t.sol:WETH98_TransferFrom_Test" tests="3" disabled="0" errors="0" failures="0" time="0.000">
        <testcase name="test_transferFrom_succeeds()" time="0.000">
            <system-out>[PASS] test_transferFrom_succeeds() (gas: 76628)</system-out>
        </testcase>
        <testcase name="test_transferFrom_tooLittleApproval_fails()" time="0.000">
            <system-out>[PASS] test_transferFrom_tooLittleApproval_fails() (gas: 70528)</system-out>
        </testcase>
        <testcase name="test_transferFrom_tooLittleBalance_fails()" time="0.000">
            <system-out>[PASS] test_transferFrom_tooLittleBalance_fails() (gas: 70561)</system-out>
        </testcase>
        <system-out>Suite result: ok. 3 passed; 0 failed; 0 skipped; finished in 422.46µs (163.92µs CPU time)</system-out>
    </testsuite>
    <testsuite name="test/universal/WETH98.t.sol:WETH98_Transfer_Test" tests="2" disabled="0" errors="0" failures="0" time="0.001">
        <testcase name="test_transfer_succeeds()" time="0.000">
            <system-out>[PASS] test_transfer_succeeds() (gas: 57255)</system-out>
        </testcase>
        <testcase name="test_transfer_tooLarge_fails()" time="0.000">
            <system-out>[PASS] test_transfer_tooLarge_fails() (gas: 44698)</system-out>
        </testcase>
        <system-out>Suite result: ok. 2 passed; 0 failed; 0 skipped; finished in 820.75µs (54.04µs CPU time)</system-out>
    </testsuite>
    <testsuite name="test/universal/WETH98.t.sol:WETH98_Unclassified_Test" tests="1" disabled="0" errors="0" failures="0" time="0.000">
        <testcase name="test_getName_succeeds()" time="0.000">
            <system-out>[PASS] test_getName_succeeds() (gas: 13618)</system-out>
        </testcase>
        <system-out>Suite result: ok. 1 passed; 0 failed; 0 skipped; finished in 262.33µs (23.96µs CPU time)</system-out>
    </testsuite>
    <testsuite name="test/universal/WETH98.t.sol:WETH98_Withdraw_Test" tests="3" disabled="0" errors="0" failures="0" time="0.000">
        <testcase name="test_withdraw_partialWithdrawal_succeeds()" time="0.000">
            <system-out>[PASS] test_withdraw_partialWithdrawal_succeeds() (gas: 79367)</system-out>
        </testcase>
        <testcase name="test_withdraw_succeeds()" time="0.000">
            <system-out>[PASS] test_withdraw_succeeds() (gas: 59466)</system-out>
        </testcase>
        <testcase name="test_withdraw_tooLargeWithdrawal_fails()" time="0.000">
            <system-out>[PASS] test_withdraw_tooLargeWithdrawal_fails() (gas: 42499)</system-out>
        </testcase>
        <system-out>Suite result: ok. 3 passed; 0 failed; 0 skipped; finished in 228.71µs (53.54µs CPU time)</system-out>
    </testsuite>
    <testsuite name="test/vendor/AddressAliasHelper.t.sol:AddressAliasHelper_Unclassified_Test" tests="1" disabled="0" errors="0" failures="0" time="0.001">
        <testcase name="testFuzz_applyAndUndo_succeeds(address)" time="0.001">
            <system-out>[PASS] testFuzz_applyAndUndo_succeeds(address) (runs: 66, μ: 3223, ~: 3223)</system-out>
        </testcase>
        <system-out>Suite result: ok. 1 passed; 0 failed; 0 skipped; finished in 1.40ms (1.31ms CPU time)</system-out>
    </testsuite>
    <testsuite name="test/vendor/Initializable.t.sol:Initializer_Test" tests="1" disabled="0" errors="0" failures="0" time="38.052">
        <testcase name="test_cannotReinitialize_succeeds()" time="37.836">
            <system-out>[PASS] test_cannotReinitialize_succeeds() (gas: 24692873)</system-out>
        </testcase>
        <system-out>Suite result: ok. 1 passed; 0 failed; 0 skipped; finished in 38.05s (37.84s CPU time)</system-out>
    </testsuite>
    <testsuite name="test/vendor/InitializableOZv5.t.sol:InitializerOZv5_Test" tests="1" disabled="0" errors="0" failures="0" time="0.000">
        <testcase name="test_cannotReinitialize_succeeds()" time="0.000">
            <system-out>[PASS] test_cannotReinitialize_succeeds() (gas: 31337)</system-out>
        </testcase>
        <system-out>Suite result: ok. 1 passed; 0 failed; 0 skipped; finished in 193.42µs (25.00µs CPU time)</system-out>
    </testsuite>
</testsuites>

