<?xml version="1.0" encoding="UTF-8"?>
<testsuites name="Test run" tests="1599" failures="80" errors="0" timestamp="2025-08-28T00:20:30.917+00:00" time="1348.760">
    <testsuite name="test/CompileTest.t.sol:CompileTest" tests="1" disabled="0" errors="0" failures="0" time="0.000">
        <testcase name="test_compiles()" time="0.000">
            <system-out>[PASS] test_compiles() (gas: 2075673)</system-out>
        </testcase>
        <system-out>Suite result: ok. 1 passed; 0 failed; 0 skipped; finished in 119.50µs (46.79µs CPU time)</system-out>
    </testsuite>
    <testsuite name="test/L1/DataAvailabilityChallenge.t.sol:DataAvailabilityChallenge_Challenge_Test" tests="6" disabled="0" errors="0" failures="0" time="0.386">
        <testcase name="test_challenge_afterChallengeWindow_reverts()" time="0.000">
            <system-out>[PASS] test_challenge_afterChallengeWindow_reverts() (gas: 64733)</system-out>
        </testcase>
        <testcase name="test_challenge_beforeChallengeWindow_reverts()" time="0.000">
            <system-out>[PASS] test_challenge_beforeChallengeWindow_reverts() (gas: 61244)</system-out>
        </testcase>
        <testcase name="test_challenge_bondTooLow_reverts()" time="0.000">
            <system-out>[PASS] test_challenge_bondTooLow_reverts() (gas: 52508)</system-out>
        </testcase>
        <testcase name="test_challenge_challengeExists_reverts()" time="0.000">
            <system-out>[PASS] test_challenge_challengeExists_reverts() (gas: 322590)</system-out>
        </testcase>
        <testcase name="test_challenge_deposit_succeeds(address,uint256,bytes)" time="0.044">
            <system-out>[PASS] test_challenge_deposit_succeeds(address,uint256,bytes) (runs: 66, μ: 127365, ~: 127318)</system-out>
        </testcase>
        <testcase name="test_challenge_succeeds(address,uint256,bytes)" time="0.046">
            <system-out>[PASS] test_challenge_succeeds(address,uint256,bytes) (runs: 66, μ: 130678, ~: 130648)</system-out>
        </testcase>
        <system-out>Suite result: ok. 6 passed; 0 failed; 0 skipped; finished in 385.87ms (90.36ms CPU time)</system-out>
    </testsuite>
    <testsuite name="test/L1/DataAvailabilityChallenge.t.sol:DataAvailabilityChallenge_Deposit_Test" tests="1" disabled="0" errors="0" failures="0" time="0.249">
        <testcase name="testFuzz_deposit_succeeds(uint256)" time="0.036">
            <system-out>[PASS] testFuzz_deposit_succeeds(uint256) (runs: 66, μ: 46745, ~: 47149)</system-out>
        </testcase>
        <system-out>Suite result: ok. 1 passed; 0 failed; 0 skipped; finished in 248.52ms (36.29ms CPU time)</system-out>
    </testsuite>
    <testsuite name="test/L1/DataAvailabilityChallenge.t.sol:DataAvailabilityChallenge_GetChallengeStatus_Test" tests="3" disabled="0" errors="0" failures="0" time="0.242">
        <testcase name="testFuzz_getChallengeStatus_transitions_succeeds(uint256,bytes)" time="0.043">
            <system-out>[PASS] testFuzz_getChallengeStatus_transitions_succeeds(uint256,bytes) (runs: 66, μ: 119913, ~: 119908)</system-out>
        </testcase>
        <testcase name="test_getChallengeStatus_allStates_succeeds()" time="0.000">
            <system-out>[PASS] test_getChallengeStatus_allStates_succeeds() (gas: 149267)</system-out>
        </testcase>
        <testcase name="test_getChallengeStatus_expiredChallenge_succeeds()" time="0.000">
            <system-out>[PASS] test_getChallengeStatus_expiredChallenge_succeeds() (gas: 111516)</system-out>
        </testcase>
        <system-out>Suite result: ok. 3 passed; 0 failed; 0 skipped; finished in 241.54ms (43.26ms CPU time)</system-out>
    </testsuite>
    <testsuite name="test/L1/DataAvailabilityChallenge.t.sol:DataAvailabilityChallenge_GetChallenge_Test" tests="2" disabled="0" errors="0" failures="0" time="0.261">
        <testcase name="testFuzz_getChallenge_activeChallenge_succeeds(address,uint256,bytes)" time="0.048">
            <system-out>[PASS] testFuzz_getChallenge_activeChallenge_succeeds(address,uint256,bytes) (runs: 66, μ: 115251, ~: 115236)</system-out>
        </testcase>
        <testcase name="test_getChallenge_uninitializedChallenge_succeeds()" time="0.001">
            <system-out>[PASS] test_getChallenge_uninitializedChallenge_succeeds() (gas: 24760)</system-out>
        </testcase>
        <system-out>Suite result: ok. 2 passed; 0 failed; 0 skipped; finished in 260.94ms (49.09ms CPU time)</system-out>
    </testsuite>
    <testsuite name="test/L1/DataAvailabilityChallenge.t.sol:DataAvailabilityChallenge_Receive_Test" tests="1" disabled="0" errors="0" failures="0" time="0.238">
        <testcase name="testFuzz_receive_succeeds(uint256)" time="0.021">
            <system-out>[PASS] testFuzz_receive_succeeds(uint256) (runs: 66, μ: 45959, ~: 47169)</system-out>
        </testcase>
        <system-out>Suite result: ok. 1 passed; 0 failed; 0 skipped; finished in 238.45ms (21.10ms CPU time)</system-out>
    </testsuite>
    <testsuite name="test/L1/DataAvailabilityChallenge.t.sol:DataAvailabilityChallenge_Resolve_Test" tests="6" disabled="0" errors="0" failures="0" time="0.336">
        <testcase name="test_resolve_afterResolveWindow_reverts()" time="0.000">
            <system-out>[PASS] test_resolve_afterResolveWindow_reverts() (gas: 115199)</system-out>
        </testcase>
        <testcase name="test_resolve_expired_reverts()" time="0.000">
            <system-out>[PASS] test_resolve_expired_reverts() (gas: 115179)</system-out>
        </testcase>
        <testcase name="test_resolve_invalidInputData_reverts(address,address,bytes,bytes,uint256,uint256,uint128)" time="0.041">
            <system-out>[PASS] test_resolve_invalidInputData_reverts(address,address,bytes,bytes,uint256,uint256,uint128) (runs: 66, μ: 135506, ~: 135635)</system-out>
        </testcase>
        <testcase name="test_resolve_nonExistentChallenge_reverts()" time="0.000">
            <system-out>[PASS] test_resolve_nonExistentChallenge_reverts() (gas: 24831)</system-out>
        </testcase>
        <testcase name="test_resolve_resolved_reverts()" time="0.000">
            <system-out>[PASS] test_resolve_resolved_reverts() (gas: 145861)</system-out>
        </testcase>
        <testcase name="test_resolve_succeeds(address,address,bytes,uint256,uint256,uint64,uint128)" time="0.045">
            <system-out>[PASS] test_resolve_succeeds(address,address,bytes,uint256,uint256,uint64,uint128) (runs: 66, μ: 192277, ~: 187025)</system-out>
        </testcase>
        <system-out>Suite result: ok. 6 passed; 0 failed; 0 skipped; finished in 335.73ms (85.65ms CPU time)</system-out>
    </testsuite>
    <testsuite name="test/L1/DataAvailabilityChallenge.t.sol:DataAvailabilityChallenge_SetBondSize_Test" tests="2" disabled="0" errors="0" failures="0" time="0.241">
        <testcase name="test_setBondSize_onlyOwner_reverts(address,uint256)" time="0.036">
            <system-out>[PASS] test_setBondSize_onlyOwner_reverts(address,uint256) (runs: 66, μ: 17821, ~: 17821)</system-out>
        </testcase>
        <testcase name="test_setBondSize_succeeds()" time="0.000">
            <system-out>[PASS] test_setBondSize_succeeds() (gas: 121199)</system-out>
        </testcase>
        <system-out>Suite result: ok. 2 passed; 0 failed; 0 skipped; finished in 241.34ms (36.15ms CPU time)</system-out>
    </testsuite>
    <testsuite name="test/L1/DataAvailabilityChallenge.t.sol:DataAvailabilityChallenge_SetResolverRefundPercentage_Test" tests="3" disabled="0" errors="0" failures="0" time="0.275">
        <testcase name="testFuzz_setResolverRefundPercentage_onlyOwner_reverts(address,uint256)" time="0.036">
            <system-out>[PASS] testFuzz_setResolverRefundPercentage_onlyOwner_reverts(address,uint256) (runs: 66, μ: 21927, ~: 21990)</system-out>
        </testcase>
        <testcase name="test_setResolverRefundPercentage_invalidResolverRefundPercentage_reverts()" time="0.000">
            <system-out>[PASS] test_setResolverRefundPercentage_invalidResolverRefundPercentage_reverts() (gas: 17741)</system-out>
        </testcase>
        <testcase name="test_setResolverRefundPercentage_succeeds(uint256)" time="0.037">
            <system-out>[PASS] test_setResolverRefundPercentage_succeeds(uint256) (runs: 66, μ: 27659, ~: 27734)</system-out>
        </testcase>
        <system-out>Suite result: ok. 3 passed; 0 failed; 0 skipped; finished in 274.53ms (72.25ms CPU time)</system-out>
    </testsuite>
    <testsuite name="test/L1/DataAvailabilityChallenge.t.sol:DataAvailabilityChallenge_UnlockBond_Test" tests="5" disabled="0" errors="0" failures="0" time="0.237">
        <testcase name="test_unlockBond_expiredChallengeTwice_fails()" time="0.017">
            <system-out>[PASS] test_unlockBond_expiredChallengeTwice_fails() (gas: 127762)</system-out>
        </testcase>
        <testcase name="test_unlockBond_nonExistentChallenge_reverts()" time="0.000">
            <system-out>[PASS] test_unlockBond_nonExistentChallenge_reverts() (gas: 23891)</system-out>
        </testcase>
        <testcase name="test_unlockBond_resolveWindowNotClosed_reverts()" time="0.000">
            <system-out>[PASS] test_unlockBond_resolveWindowNotClosed_reverts() (gas: 114361)</system-out>
        </testcase>
        <testcase name="test_unlockBond_resolvedChallenge_reverts()" time="0.000">
            <system-out>[PASS] test_unlockBond_resolvedChallenge_reverts() (gas: 145077)</system-out>
        </testcase>
        <testcase name="test_unlockBond_succeeds(bytes,uint256)" time="0.044">
            <system-out>[PASS] test_unlockBond_succeeds(bytes,uint256) (runs: 66, μ: 143631, ~: 143616)</system-out>
        </testcase>
        <system-out>Suite result: ok. 5 passed; 0 failed; 0 skipped; finished in 236.67ms (61.41ms CPU time)</system-out>
    </testsuite>
    <testsuite name="test/L1/DataAvailabilityChallenge.t.sol:DataAvailabilityChallenge_ValidateCommitment_Test" tests="3" disabled="0" errors="0" failures="0" time="0.204">
        <testcase name="testFuzz_validateCommitment_invalidLength_reverts(uint8)" time="0.020">
            <system-out>[PASS] testFuzz_validateCommitment_invalidLength_reverts(uint8) (runs: 66, μ: 19518, ~: 19497)</system-out>
        </testcase>
        <testcase name="testFuzz_validateCommitment_unknownType_reverts(uint8,bytes32)" time="0.020">
            <system-out>[PASS] testFuzz_validateCommitment_unknownType_reverts(uint8,bytes32) (runs: 66, μ: 15366, ~: 15366)</system-out>
        </testcase>
        <testcase name="test_validateCommitment_validCommitment_succeeds()" time="0.000">
            <system-out>[PASS] test_validateCommitment_validCommitment_succeeds() (gas: 11534)</system-out>
        </testcase>
        <system-out>Suite result: ok. 3 passed; 0 failed; 0 skipped; finished in 203.90ms (39.68ms CPU time)</system-out>
    </testsuite>
    <testsuite name="test/L1/DataAvailabilityChallenge.t.sol:DataAvailabilityChallenge_Withdraw_Test" tests="2" disabled="0" errors="0" failures="0" time="0.286">
        <testcase name="test_withdraw_fails_reverts(address,uint256)" time="0.037">
            <system-out>[PASS] test_withdraw_fails_reverts(address,uint256) (runs: 66, μ: 99343, ~: 100163)</system-out>
        </testcase>
        <testcase name="test_withdraw_succeeds(address,uint256)" time="0.041">
            <system-out>[PASS] test_withdraw_succeeds(address,uint256) (runs: 66, μ: 103596, ~: 104178)</system-out>
        </testcase>
        <system-out>Suite result: ok. 2 passed; 0 failed; 0 skipped; finished in 285.95ms (77.57ms CPU time)</system-out>
    </testsuite>
    <testsuite name="test/L1/ETHLockbox.t.sol:ETHLockbox_AuthorizeLockbox_Test" tests="3" disabled="0" errors="0" failures="0" time="0.300">
        <testcase name="testFuzz_authorizeLockbox_differentProxyAdminOwner_reverts(address)" time="0.021">
            <system-out>[PASS] testFuzz_authorizeLockbox_differentProxyAdminOwner_reverts(address) (runs: 66, μ: 26573, ~: 26573)</system-out>
        </testcase>
        <testcase name="testFuzz_authorizeLockbox_succeeds(address)" time="0.038">
            <system-out>[PASS] testFuzz_authorizeLockbox_succeeds(address) (runs: 66, μ: 53160, ~: 53160)</system-out>
        </testcase>
        <testcase name="testFuzz_authorizeLockbox_unauthorized_reverts(address)" time="0.038">
            <system-out>[PASS] testFuzz_authorizeLockbox_unauthorized_reverts(address) (runs: 66, μ: 23868, ~: 23868)</system-out>
        </testcase>
        <system-out>Suite result: ok. 3 passed; 0 failed; 0 skipped; finished in 300.41ms (97.10ms CPU time)</system-out>
    </testsuite>
    <testsuite name="test/L1/ETHLockbox.t.sol:ETHLockbox_AuthorizePortal_Test" tests="5" disabled="0" errors="0" failures="0" time="0.358">
        <testcase name="testFuzz_authorizePortal_differentProxyAdminOwner_reverts(address)" time="0.038">
            <system-out>[PASS] testFuzz_authorizePortal_differentProxyAdminOwner_reverts(address) (runs: 66, μ: 26592, ~: 26592)</system-out>
        </testcase>
        <testcase name="testFuzz_authorizePortal_differentSuperchainConfig_reverts(address)" time="0.039">
            <system-out>[PASS] testFuzz_authorizePortal_differentSuperchainConfig_reverts(address) (runs: 66, μ: 39640, ~: 39640)</system-out>
        </testcase>
        <testcase name="testFuzz_authorizePortal_succeeds(address)" time="0.038">
            <system-out>[PASS] testFuzz_authorizePortal_succeeds(address) (runs: 66, μ: 69280, ~: 69280)</system-out>
        </testcase>
        <testcase name="testFuzz_authorizePortal_unauthorized_reverts(address)" time="0.041">
            <system-out>[PASS] testFuzz_authorizePortal_unauthorized_reverts(address) (runs: 66, μ: 25948, ~: 25948)</system-out>
        </testcase>
        <testcase name="test_authorizePortal_succeeds()" time="0.000">
            <system-out>[PASS] test_authorizePortal_succeeds() (gas: 41977)</system-out>
        </testcase>
        <system-out>Suite result: ok. 5 passed; 0 failed; 0 skipped; finished in 358.40ms (155.72ms CPU time)</system-out>
    </testsuite>
    <testsuite name="test/L1/ETHLockbox.t.sol:ETHLockbox_Initialize_Test" tests="4" disabled="0" errors="0" failures="0" time="14.848">
        <testcase name="testFuzz_initialize_notProxyAdminOrProxyAdminOwner_reverts(address)" time="14.407">
            <system-out>[PASS] testFuzz_initialize_notProxyAdminOrProxyAdminOwner_reverts(address) (runs: 66, μ: 83431, ~: 83431)</system-out>
        </testcase>
        <testcase name="test_initialize_alreadyInitialized_reverts()" time="0.000">
            <system-out>[PASS] test_initialize_alreadyInitialized_reverts() (gas: 18528)</system-out>
        </testcase>
        <testcase name="test_initialize_correctInitializerValue_succeeds()" time="0.222">
            <system-out>[PASS] test_initialize_correctInitializerValue_succeeds() (gas: 67335)</system-out>
        </testcase>
        <testcase name="test_initialize_succeeds()" time="0.001">
            <system-out>[PASS] test_initialize_succeeds() (gas: 36955)</system-out>
        </testcase>
        <system-out>Suite result: ok. 4 passed; 0 failed; 0 skipped; finished in 14.85s (14.63s CPU time)</system-out>
    </testsuite>
    <testsuite name="test/L1/ETHLockbox.t.sol:ETHLockbox_LockETH_Test" tests="3" disabled="0" errors="0" failures="0" time="0.721">
        <testcase name="testFuzz_lockETH_multiplePortals_succeeds(address,uint256)" time="0.086">
            <system-out>[PASS] testFuzz_lockETH_multiplePortals_succeeds(address,uint256) (runs: 66, μ: 81071, ~: 81173)</system-out>
        </testcase>
        <testcase name="testFuzz_lockETH_succeeds(uint256)" time="0.083">
            <system-out>[PASS] testFuzz_lockETH_succeeds(uint256) (runs: 66, μ: 33474, ~: 33576)</system-out>
        </testcase>
        <testcase name="testFuzz_lockETH_unauthorizedPortal_reverts(address)" time="0.118">
            <system-out>[PASS] testFuzz_lockETH_unauthorizedPortal_reverts(address) (runs: 66, μ: 17689, ~: 17689)</system-out>
        </testcase>
        <system-out>Suite result: ok. 3 passed; 0 failed; 0 skipped; finished in 721.17ms (286.35ms CPU time)</system-out>
    </testsuite>
    <testsuite name="test/L1/ETHLockbox.t.sol:ETHLockbox_MigrateLiquidity_Test" tests="3" disabled="0" errors="0" failures="0" time="0.699">
        <testcase name="testFuzz_migrateLiquidity_differentProxyAdminOwner_reverts(address)" time="0.074">
            <system-out>[PASS] testFuzz_migrateLiquidity_differentProxyAdminOwner_reverts(address) (runs: 66, μ: 26464, ~: 26464)</system-out>
        </testcase>
        <testcase name="testFuzz_migrateLiquidity_succeeds(uint256,uint256)" time="0.113">
            <system-out>[PASS] testFuzz_migrateLiquidity_succeeds(uint256,uint256) (runs: 66, μ: 573619, ~: 573569)</system-out>
        </testcase>
        <testcase name="testFuzz_migrateLiquidity_unauthorized_reverts(address)" time="0.078">
            <system-out>[PASS] testFuzz_migrateLiquidity_unauthorized_reverts(address) (runs: 66, μ: 23825, ~: 23825)</system-out>
        </testcase>
        <system-out>Suite result: ok. 3 passed; 0 failed; 0 skipped; finished in 699.12ms (264.75ms CPU time)</system-out>
    </testsuite>
    <testsuite name="test/L1/ETHLockbox.t.sol:ETHLockbox_Paused_Test" tests="1" disabled="0" errors="0" failures="0" time="0.198">
        <testcase name="test_paused_succeeds()" time="0.000">
            <system-out>[PASS] test_paused_succeeds() (gas: 62400)</system-out>
        </testcase>
        <system-out>Suite result: ok. 1 passed; 0 failed; 0 skipped; finished in 197.55ms (190.33µs CPU time)</system-out>
    </testsuite>
    <testsuite name="test/L1/ETHLockbox.t.sol:ETHLockbox_ReceiveLiquidity_Test" tests="1" disabled="0" errors="0" failures="0" time="0.277">
        <testcase name="testFuzz_receiveLiquidity_succeeds(address,uint256)" time="0.066">
            <system-out>[PASS] testFuzz_receiveLiquidity_succeeds(address,uint256) (runs: 66, μ: 64980, ~: 65082)</system-out>
        </testcase>
        <system-out>Suite result: ok. 1 passed; 0 failed; 0 skipped; finished in 277.32ms (66.08ms CPU time)</system-out>
    </testsuite>
    <testsuite name="test/L1/ETHLockbox.t.sol:ETHLockbox_Unclassified_Test" tests="1" disabled="0" errors="0" failures="0" time="0.234">
        <testcase name="test_proxyProxyAdminOwner_succeeds()" time="0.000">
            <system-out>[PASS] test_proxyProxyAdminOwner_succeeds() (gas: 22996)</system-out>
        </testcase>
        <system-out>Suite result: ok. 1 passed; 0 failed; 0 skipped; finished in 233.62ms (75.58µs CPU time)</system-out>
    </testsuite>
    <testsuite name="test/L1/ETHLockbox.t.sol:ETHLockbox_UnlockETH_Test" tests="6" disabled="0" errors="0" failures="0" time="0.481">
        <testcase name="testFuzz_unlockETH_insufficientBalance_reverts(uint256)" time="0.038">
            <system-out>[PASS] testFuzz_unlockETH_insufficientBalance_reverts(uint256) (runs: 66, μ: 60871, ~: 60871)</system-out>
        </testcase>
        <testcase name="testFuzz_unlockETH_multiplePortals_succeeds(address,uint256)" time="0.039">
            <system-out>[PASS] testFuzz_unlockETH_multiplePortals_succeeds(address,uint256) (runs: 66, μ: 118518, ~: 118722)</system-out>
        </testcase>
        <testcase name="testFuzz_unlockETH_paused_reverts(address,uint256)" time="0.037">
            <system-out>[PASS] testFuzz_unlockETH_paused_reverts(address,uint256) (runs: 66, μ: 50697, ~: 50697)</system-out>
        </testcase>
        <testcase name="testFuzz_unlockETH_succeeds(uint256)" time="0.045">
            <system-out>[PASS] testFuzz_unlockETH_succeeds(uint256) (runs: 66, μ: 71722, ~: 71722)</system-out>
        </testcase>
        <testcase name="testFuzz_unlockETH_unauthorizedPortal_reverts(address,uint256)" time="0.043">
            <system-out>[PASS] testFuzz_unlockETH_unauthorizedPortal_reverts(address,uint256) (runs: 66, μ: 56952, ~: 56952)</system-out>
        </testcase>
        <testcase name="testFuzz_unlockETH_withdrawalTransaction_reverts(uint256,address)" time="0.039">
            <system-out>[PASS] testFuzz_unlockETH_withdrawalTransaction_reverts(uint256,address) (runs: 66, μ: 60979, ~: 60984)</system-out>
        </testcase>
        <system-out>Suite result: ok. 6 passed; 0 failed; 0 skipped; finished in 481.03ms (241.76ms CPU time)</system-out>
    </testsuite>
    <testsuite name="test/L1/ETHLockbox.t.sol:ETHLockbox_Version_Test" tests="1" disabled="0" errors="0" failures="0" time="0.203">
        <testcase name="test_version_succeeds()" time="0.000">
            <system-out>[PASS] test_version_succeeds() (gas: 11267)</system-out>
        </testcase>
        <system-out>Suite result: ok. 1 passed; 0 failed; 0 skipped; finished in 203.05ms (63.58µs CPU time)</system-out>
    </testsuite>
    <testsuite name="test/L1/L1CrossDomainMessenger.t.sol:L1CrossDomainMessenger_Constructor_Test" tests="1" disabled="0" errors="0" failures="0" time="0.400">
        <testcase name="test_constructor_succeeds()" time="0.000">
            <system-out>[PASS] test_constructor_succeeds() (gas: 31632)</system-out>
        </testcase>
        <system-out>Suite result: ok. 1 passed; 0 failed; 0 skipped; finished in 399.65ms (103.83µs CPU time)</system-out>
    </testsuite>
    <testsuite name="test/L1/L1CrossDomainMessenger.t.sol:L1CrossDomainMessenger_Initialize_Test" tests="5" disabled="0" errors="0" failures="0" time="42.645">
        <testcase name="testFuzz_initialize_anyPortal_succeeds(address)" time="13.493">
            <system-out>[PASS] testFuzz_initialize_anyPortal_succeeds(address) (runs: 66, μ: 117469, ~: 116496)</system-out>
        </testcase>
        <testcase name="testFuzz_initialize_anySystemConfig_succeeds(address)" time="14.063">
            <system-out>[PASS] testFuzz_initialize_anySystemConfig_succeeds(address) (runs: 66, μ: 116545, ~: 116531)</system-out>
        </testcase>
        <testcase name="testFuzz_initialize_notProxyAdminOrProxyAdminOwner_reverts(address)" time="14.697">
            <system-out>[PASS] testFuzz_initialize_notProxyAdminOrProxyAdminOwner_reverts(address) (runs: 66, μ: 141912, ~: 141912)</system-out>
        </testcase>
        <testcase name="test_initialize_correctInitializerValue_succeeds()" time="0.237">
            <system-out>[PASS] test_initialize_correctInitializerValue_succeeds() (gas: 119159)</system-out>
        </testcase>
        <testcase name="test_initialize_succeeds()" time="0.000">
            <system-out>[PASS] test_initialize_succeeds() (gas: 59968)</system-out>
        </testcase>
        <system-out>Suite result: ok. 5 passed; 0 failed; 0 skipped; finished in 42.64s (42.49s CPU time)</system-out>
    </testsuite>
    <testsuite name="test/L1/L1CrossDomainMessenger.t.sol:L1CrossDomainMessenger_Paused_Test" tests="2" disabled="0" errors="0" failures="0" time="0.417">
        <testcase name="test_pause_callsSuperchainConfig_succeeds()" time="0.000">
            <system-out>[PASS] test_pause_callsSuperchainConfig_succeeds() (gas: 63648)</system-out>
        </testcase>
        <testcase name="test_pause_matchesSuperchainConfig_succeeds()" time="0.000">
            <system-out>[PASS] test_pause_matchesSuperchainConfig_succeeds() (gas: 122257)</system-out>
        </testcase>
        <system-out>Suite result: ok. 2 passed; 0 failed; 0 skipped; finished in 416.81ms (307.33µs CPU time)</system-out>
    </testsuite>
    <testsuite name="test/L1/L1CrossDomainMessenger.t.sol:L1CrossDomainMessenger_SendMessage_Test" tests="5" disabled="0" errors="0" failures="0" time="0.952">
        <testcase name="testFuzz_sendMessage_varyingInputs_succeeds(uint32,bytes,address)" time="0.474">
            <system-out>[PASS] testFuzz_sendMessage_varyingInputs_succeeds(uint32,bytes,address) (runs: 66, μ: 1002592, ~: 1183878)</system-out>
        </testcase>
        <testcase name="test_sendMessage_highGasLimit_reverts()" time="0.001">
            <system-out>[PASS] test_sendMessage_highGasLimit_reverts() (gas: 72937)</system-out>
        </testcase>
        <testcase name="test_sendMessage_succeeds()" time="0.001">
            <system-out>[PASS] test_sendMessage_succeeds() (gas: 422054)</system-out>
        </testcase>
        <testcase name="test_sendMessage_twice_succeeds()" time="0.003">
            <system-out>[PASS] test_sendMessage_twice_succeeds() (gas: 1725800)</system-out>
        </testcase>
        <testcase name="test_sendMessage_zeroGasLimit_succeeds()" time="0.019">
            <system-out>[PASS] test_sendMessage_zeroGasLimit_succeeds() (gas: 391273)</system-out>
        </testcase>
        <system-out>Suite result: ok. 5 passed; 0 failed; 0 skipped; finished in 951.63ms (498.01ms CPU time)</system-out>
    </testsuite>
    <testsuite name="test/L1/L1CrossDomainMessenger.t.sol:L1CrossDomainMessenger_SuperchainConfig_Test" tests="1" disabled="0" errors="0" failures="0" time="0.677">
        <testcase name="test_superchainConfig_succeeds()" time="0.000">
            <system-out>[PASS] test_superchainConfig_succeeds() (gas: 36534)</system-out>
        </testcase>
        <system-out>Suite result: ok. 1 passed; 0 failed; 0 skipped; finished in 676.80ms (346.29µs CPU time)</system-out>
    </testsuite>
    <testsuite name="test/L1/L1CrossDomainMessenger.t.sol:L1CrossDomainMessenger_Uncategorized_Test" tests="23" disabled="0" errors="0" failures="0" time="2.353">
        <testcase name="testFuzz_encodingOverhead_sufficient_succeeds(uint240,uint16,address,address,uint256,uint256,bytes)" time="0.086">
            <system-out>[PASS] testFuzz_encodingOverhead_sufficient_succeeds(uint240,uint16,address,address,uint256,uint256,bytes) (runs: 66, μ: 36224, ~: 36815)</system-out>
        </testcase>
        <testcase name="testFuzz_relayMessage_baseGasSufficient_succeeds(uint24,uint32,uint32)" time="1.375">
            <system-out>[PASS] testFuzz_relayMessage_baseGasSufficient_succeeds(uint24,uint32,uint32) (runs: 66, μ: 3039517, ~: 2121276)</system-out>
        </testcase>
        <testcase name="testFuzz_relayMessage_varyingInputs_succeeds(address,uint32,bytes)" time="0.125">
            <system-out>[PASS] testFuzz_relayMessage_varyingInputs_succeeds(address,uint32,bytes) (runs: 66, μ: 114460, ~: 113918)</system-out>
        </testcase>
        <testcase name="test_messageVersion_succeeds()" time="0.001">
            <system-out>[PASS] test_messageVersion_succeeds() (gas: 27705)</system-out>
        </testcase>
        <testcase name="test_relayMessage_fromOtherMessengerFailedMessageReplay_reverts()" time="0.000">
            <system-out>[PASS] test_relayMessage_fromOtherMessengerFailedMessageReplay_reverts() (gas: 8797746687696190704)</system-out>
        </testcase>
        <testcase name="test_relayMessage_fromOtherMessengerValueMismatch_reverts()" time="0.000">
            <system-out>[PASS] test_relayMessage_fromOtherMessengerValueMismatch_reverts() (gas: 81406)</system-out>
        </testcase>
        <testcase name="test_relayMessage_legacyOldReplay_reverts()" time="0.000">
            <system-out>[PASS] test_relayMessage_legacyOldReplay_reverts() (gas: 88866)</system-out>
        </testcase>
        <testcase name="test_relayMessage_legacyRetryAfterFailureThenSuccess_reverts()" time="0.001">
            <system-out>[PASS] test_relayMessage_legacyRetryAfterFailureThenSuccess_reverts() (gas: 288786)</system-out>
        </testcase>
        <testcase name="test_relayMessage_legacyRetryAfterFailure_succeeds()" time="0.000">
            <system-out>[PASS] test_relayMessage_legacyRetryAfterFailure_succeeds() (gas: 276455)</system-out>
        </testcase>
        <testcase name="test_relayMessage_legacyRetryAfterSuccess_reverts()" time="0.000">
            <system-out>[PASS] test_relayMessage_legacyRetryAfterSuccess_reverts() (gas: 170443)</system-out>
        </testcase>
        <testcase name="test_relayMessage_legacy_succeeds()" time="0.000">
            <system-out>[PASS] test_relayMessage_legacy_succeeds() (gas: 116929)</system-out>
        </testcase>
        <testcase name="test_relayMessage_paused_reverts()" time="0.000">
            <system-out>[PASS] test_relayMessage_paused_reverts() (gas: 90555)</system-out>
        </testcase>
        <testcase name="test_relayMessage_relayingNewMessageByExternalUser_reverts()" time="0.000">
            <system-out>[PASS] test_relayMessage_relayingNewMessageByExternalUser_reverts() (gas: 74539)</system-out>
        </testcase>
        <testcase name="test_relayMessage_replayStraddlingReinit_reverts()" time="0.000">
            <system-out>[PASS] test_relayMessage_replayStraddlingReinit_reverts() (gas: 124031)</system-out>
        </testcase>
        <testcase name="test_relayMessage_retryAfterFailure_succeeds()" time="0.001">
            <system-out>[PASS] test_relayMessage_retryAfterFailure_succeeds() (gas: 270439)</system-out>
        </testcase>
        <testcase name="test_relayMessage_succeeds()" time="0.000">
            <system-out>[PASS] test_relayMessage_succeeds() (gas: 113600)</system-out>
        </testcase>
        <testcase name="test_relayMessage_toOptimismPortal_reverts()" time="0.000">
            <system-out>[PASS] test_relayMessage_toOptimismPortal_reverts() (gas: 74308)</system-out>
        </testcase>
        <testcase name="test_relayMessage_toSelf_reverts()" time="0.000">
            <system-out>[PASS] test_relayMessage_toSelf_reverts() (gas: 74159)</system-out>
        </testcase>
        <testcase name="test_relayMessage_v2_reverts()" time="0.000">
            <system-out>[PASS] test_relayMessage_v2_reverts() (gas: 64755)</system-out>
        </testcase>
        <testcase name="test_replayMessage_withValue_reverts()" time="0.000">
            <system-out>[PASS] test_replayMessage_withValue_reverts() (gas: 72227)</system-out>
        </testcase>
        <testcase name="test_xDomainMessageSender_duringSend_reverts()" time="0.000">
            <system-out>[PASS] test_xDomainMessageSender_duringSend_reverts() (gas: 24339)</system-out>
        </testcase>
        <testcase name="test_xDomainMessageSender_reset_succeeds()" time="0.000">
            <system-out>[PASS] test_xDomainMessageSender_reset_succeeds() (gas: 122128)</system-out>
        </testcase>
        <testcase name="test_xDomainSender_notSet_reverts()" time="0.000">
            <system-out>[PASS] test_xDomainSender_notSet_reverts() (gas: 24381)</system-out>
        </testcase>
        <system-out>Suite result: ok. 23 passed; 0 failed; 0 skipped; finished in 2.35s (1.59s CPU time)</system-out>
    </testsuite>
    <testsuite name="test/L1/L1CrossDomainMessenger.t.sol:L1CrossDomainMessenger_Upgrade_Test" tests="3" disabled="0" errors="0" failures="0" time="15.859">
        <testcase name="testFuzz_upgrade_notProxyAdminOrProxyAdminOwner_reverts(address)" time="14.522">
            <system-out>[PASS] testFuzz_upgrade_notProxyAdminOrProxyAdminOwner_reverts(address) (runs: 66, μ: 137603, ~: 137603)</system-out>
        </testcase>
        <testcase name="test_upgrade_succeeds()" time="0.516">
            <system-out>[PASS] test_upgrade_succeeds() (gas: 191861)</system-out>
        </testcase>
        <testcase name="test_upgrade_upgradeTwice_reverts()" time="0.255">
            <system-out>[PASS] test_upgrade_upgradeTwice_reverts() (gas: 113085)</system-out>
        </testcase>
        <system-out>Suite result: ok. 3 passed; 0 failed; 0 skipped; finished in 15.86s (15.29s CPU time)</system-out>
    </testsuite>
    <testsuite name="test/L1/L1CrossDomainMessenger.t.sol:L1CrossDomainMessenger_portal_Test" tests="1" disabled="0" errors="0" failures="0" time="0.387">
        <testcase name="test_portal_succeeds()" time="0.000">
            <system-out>[PASS] test_portal_succeeds() (gas: 33667)</system-out>
        </testcase>
        <system-out>Suite result: ok. 1 passed; 0 failed; 0 skipped; finished in 387.32ms (111.25µs CPU time)</system-out>
    </testsuite>
    <testsuite name="test/L1/L1ERC721Bridge.t.sol:L1ERC721Bridge_Constructor_Test" tests="1" disabled="0" errors="0" failures="0" time="0.189">
        <testcase name="test_constructor_succeeds()" time="0.000">
            <system-out>[PASS] test_constructor_succeeds() (gas: 20104)</system-out>
        </testcase>
        <system-out>Suite result: ok. 1 passed; 0 failed; 0 skipped; finished in 188.79ms (117.04µs CPU time)</system-out>
    </testsuite>
    <testsuite name="test/L1/L1ERC721Bridge.t.sol:L1ERC721Bridge_FinalizeBridgeERC721_Test" tests="8" disabled="0" errors="0" failures="0" time="0.531">
        <testcase name="testFuzz_finalizeBridgeERC721_invalidCaller_reverts(address)" time="0.034">
            <system-out>[PASS] testFuzz_finalizeBridgeERC721_invalidCaller_reverts(address) (runs: 66, μ: 25761, ~: 25761)</system-out>
        </testcase>
        <testcase name="testFuzz_finalizeBridgeERC721_randomAddresses_succeeds(address,address)" time="0.096">
            <system-out>[PASS] testFuzz_finalizeBridgeERC721_randomAddresses_succeeds(address,address) (runs: 66, μ: 503764, ~: 503802)</system-out>
        </testcase>
        <testcase name="test_finalizeBridgeERC721_notEscrowed_reverts()" time="0.000">
            <system-out>[PASS] test_finalizeBridgeERC721_notEscrowed_reverts() (gas: 70564)</system-out>
        </testcase>
        <testcase name="test_finalizeBridgeERC721_notFromRemoteMessenger_reverts()" time="0.000">
            <system-out>[PASS] test_finalizeBridgeERC721_notFromRemoteMessenger_reverts() (gas: 29275)</system-out>
        </testcase>
        <testcase name="test_finalizeBridgeERC721_notViaLocalMessenger_reverts()" time="0.000">
            <system-out>[PASS] test_finalizeBridgeERC721_notViaLocalMessenger_reverts() (gas: 23293)</system-out>
        </testcase>
        <testcase name="test_finalizeBridgeERC721_paused_reverts()" time="0.000">
            <system-out>[PASS] test_finalizeBridgeERC721_paused_reverts() (gas: 102719)</system-out>
        </testcase>
        <testcase name="test_finalizeBridgeERC721_selfToken_reverts()" time="0.000">
            <system-out>[PASS] test_finalizeBridgeERC721_selfToken_reverts() (gas: 66126)</system-out>
        </testcase>
        <testcase name="test_finalizeBridgeERC721_succeeds()" time="0.001">
            <system-out>[PASS] test_finalizeBridgeERC721_succeeds() (gas: 483479)</system-out>
        </testcase>
        <system-out>Suite result: ok. 8 passed; 0 failed; 0 skipped; finished in 530.79ms (131.80ms CPU time)</system-out>
    </testsuite>
    <testsuite name="test/L1/L1ERC721Bridge.t.sol:L1ERC721Bridge_Initialize_Test" tests="3" disabled="0" errors="0" failures="0" time="14.847">
        <testcase name="testFuzz_initialize_notProxyAdminOrProxyAdminOwner_reverts(address)" time="14.404">
            <system-out>[PASS] testFuzz_initialize_notProxyAdminOrProxyAdminOwner_reverts(address) (runs: 66, μ: 100546, ~: 100546)</system-out>
        </testcase>
        <testcase name="test_initialize_correctInitializerValue_succeeds()" time="0.253">
            <system-out>[PASS] test_initialize_correctInitializerValue_succeeds() (gas: 82737)</system-out>
        </testcase>
        <testcase name="test_initialize_succeeds()" time="0.000">
            <system-out>[PASS] test_initialize_succeeds() (gas: 44170)</system-out>
        </testcase>
        <system-out>Suite result: ok. 3 passed; 0 failed; 0 skipped; finished in 14.85s (14.66s CPU time)</system-out>
    </testsuite>
    <testsuite name="test/L1/L1ERC721Bridge.t.sol:L1ERC721Bridge_Paused_Test" tests="3" disabled="0" errors="0" failures="0" time="0.137">
        <testcase name="test_pause_callsSuperchainConfig_succeeds()" time="0.000">
            <system-out>[PASS] test_pause_callsSuperchainConfig_succeeds() (gas: 54846)</system-out>
        </testcase>
        <testcase name="test_pause_matchesSuperchainConfig_succeeds()" time="0.000">
            <system-out>[PASS] test_pause_matchesSuperchainConfig_succeeds() (gas: 117869)</system-out>
        </testcase>
        <testcase name="test_paused_succeeds()" time="0.000">
            <system-out>[PASS] test_paused_succeeds() (gas: 60348)</system-out>
        </testcase>
        <system-out>Suite result: ok. 3 passed; 0 failed; 0 skipped; finished in 137.19ms (226.46µs CPU time)</system-out>
    </testsuite>
    <testsuite name="test/L1/L1ERC721Bridge.t.sol:L1ERC721Bridge_SuperchainConfig_Test" tests="1" disabled="0" errors="0" failures="0" time="0.147">
        <testcase name="test_superchainConfig_succeeds()" time="0.000">
            <system-out>[PASS] test_superchainConfig_succeeds() (gas: 29135)</system-out>
        </testcase>
        <system-out>Suite result: ok. 1 passed; 0 failed; 0 skipped; finished in 147.23ms (44.42µs CPU time)</system-out>
    </testsuite>
    <testsuite name="test/L1/L1ERC721Bridge.t.sol:L1ERC721Bridge_Uncategorized_Test" tests="13" disabled="0" errors="0" failures="0" time="1.030">
        <testcase name="testFuzz_bridgeERC721To_validRecipient_succeeds(address)" time="0.065">
            <system-out>[PASS] testFuzz_bridgeERC721To_validRecipient_succeeds(address) (runs: 66, μ: 479993, ~: 479993)</system-out>
        </testcase>
        <testcase name="testFuzz_bridgeERC721_variousGasLimits_succeeds(uint32)" time="0.827">
            <system-out>[PASS] testFuzz_bridgeERC721_variousGasLimits_succeeds(uint32) (runs: 66, μ: 6246279, ~: 7470256)</system-out>
        </testcase>
        <testcase name="test_bridgeERC721To_localTokenZeroAddress_reverts()" time="0.000">
            <system-out>[PASS] test_bridgeERC721To_localTokenZeroAddress_reverts() (gas: 61149)</system-out>
        </testcase>
        <testcase name="test_bridgeERC721To_remoteTokenZeroAddress_reverts()" time="0.000">
            <system-out>[PASS] test_bridgeERC721To_remoteTokenZeroAddress_reverts() (gas: 38024)</system-out>
        </testcase>
        <testcase name="test_bridgeERC721To_succeeds()" time="0.001">
            <system-out>[PASS] test_bridgeERC721To_succeeds() (gas: 485893)</system-out>
        </testcase>
        <testcase name="test_bridgeERC721To_toZeroAddress_reverts()" time="0.000">
            <system-out>[PASS] test_bridgeERC721To_toZeroAddress_reverts() (gas: 20986)</system-out>
        </testcase>
        <testcase name="test_bridgeERC721To_wrongOwner_reverts()" time="0.000">
            <system-out>[PASS] test_bridgeERC721To_wrongOwner_reverts() (gas: 71615)</system-out>
        </testcase>
        <testcase name="test_bridgeERC721_fromContract_reverts()" time="0.000">
            <system-out>[PASS] test_bridgeERC721_fromContract_reverts() (gas: 36526)</system-out>
        </testcase>
        <testcase name="test_bridgeERC721_fromEOA7702_succeeds()" time="0.001">
            <system-out>[PASS] test_bridgeERC721_fromEOA7702_succeeds() (gas: 486788)</system-out>
        </testcase>
        <testcase name="test_bridgeERC721_fromEOA_succeeds()" time="0.001">
            <system-out>[PASS] test_bridgeERC721_fromEOA_succeeds() (gas: 485626)</system-out>
        </testcase>
        <testcase name="test_bridgeERC721_localTokenZeroAddress_reverts()" time="0.000">
            <system-out>[PASS] test_bridgeERC721_localTokenZeroAddress_reverts() (gas: 59036)</system-out>
        </testcase>
        <testcase name="test_bridgeERC721_remoteTokenZeroAddress_reverts()" time="0.000">
            <system-out>[PASS] test_bridgeERC721_remoteTokenZeroAddress_reverts() (gas: 35869)</system-out>
        </testcase>
        <testcase name="test_bridgeERC721_wrongOwner_reverts()" time="0.000">
            <system-out>[PASS] test_bridgeERC721_wrongOwner_reverts() (gas: 71519)</system-out>
        </testcase>
        <system-out>Suite result: ok. 13 passed; 0 failed; 0 skipped; finished in 1.03s (894.43ms CPU time)</system-out>
    </testsuite>
    <testsuite name="test/L1/L1ERC721Bridge.t.sol:L1ERC721Bridge_Upgrade_Test" tests="3" disabled="0" errors="0" failures="0" time="14.734">
        <testcase name="testFuzz_upgrade_notProxyAdminOrProxyAdminOwner_reverts(address)" time="13.589">
            <system-out>[PASS] testFuzz_upgrade_notProxyAdminOrProxyAdminOwner_reverts(address) (runs: 66, μ: 96170, ~: 96170)</system-out>
        </testcase>
        <testcase name="test_upgrade_succeeds()" time="0.381">
            <system-out>[PASS] test_upgrade_succeeds() (gas: 129208)</system-out>
        </testcase>
        <testcase name="test_upgrade_upgradeTwice_reverts()" time="0.187">
            <system-out>[PASS] test_upgrade_upgradeTwice_reverts() (gas: 73435)</system-out>
        </testcase>
        <system-out>Suite result: ok. 3 passed; 0 failed; 0 skipped; finished in 14.73s (14.16s CPU time)</system-out>
    </testsuite>
    <testsuite name="test/L1/L1ERC721Bridge.t.sol:L1ERC721Bridge_Version_Test" tests="1" disabled="0" errors="0" failures="0" time="0.214">
        <testcase name="test_version_succeeds()" time="0.001">
            <system-out>[PASS] test_version_succeeds() (gas: 14835)</system-out>
        </testcase>
        <system-out>Suite result: ok. 1 passed; 0 failed; 0 skipped; finished in 214.15ms (578.75µs CPU time)</system-out>
    </testsuite>
    <testsuite name="test/L1/L1StandardBridge.t.sol:L1StandardBridge_Constructor_Test" tests="1" disabled="0" errors="0" failures="0" time="0.147">
        <testcase name="test_constructor_succeeds()" time="0.000">
            <system-out>[PASS] test_constructor_succeeds() (gas: 22725)</system-out>
        </testcase>
        <system-out>Suite result: ok. 1 passed; 0 failed; 0 skipped; finished in 146.78ms (53.79µs CPU time)</system-out>
    </testsuite>
    <testsuite name="test/L1/L1StandardBridge.t.sol:L1StandardBridge_DepositERC20To_Test" tests="2" disabled="0" errors="0" failures="0" time="0.139">
        <testcase name="test_depositERC20To_succeeds()" time="0.001">
            <system-out>[PASS] test_depositERC20To_succeeds() (gas: 834756)</system-out>
        </testcase>
        <testcase name="test_depositERC20To_zeroAmount_succeeds()" time="0.001">
            <system-out>[PASS] test_depositERC20To_zeroAmount_succeeds() (gas: 722947)</system-out>
        </testcase>
        <system-out>Suite result: ok. 2 passed; 0 failed; 0 skipped; finished in 139.46ms (2.57ms CPU time)</system-out>
    </testsuite>
    <testsuite name="test/L1/L1StandardBridge.t.sol:L1StandardBridge_DepositERC20_Test" tests="3" disabled="0" errors="0" failures="0" time="2.730">
        <testcase name="testFuzz_depositERC20_amountAndGas_succeeds(uint256,uint32)" time="2.487">
            <system-out>[PASS] testFuzz_depositERC20_amountAndGas_succeeds(uint256,uint32) (runs: 66, μ: 7948548, ~: 10873789)</system-out>
        </testcase>
        <testcase name="test_depositERC20_notEoa_reverts()" time="0.000">
            <system-out>[PASS] test_depositERC20_notEoa_reverts() (gas: 24910)</system-out>
        </testcase>
        <testcase name="test_depositERC20_succeeds()" time="0.034">
            <system-out>[PASS] test_depositERC20_succeeds() (gas: 832231)</system-out>
        </testcase>
        <system-out>Suite result: ok. 3 passed; 0 failed; 0 skipped; finished in 2.73s (2.52s CPU time)</system-out>
    </testsuite>
    <testsuite name="test/L1/L1StandardBridge.t.sol:L1StandardBridge_DepositETHTo_Test" tests="2" disabled="0" errors="0" failures="0" time="0.553">
        <testcase name="testFuzz_depositETHTo_randomRecipient_succeeds(address,uint256)" time="0.320">
            <system-out>[PASS] testFuzz_depositETHTo_randomRecipient_succeeds(address,uint256) (runs: 66, μ: 502822, ~: 503063)</system-out>
        </testcase>
        <testcase name="test_depositETHTo_succeeds()" time="0.017">
            <system-out>[PASS] test_depositETHTo_succeeds() (gas: 553109)</system-out>
        </testcase>
        <system-out>Suite result: ok. 2 passed; 0 failed; 0 skipped; finished in 552.74ms (337.20ms CPU time)</system-out>
    </testsuite>
    <testsuite name="test/L1/L1StandardBridge.t.sol:L1StandardBridge_DepositETH_Test" tests="3" disabled="0" errors="0" failures="0" time="0.243">
        <testcase name="test_depositETH_fromEOA7702_succeeds()" time="0.001">
            <system-out>[PASS] test_depositETH_fromEOA7702_succeeds() (gas: 542811)</system-out>
        </testcase>
        <testcase name="test_depositETH_fromEOA_succeeds()" time="0.001">
            <system-out>[PASS] test_depositETH_fromEOA_succeeds() (gas: 541863)</system-out>
        </testcase>
        <testcase name="test_depositETH_notEoa_reverts()" time="0.000">
            <system-out>[PASS] test_depositETH_notEoa_reverts() (gas: 43409)</system-out>
        </testcase>
        <system-out>Suite result: ok. 3 passed; 0 failed; 0 skipped; finished in 243.01ms (2.34ms CPU time)</system-out>
    </testsuite>
    <testsuite name="test/L1/L1StandardBridge.t.sol:L1StandardBridge_FinalizeERC20Withdrawal_Test" tests="3" disabled="0" errors="0" failures="0" time="0.236">
        <testcase name="testFuzz_finalizeERC20Withdrawal_notMessenger_reverts(address)" time="0.039">
            <system-out>[PASS] testFuzz_finalizeERC20Withdrawal_notMessenger_reverts(address) (runs: 66, μ: 42485, ~: 42485)</system-out>
        </testcase>
        <testcase name="test_finalizeERC20Withdrawal_notOtherBridge_reverts()" time="0.000">
            <system-out>[PASS] test_finalizeERC20Withdrawal_notOtherBridge_reverts() (gas: 40018)</system-out>
        </testcase>
        <testcase name="test_finalizeERC20Withdrawal_succeeds()" time="0.001">
            <system-out>[PASS] test_finalizeERC20Withdrawal_succeeds() (gas: 600976)</system-out>
        </testcase>
        <system-out>Suite result: ok. 3 passed; 0 failed; 0 skipped; finished in 236.06ms (40.13ms CPU time)</system-out>
    </testsuite>
    <testsuite name="test/L1/L1StandardBridge.t.sol:L1StandardBridge_FinalizeETHWithdrawal_Test" tests="1" disabled="0" errors="0" failures="0" time="0.688">
        <testcase name="test_finalizeETHWithdrawal_succeeds()" time="0.018">
            <system-out>[PASS] test_finalizeETHWithdrawal_succeeds() (gas: 111855)</system-out>
        </testcase>
        <system-out>Suite result: ok. 1 passed; 0 failed; 0 skipped; finished in 687.89ms (17.92ms CPU time)</system-out>
    </testsuite>
    <testsuite name="test/L1/L1StandardBridge.t.sol:L1StandardBridge_Initialize_Test" tests="3" disabled="0" errors="0" failures="0" time="14.654">
        <testcase name="testFuzz_initialize_notProxyAdminOrProxyAdminOwner_reverts(address)" time="13.777">
            <system-out>[PASS] testFuzz_initialize_notProxyAdminOrProxyAdminOwner_reverts(address) (runs: 66, μ: 104857, ~: 104857)</system-out>
        </testcase>
        <testcase name="test_initialize_correctInitializerValue_succeeds()" time="0.207">
            <system-out>[PASS] test_initialize_correctInitializerValue_succeeds() (gas: 91615)</system-out>
        </testcase>
        <testcase name="test_initialize_succeeds()" time="0.000">
            <system-out>[PASS] test_initialize_succeeds() (gas: 46276)</system-out>
        </testcase>
        <system-out>Suite result: ok. 3 passed; 0 failed; 0 skipped; finished in 14.65s (13.98s CPU time)</system-out>
    </testsuite>
    <testsuite name="test/L1/L1StandardBridge.t.sol:L1StandardBridge_Paused_Test" tests="7" disabled="0" errors="0" failures="0" time="0.192">
        <testcase name="test_paused_callsSuperchainConfig_succeeds()" time="0.000">
            <system-out>[PASS] test_paused_callsSuperchainConfig_succeeds() (gas: 62627)</system-out>
        </testcase>
        <testcase name="test_paused_finalizeBridgeERC20_reverts()" time="0.001">
            <system-out>[PASS] test_paused_finalizeBridgeERC20_reverts() (gas: 118740)</system-out>
        </testcase>
        <testcase name="test_paused_finalizeBridgeETH_reverts()" time="0.000">
            <system-out>[PASS] test_paused_finalizeBridgeETH_reverts() (gas: 125241)</system-out>
        </testcase>
        <testcase name="test_paused_finalizeERC20Withdrawal_reverts()" time="0.000">
            <system-out>[PASS] test_paused_finalizeERC20Withdrawal_reverts() (gas: 118839)</system-out>
        </testcase>
        <testcase name="test_paused_finalizeETHWithdrawal_reverts()" time="0.000">
            <system-out>[PASS] test_paused_finalizeETHWithdrawal_reverts() (gas: 125215)</system-out>
        </testcase>
        <testcase name="test_paused_matchesSuperchainConfig_succeeds()" time="0.000">
            <system-out>[PASS] test_paused_matchesSuperchainConfig_succeeds() (gas: 129521)</system-out>
        </testcase>
        <testcase name="test_paused_succeeds()" time="0.000">
            <system-out>[PASS] test_paused_succeeds() (gas: 68131)</system-out>
        </testcase>
        <system-out>Suite result: ok. 7 passed; 0 failed; 0 skipped; finished in 191.62ms (1.59ms CPU time)</system-out>
    </testsuite>
    <testsuite name="test/L1/L1StandardBridge.t.sol:L1StandardBridge_Receive_Test" tests="2" disabled="0" errors="0" failures="0" time="0.205">
        <testcase name="test_receive_notEOA_reverts()" time="0.000">
            <system-out>[PASS] test_receive_notEOA_reverts() (gas: 31890)</system-out>
        </testcase>
        <testcase name="test_receive_succeeds()" time="0.001">
            <system-out>[PASS] test_receive_succeeds() (gas: 653375)</system-out>
        </testcase>
        <system-out>Suite result: ok. 2 passed; 0 failed; 0 skipped; finished in 205.46ms (1.19ms CPU time)</system-out>
    </testsuite>
    <testsuite name="test/L1/L1StandardBridge.t.sol:L1StandardBridge_Uncategorized_Test" tests="7" disabled="0" errors="0" failures="0" time="0.218">
        <testcase name="test_bridgeETHTo_succeeds()" time="0.001">
            <system-out>[PASS] test_bridgeETHTo_succeeds() (gas: 553098)</system-out>
        </testcase>
        <testcase name="test_bridgeETH_succeeds()" time="0.001">
            <system-out>[PASS] test_bridgeETH_succeeds() (gas: 541882)</system-out>
        </testcase>
        <testcase name="test_finalizeBridgeETH_incorrectValue_reverts()" time="0.000">
            <system-out>[PASS] test_finalizeBridgeETH_incorrectValue_reverts() (gas: 81566)</system-out>
        </testcase>
        <testcase name="test_finalizeBridgeETH_sendToMessenger_reverts()" time="0.000">
            <system-out>[PASS] test_finalizeBridgeETH_sendToMessenger_reverts() (gas: 81709)</system-out>
        </testcase>
        <testcase name="test_finalizeBridgeETH_sendToSelf_reverts()" time="0.000">
            <system-out>[PASS] test_finalizeBridgeETH_sendToSelf_reverts() (gas: 81549)</system-out>
        </testcase>
        <testcase name="test_finalizeBridgeETH_succeeds()" time="0.000">
            <system-out>[PASS] test_finalizeBridgeETH_succeeds() (gas: 99011)</system-out>
        </testcase>
        <testcase name="test_getters_succeeds()" time="0.000">
            <system-out>[PASS] test_getters_succeeds() (gas: 56001)</system-out>
        </testcase>
        <system-out>Suite result: ok. 7 passed; 0 failed; 0 skipped; finished in 218.38ms (2.29ms CPU time)</system-out>
    </testsuite>
    <testsuite name="test/L1/L1StandardBridge.t.sol:L1StandardBridge_Upgrade_Test" tests="3" disabled="0" errors="0" failures="0" time="15.955">
        <testcase name="testFuzz_upgrade_notProxyAdminOrProxyAdminOwner_reverts(address)" time="15.750">
            <system-out>[PASS] testFuzz_upgrade_notProxyAdminOrProxyAdminOwner_reverts(address) (runs: 66, μ: 100548, ~: 100548)</system-out>
        </testcase>
        <testcase name="test_upgrade_succeeds()" time="0.511">
            <system-out>[PASS] test_upgrade_succeeds() (gas: 138760)</system-out>
        </testcase>
        <testcase name="test_upgrade_upgradeTwice_reverts()" time="0.292">
            <system-out>[PASS] test_upgrade_upgradeTwice_reverts() (gas: 82013)</system-out>
        </testcase>
        <system-out>Suite result: ok. 3 passed; 0 failed; 0 skipped; finished in 15.96s (16.55s CPU time)</system-out>
    </testsuite>
    <testsuite name="test/L1/OPContractsManager.t.sol:OPContractsManager_AddGameType_Test" tests="10" disabled="0" errors="0" failures="0" time="0.013">
        <testcase name="test_addGameType_duplicateGameType_reverts()" time="0.001">
            <system-out>[PASS] test_addGameType_duplicateGameType_reverts() (gas: 5687390)</system-out>
        </testcase>
        <testcase name="test_addGameType_notDelegateCall_reverts()" time="0.000">
            <system-out>[PASS] test_addGameType_notDelegateCall_reverts() (gas: 62369)</system-out>
        </testcase>
        <testcase name="test_addGameType_outOfOrderInputs_reverts()" time="0.000">
            <system-out>[PASS] test_addGameType_outOfOrderInputs_reverts() (gas: 721294)</system-out>
        </testcase>
        <testcase name="test_addGameType_permissionedSuper_succeeds()" time="0.001">
            <system-out>[PASS] test_addGameType_permissionedSuper_succeeds() (gas: 5486824)</system-out>
        </testcase>
        <testcase name="test_addGameType_permissioned_succeeds()" time="0.001">
            <system-out>[PASS] test_addGameType_permissioned_succeeds() (gas: 5828018)</system-out>
        </testcase>
        <testcase name="test_addGameType_permissionlessSuper_succeeds()" time="0.001">
            <system-out>[PASS] test_addGameType_permissionlessSuper_succeeds() (gas: 5354053)</system-out>
        </testcase>
        <testcase name="test_addGameType_permissionless_succeeds()" time="0.001">
            <system-out>[PASS] test_addGameType_permissionless_succeeds() (gas: 5724582)</system-out>
        </testcase>
        <testcase name="test_addGameType_reusedDelayedWETH_succeeds()" time="0.001">
            <system-out>[PASS] test_addGameType_reusedDelayedWETH_succeeds() (gas: 6414338)</system-out>
        </testcase>
        <testcase name="test_addGameType_unsupportedGameType_reverts()" time="0.000">
            <system-out>[PASS] test_addGameType_unsupportedGameType_reverts() (gas: 701501)</system-out>
        </testcase>
        <testcase name="test_addGameType_zeroLengthInput_reverts()" time="0.000">
            <system-out>[PASS] test_addGameType_zeroLengthInput_reverts() (gas: 14947)</system-out>
        </testcase>
        <system-out>Suite result: ok. 10 passed; 0 failed; 0 skipped; finished in 13.42ms (4.09ms CPU time)</system-out>
    </testsuite>
    <testsuite name="test/L1/OPContractsManager.t.sol:OPContractsManager_ChainIdToBatchInboxAddress_Test" tests="1" disabled="0" errors="0" failures="0" time="0.001">
        <testcase name="test_calculatesBatchInboxAddress_succeeds()" time="0.000">
            <system-out>[PASS] test_calculatesBatchInboxAddress_succeeds() (gas: 14617)</system-out>
        </testcase>
        <system-out>Suite result: ok. 1 passed; 0 failed; 0 skipped; finished in 1.01ms (22.17µs CPU time)</system-out>
    </testsuite>
    <testsuite name="test/L1/OPContractsManager.t.sol:OPContractsManager_Deploy_Test" tests="3" disabled="0" errors="0" failures="0" time="0.013">
        <testcase name="test_deploy_l2ChainIdEqualsCurrentChainId_reverts()" time="0.000">
            <system-out>[PASS] test_deploy_l2ChainIdEqualsCurrentChainId_reverts() (gas: 68502)</system-out>
        </testcase>
        <testcase name="test_deploy_l2ChainIdEqualsZero_reverts()" time="0.000">
            <system-out>[PASS] test_deploy_l2ChainIdEqualsZero_reverts() (gas: 68516)</system-out>
        </testcase>
        <testcase name="test_deploy_succeeds()" time="0.001">
            <system-out>[PASS] test_deploy_succeeds() (gas: 13269702)</system-out>
        </testcase>
        <system-out>Suite result: ok. 3 passed; 0 failed; 0 skipped; finished in 12.99ms (1.79ms CPU time)</system-out>
    </testsuite>
    <testsuite name="test/L1/OPContractsManager.t.sol:OPContractsManager_Migrate_Test" tests="5" disabled="0" errors="0" failures="0" time="0.013">
        <testcase name="test_migrate_mismatchedAbsolutePrestates_reverts()" time="0.000">
            <system-out>[PASS] test_migrate_mismatchedAbsolutePrestates_reverts() (gas: 53708)</system-out>
        </testcase>
        <testcase name="test_migrate_mismatchedProxyAdminOwners_reverts()" time="0.000">
            <system-out>[PASS] test_migrate_mismatchedProxyAdminOwners_reverts() (gas: 42527)</system-out>
        </testcase>
        <testcase name="test_migrate_mismatchedSuperchainConfig_reverts()" time="0.000">
            <system-out>[PASS] test_migrate_mismatchedSuperchainConfig_reverts() (gas: 80791)</system-out>
        </testcase>
        <testcase name="test_migrate_withPermissionlessGame_succeeds()" time="0.002">
            <system-out>[PASS] test_migrate_withPermissionlessGame_succeeds() (gas: 12827116)</system-out>
        </testcase>
        <testcase name="test_migrate_withoutPermissionlessGame_succeeds()" time="0.001">
            <system-out>[PASS] test_migrate_withoutPermissionlessGame_succeeds() (gas: 7621158)</system-out>
        </testcase>
        <system-out>Suite result: ok. 5 passed; 0 failed; 0 skipped; finished in 12.62ms (3.41ms CPU time)</system-out>
    </testsuite>
    <testsuite name="test/L1/OPContractsManager.t.sol:OPContractsManager_UpdatePrestate_Test" tests="5" disabled="0" errors="0" failures="0" time="0.015">
        <testcase name="test_updatePrestate_bothGamesWithValidInput_succeeds()" time="0.001">
            <system-out>[PASS] test_updatePrestate_bothGamesWithValidInput_succeeds() (gas: 15724355)</system-out>
        </testcase>
        <testcase name="test_updatePrestate_mixedGameTypes_reverts()" time="0.001">
            <system-out>[PASS] test_updatePrestate_mixedGameTypes_reverts() (gas: 10382178)</system-out>
        </testcase>
        <testcase name="test_updatePrestate_pdgOnlyWithValidInput_succeeds()" time="0.001">
            <system-out>[PASS] test_updatePrestate_pdgOnlyWithValidInput_succeeds() (gas: 5182912)</system-out>
        </testcase>
        <testcase name="test_updatePrestate_whenPDGPrestateIsZero_reverts()" time="0.000">
            <system-out>[PASS] test_updatePrestate_whenPDGPrestateIsZero_reverts() (gas: 29489)</system-out>
        </testcase>
        <testcase name="test_updatePrestate_withSuperGame_succeeds()" time="0.002">
            <system-out>[PASS] test_updatePrestate_withSuperGame_succeeds() (gas: 19929200)</system-out>
        </testcase>
        <system-out>Suite result: ok. 5 passed; 0 failed; 0 skipped; finished in 14.74ms (5.18ms CPU time)</system-out>
    </testsuite>
    <testsuite name="test/L1/OPContractsManager.t.sol:OPContractsManager_Upgrade_Test" tests="1" disabled="1" errors="0" failures="0" time="0.201">
        <testcase name="setUp()" time="0.000">
            <skipped message="skipped"/>
            <system-out>[SKIP: skipped] setUp() (gas: 0)</system-out>
        </testcase>
        <system-out>Suite result: ok. 0 passed; 0 failed; 1 skipped; finished in 201.28ms (0.00ns CPU time)</system-out>
    </testsuite>
    <testsuite name="test/L1/OPContractsManager.t.sol:OPContractsManager_Version_Test" tests="1" disabled="0" errors="0" failures="0" time="0.010">
        <testcase name="test_semver_works()" time="0.000">
            <system-out>[PASS] test_semver_works() (gas: 10455)</system-out>
        </testcase>
        <system-out>Suite result: ok. 1 passed; 0 failed; 0 skipped; finished in 9.53ms (26.96µs CPU time)</system-out>
    </testsuite>
    <testsuite name="test/L1/OPContractsManagerStandardValidator.t.sol:OPContractsManagerStandardValidator_AnchorStateRegistry_Test" tests="6" disabled="0" errors="0" failures="0" time="0.227">
        <testcase name="test_validate_anchorStateRegistryInvalidDisputeGameFactory_succeeds()" time="0.001">
            <system-out>[PASS] test_validate_anchorStateRegistryInvalidDisputeGameFactory_succeeds() (gas: 545224)</system-out>
        </testcase>
        <testcase name="test_validate_anchorStateRegistryInvalidImplementation_succeeds()" time="0.001">
            <system-out>[PASS] test_validate_anchorStateRegistryInvalidImplementation_succeeds() (gas: 542422)</system-out>
        </testcase>
        <testcase name="test_validate_anchorStateRegistryInvalidProxyAdmin_succeeds()" time="0.001">
            <system-out>[PASS] test_validate_anchorStateRegistryInvalidProxyAdmin_succeeds() (gas: 545472)</system-out>
        </testcase>
        <testcase name="test_validate_anchorStateRegistryInvalidRetirementTimestamp_succeeds()" time="0.001">
            <system-out>[PASS] test_validate_anchorStateRegistryInvalidRetirementTimestamp_succeeds() (gas: 543525)</system-out>
        </testcase>
        <testcase name="test_validate_anchorStateRegistryInvalidSystemConfig_succeeds()" time="0.001">
            <system-out>[PASS] test_validate_anchorStateRegistryInvalidSystemConfig_succeeds() (gas: 543612)</system-out>
        </testcase>
        <testcase name="test_validate_anchorStateRegistryInvalidVersion_succeeds()" time="0.001">
            <system-out>[PASS] test_validate_anchorStateRegistryInvalidVersion_succeeds() (gas: 545220)</system-out>
        </testcase>
        <system-out>Suite result: ok. 6 passed; 0 failed; 0 skipped; finished in 226.87ms (4.61ms CPU time)</system-out>
    </testsuite>
    <testsuite name="test/L1/OPContractsManagerStandardValidator.t.sol:OPContractsManagerStandardValidator_CoreValidation_Test" tests="2" disabled="0" errors="0" failures="0" time="0.211">
        <testcase name="test_validate_allowFailureTrue_succeeds()" time="0.001">
            <system-out>[PASS] test_validate_allowFailureTrue_succeeds() (gas: 545489)</system-out>
        </testcase>
        <testcase name="test_validate_succeeds()" time="0.001">
            <system-out>[PASS] test_validate_succeeds() (gas: 545489)</system-out>
        </testcase>
        <system-out>Suite result: ok. 2 passed; 0 failed; 0 skipped; finished in 211.13ms (1.41ms CPU time)</system-out>
    </testsuite>
    <testsuite name="test/L1/OPContractsManagerStandardValidator.t.sol:OPContractsManagerStandardValidator_DelayedWETH_Test" tests="6" disabled="0" errors="0" failures="0" time="0.495">
        <testcase name="test_validate_delayedWETHInvalidDelay_succeeds()" time="0.031">
            <system-out>[PASS] test_validate_delayedWETHInvalidDelay_succeeds() (gas: 546521)</system-out>
        </testcase>
        <testcase name="test_validate_delayedWETHInvalidImplementation_succeeds()" time="0.001">
            <system-out>[PASS] test_validate_delayedWETHInvalidImplementation_succeeds() (gas: 543927)</system-out>
        </testcase>
        <testcase name="test_validate_delayedWETHInvalidProxyAdminOwner_succeeds()" time="0.001">
            <system-out>[PASS] test_validate_delayedWETHInvalidProxyAdminOwner_succeeds() (gas: 545573)</system-out>
        </testcase>
        <testcase name="test_validate_delayedWETHInvalidProxyAdmin_succeeds()" time="0.001">
            <system-out>[PASS] test_validate_delayedWETHInvalidProxyAdmin_succeeds() (gas: 546407)</system-out>
        </testcase>
        <testcase name="test_validate_delayedWETHInvalidSystemConfig_succeeds()" time="0.001">
            <system-out>[PASS] test_validate_delayedWETHInvalidSystemConfig_succeeds() (gas: 544376)</system-out>
        </testcase>
        <testcase name="test_validate_delayedWETHInvalidVersion_succeeds()" time="0.001">
            <system-out>[PASS] test_validate_delayedWETHInvalidVersion_succeeds() (gas: 546439)</system-out>
        </testcase>
        <system-out>Suite result: ok. 6 passed; 0 failed; 0 skipped; finished in 495.37ms (35.70ms CPU time)</system-out>
    </testsuite>
    <testsuite name="test/L1/OPContractsManagerStandardValidator.t.sol:OPContractsManagerStandardValidator_DisputeGameFactory_Test" tests="3" disabled="0" errors="0" failures="0" time="0.607">
        <testcase name="test_validate_disputeGameFactoryInvalidImplementation_succeeds()" time="0.034">
            <system-out>[PASS] test_validate_disputeGameFactoryInvalidImplementation_succeeds() (gas: 543414)</system-out>
        </testcase>
        <testcase name="test_validate_disputeGameFactoryInvalidOwner_succeeds()" time="0.002">
            <system-out>[PASS] test_validate_disputeGameFactoryInvalidOwner_succeeds() (gas: 543972)</system-out>
        </testcase>
        <testcase name="test_validate_disputeGameFactoryInvalidVersion_succeeds()" time="0.001">
            <system-out>[PASS] test_validate_disputeGameFactoryInvalidVersion_succeeds() (gas: 545802)</system-out>
        </testcase>
        <system-out>Suite result: ok. 3 passed; 0 failed; 0 skipped; finished in 606.53ms (36.82ms CPU time)</system-out>
    </testsuite>
    <testsuite name="test/L1/OPContractsManagerStandardValidator.t.sol:OPContractsManagerStandardValidator_ETHLockbox_Test" tests="5" disabled="0" errors="0" failures="0" time="0.558">
        <testcase name="test_validate_ethLockboxInvalidImplementation_succeeds()" time="0.001">
            <system-out>[PASS] test_validate_ethLockboxInvalidImplementation_succeeds() (gas: 543431)</system-out>
        </testcase>
        <testcase name="test_validate_ethLockboxInvalidProxyAdmin_succeeds()" time="0.030">
            <system-out>[PASS] test_validate_ethLockboxInvalidProxyAdmin_succeeds() (gas: 545821)</system-out>
        </testcase>
        <testcase name="test_validate_ethLockboxInvalidSystemConfig_succeeds()" time="0.001">
            <system-out>[PASS] test_validate_ethLockboxInvalidSystemConfig_succeeds() (gas: 543892)</system-out>
        </testcase>
        <testcase name="test_validate_ethLockboxInvalidVersion_succeeds()" time="0.001">
            <system-out>[PASS] test_validate_ethLockboxInvalidVersion_succeeds() (gas: 545981)</system-out>
        </testcase>
        <testcase name="test_validate_ethLockboxPortalUnauthorized_succeeds()" time="0.001">
            <system-out>[PASS] test_validate_ethLockboxPortalUnauthorized_succeeds() (gas: 545932)</system-out>
        </testcase>
        <system-out>Suite result: ok. 5 passed; 0 failed; 0 skipped; finished in 558.47ms (34.18ms CPU time)</system-out>
    </testsuite>
    <testsuite name="test/L1/OPContractsManagerStandardValidator.t.sol:OPContractsManagerStandardValidator_FaultDisputeGame_Test" tests="12" disabled="0" errors="0" failures="0" time="0.469">
        <testcase name="test_validate_faultDisputeGameInvalidAbsolutePrestate_succeeds()" time="0.001">
            <system-out>[PASS] test_validate_faultDisputeGameInvalidAbsolutePrestate_succeeds() (gas: 546458)</system-out>
        </testcase>
        <testcase name="test_validate_faultDisputeGameInvalidClockExtension_succeeds()" time="0.001">
            <system-out>[PASS] test_validate_faultDisputeGameInvalidClockExtension_succeeds() (gas: 546444)</system-out>
        </testcase>
        <testcase name="test_validate_faultDisputeGameInvalidGameType_succeeds()" time="0.001">
            <system-out>[PASS] test_validate_faultDisputeGameInvalidGameType_succeeds() (gas: 546429)</system-out>
        </testcase>
        <testcase name="test_validate_faultDisputeGameInvalidL2ChainId_succeeds()" time="0.001">
            <system-out>[PASS] test_validate_faultDisputeGameInvalidL2ChainId_succeeds() (gas: 546666)</system-out>
        </testcase>
        <testcase name="test_validate_faultDisputeGameInvalidL2SequenceNumber_succeeds()" time="0.001">
            <system-out>[PASS] test_validate_faultDisputeGameInvalidL2SequenceNumber_succeeds() (gas: 546429)</system-out>
        </testcase>
        <testcase name="test_validate_faultDisputeGameInvalidMaxClockDuration_succeeds()" time="0.001">
            <system-out>[PASS] test_validate_faultDisputeGameInvalidMaxClockDuration_succeeds() (gas: 546445)</system-out>
        </testcase>
        <testcase name="test_validate_faultDisputeGameInvalidMaxGameDepth_succeeds()" time="0.001">
            <system-out>[PASS] test_validate_faultDisputeGameInvalidMaxGameDepth_succeeds() (gas: 546442)</system-out>
        </testcase>
        <testcase name="test_validate_faultDisputeGameInvalidSplitDepth_succeeds()" time="0.001">
            <system-out>[PASS] test_validate_faultDisputeGameInvalidSplitDepth_succeeds() (gas: 546443)</system-out>
        </testcase>
        <testcase name="test_validate_faultDisputeGameInvalidVMStateVersion_succeeds()" time="0.001">
            <system-out>[PASS] test_validate_faultDisputeGameInvalidVMStateVersion_succeeds() (gas: 546769)</system-out>
        </testcase>
        <testcase name="test_validate_faultDisputeGameInvalidVM_succeeds()" time="0.001">
            <system-out>[PASS] test_validate_faultDisputeGameInvalidVM_succeeds() (gas: 542458)</system-out>
        </testcase>
        <testcase name="test_validate_faultDisputeGameInvalidVersion_succeeds()" time="0.001">
            <system-out>[PASS] test_validate_faultDisputeGameInvalidVersion_succeeds() (gas: 546333)</system-out>
        </testcase>
        <testcase name="test_validate_faultDisputeGameNullImplementation_succeeds()" time="0.000">
            <system-out>[PASS] test_validate_faultDisputeGameNullImplementation_succeeds() (gas: 479343)</system-out>
        </testcase>
        <system-out>Suite result: ok. 12 passed; 0 failed; 0 skipped; finished in 468.66ms (7.29ms CPU time)</system-out>
    </testsuite>
    <testsuite name="test/L1/OPContractsManagerStandardValidator.t.sol:OPContractsManagerStandardValidator_GeneralOverride_Test" tests="3" disabled="0" errors="0" failures="0" time="0.310">
        <testcase name="test_validateL1PAOMultisigAndChallengerOverrides_succeeds()" time="0.002">
            <system-out>[PASS] test_validateL1PAOMultisigAndChallengerOverrides_succeeds() (gas: 547334)</system-out>
        </testcase>
        <testcase name="test_validateOverrides_noErrors_succeeds()" time="0.032">
            <system-out>[PASS] test_validateOverrides_noErrors_succeeds() (gas: 536838)</system-out>
        </testcase>
        <testcase name="test_validateOverrides_notAllowFailurePrependsOverrides_succeeds()" time="0.004">
            <system-out>[PASS] test_validateOverrides_notAllowFailurePrependsOverrides_succeeds() (gas: 547305)</system-out>
        </testcase>
        <system-out>Suite result: ok. 3 passed; 0 failed; 0 skipped; finished in 310.38ms (37.57ms CPU time)</system-out>
    </testsuite>
    <testsuite name="test/L1/OPContractsManagerStandardValidator.t.sol:OPContractsManagerStandardValidator_L1CrossDomainMessenger_Test" tests="8" disabled="0" errors="0" failures="0" time="0.393">
        <testcase name="test_validate_l1CrossDomainMessengerBadImplementation_succeeds()" time="0.001">
            <system-out>[PASS] test_validate_l1CrossDomainMessengerBadImplementation_succeeds() (gas: 539958)</system-out>
        </testcase>
        <testcase name="test_validate_l1CrossDomainMessengerInvalidOtherMessengerLegacy_succeeds()" time="0.001">
            <system-out>[PASS] test_validate_l1CrossDomainMessengerInvalidOtherMessengerLegacy_succeeds() (gas: 543685)</system-out>
        </testcase>
        <testcase name="test_validate_l1CrossDomainMessengerInvalidOtherMessenger_succeeds()" time="0.018">
            <system-out>[PASS] test_validate_l1CrossDomainMessengerInvalidOtherMessenger_succeeds() (gas: 543725)</system-out>
        </testcase>
        <testcase name="test_validate_l1CrossDomainMessengerInvalidPortalLegacy_succeeds()" time="0.002">
            <system-out>[PASS] test_validate_l1CrossDomainMessengerInvalidPortalLegacy_succeeds() (gas: 543740)</system-out>
        </testcase>
        <testcase name="test_validate_l1CrossDomainMessengerInvalidPortal_succeeds()" time="0.001">
            <system-out>[PASS] test_validate_l1CrossDomainMessengerInvalidPortal_succeeds() (gas: 543724)</system-out>
        </testcase>
        <testcase name="test_validate_l1CrossDomainMessengerInvalidProxyAdmin_succeeds()" time="0.001">
            <system-out>[PASS] test_validate_l1CrossDomainMessengerInvalidProxyAdmin_succeeds() (gas: 538085)</system-out>
        </testcase>
        <testcase name="test_validate_l1CrossDomainMessengerInvalidSystemConfig_succeeds()" time="0.001">
            <system-out>[PASS] test_validate_l1CrossDomainMessengerInvalidSystemConfig_succeeds() (gas: 541636)</system-out>
        </testcase>
        <testcase name="test_validate_l1CrossDomainMessengerInvalidVersion_succeeds()" time="0.001">
            <system-out>[PASS] test_validate_l1CrossDomainMessengerInvalidVersion_succeeds() (gas: 543653)</system-out>
        </testcase>
        <system-out>Suite result: ok. 8 passed; 0 failed; 0 skipped; finished in 392.65ms (24.59ms CPU time)</system-out>
    </testsuite>
    <testsuite name="test/L1/OPContractsManagerStandardValidator.t.sol:OPContractsManagerStandardValidator_L1ERC721Bridge_Test" tests="8" disabled="0" errors="0" failures="0" time="0.213">
        <testcase name="test_validate_l1ERC721BridgeInvalidImplementation_succeeds()" time="0.001">
            <system-out>[PASS] test_validate_l1ERC721BridgeInvalidImplementation_succeeds() (gas: 543409)</system-out>
        </testcase>
        <testcase name="test_validate_l1ERC721BridgeInvalidMessengerLegacy_succeeds()" time="0.001">
            <system-out>[PASS] test_validate_l1ERC721BridgeInvalidMessengerLegacy_succeeds() (gas: 545898)</system-out>
        </testcase>
        <testcase name="test_validate_l1ERC721BridgeInvalidMessenger_succeeds()" time="0.001">
            <system-out>[PASS] test_validate_l1ERC721BridgeInvalidMessenger_succeeds() (gas: 545958)</system-out>
        </testcase>
        <testcase name="test_validate_l1ERC721BridgeInvalidOtherBridgeLegacy_succeeds()" time="0.001">
            <system-out>[PASS] test_validate_l1ERC721BridgeInvalidOtherBridgeLegacy_succeeds() (gas: 545941)</system-out>
        </testcase>
        <testcase name="test_validate_l1ERC721BridgeInvalidOtherBridge_succeeds()" time="0.001">
            <system-out>[PASS] test_validate_l1ERC721BridgeInvalidOtherBridge_succeeds() (gas: 545871)</system-out>
        </testcase>
        <testcase name="test_validate_l1ERC721BridgeInvalidProxyAdmin_succeeds()" time="0.001">
            <system-out>[PASS] test_validate_l1ERC721BridgeInvalidProxyAdmin_succeeds() (gas: 545876)</system-out>
        </testcase>
        <testcase name="test_validate_l1ERC721BridgeInvalidSystemConfig_succeeds()" time="0.001">
            <system-out>[PASS] test_validate_l1ERC721BridgeInvalidSystemConfig_succeeds() (gas: 543934)</system-out>
        </testcase>
        <testcase name="test_validate_l1ERC721BridgeInvalidVersion_succeeds()" time="0.001">
            <system-out>[PASS] test_validate_l1ERC721BridgeInvalidVersion_succeeds() (gas: 545924)</system-out>
        </testcase>
        <system-out>Suite result: ok. 8 passed; 0 failed; 0 skipped; finished in 212.90ms (5.86ms CPU time)</system-out>
    </testsuite>
    <testsuite name="test/L1/OPContractsManagerStandardValidator.t.sol:OPContractsManagerStandardValidator_L1StandardBridge_Test" tests="7" disabled="0" errors="0" failures="0" time="0.213">
        <testcase name="test_validate_l1StandardBridgeInvalidMessengerGetter_succeeds()" time="0.001">
            <system-out>[PASS] test_validate_l1StandardBridgeInvalidMessengerGetter_succeeds() (gas: 544632)</system-out>
        </testcase>
        <testcase name="test_validate_l1StandardBridgeInvalidMessengerImmutable_succeeds()" time="0.001">
            <system-out>[PASS] test_validate_l1StandardBridgeInvalidMessengerImmutable_succeeds() (gas: 544619)</system-out>
        </testcase>
        <testcase name="test_validate_l1StandardBridgeInvalidOtherBridgeGetter_succeeds()" time="0.001">
            <system-out>[PASS] test_validate_l1StandardBridgeInvalidOtherBridgeGetter_succeeds() (gas: 544612)</system-out>
        </testcase>
        <testcase name="test_validate_l1StandardBridgeInvalidOtherBridgeImmutable_succeeds()" time="0.001">
            <system-out>[PASS] test_validate_l1StandardBridgeInvalidOtherBridgeImmutable_succeeds() (gas: 544616)</system-out>
        </testcase>
        <testcase name="test_validate_l1StandardBridgeInvalidProxyAdmin_succeeds()" time="0.001">
            <system-out>[PASS] test_validate_l1StandardBridgeInvalidProxyAdmin_succeeds() (gas: 544597)</system-out>
        </testcase>
        <testcase name="test_validate_l1StandardBridgeInvalidSystemConfig_succeeds()" time="0.001">
            <system-out>[PASS] test_validate_l1StandardBridgeInvalidSystemConfig_succeeds() (gas: 542611)</system-out>
        </testcase>
        <testcase name="test_validate_l1StandardBridgeInvalidVersion_succeeds()" time="0.001">
            <system-out>[PASS] test_validate_l1StandardBridgeInvalidVersion_succeeds() (gas: 544530)</system-out>
        </testcase>
        <system-out>Suite result: ok. 7 passed; 0 failed; 0 skipped; finished in 212.67ms (6.92ms CPU time)</system-out>
    </testsuite>
    <testsuite name="test/L1/OPContractsManagerStandardValidator.t.sol:OPContractsManagerStandardValidator_OptimismMintableERC20Factory_Test" tests="4" disabled="0" errors="0" failures="0" time="0.211">
        <testcase name="test_validate_optimismMintableERC20FactoryInvalidBridgeLegacy_succeeds()" time="0.001">
            <system-out>[PASS] test_validate_optimismMintableERC20FactoryInvalidBridgeLegacy_succeeds() (gas: 545922)</system-out>
        </testcase>
        <testcase name="test_validate_optimismMintableERC20FactoryInvalidBridge_succeeds()" time="0.001">
            <system-out>[PASS] test_validate_optimismMintableERC20FactoryInvalidBridge_succeeds() (gas: 545894)</system-out>
        </testcase>
        <testcase name="test_validate_optimismMintableERC20FactoryInvalidImplementation_succeeds()" time="0.001">
            <system-out>[PASS] test_validate_optimismMintableERC20FactoryInvalidImplementation_succeeds() (gas: 541408)</system-out>
        </testcase>
        <testcase name="test_validate_optimismMintableERC20FactoryInvalidVersion_succeeds()" time="0.001">
            <system-out>[PASS] test_validate_optimismMintableERC20FactoryInvalidVersion_succeeds() (gas: 545944)</system-out>
        </testcase>
        <system-out>Suite result: ok. 4 passed; 0 failed; 0 skipped; finished in 211.33ms (2.72ms CPU time)</system-out>
    </testsuite>
    <testsuite name="test/L1/OPContractsManagerStandardValidator.t.sol:OPContractsManagerStandardValidator_OptimismPortal_Test" tests="6" disabled="0" errors="0" failures="0" time="0.204">
        <testcase name="test_validate_optimismPortalInvalidDisputeGameFactory_succeeds()" time="0.001">
            <system-out>[PASS] test_validate_optimismPortalInvalidDisputeGameFactory_succeeds() (gas: 539181)</system-out>
        </testcase>
        <testcase name="test_validate_optimismPortalInvalidImplementation_succeeds()" time="0.001">
            <system-out>[PASS] test_validate_optimismPortalInvalidImplementation_succeeds() (gas: 543432)</system-out>
        </testcase>
        <testcase name="test_validate_optimismPortalInvalidL2Sender_succeeds()" time="0.001">
            <system-out>[PASS] test_validate_optimismPortalInvalidL2Sender_succeeds() (gas: 543845)</system-out>
        </testcase>
        <testcase name="test_validate_optimismPortalInvalidProxyAdmin_succeeds()" time="0.001">
            <system-out>[PASS] test_validate_optimismPortalInvalidProxyAdmin_succeeds() (gas: 545830)</system-out>
        </testcase>
        <testcase name="test_validate_optimismPortalInvalidSystemConfig_succeeds()" time="0.001">
            <system-out>[PASS] test_validate_optimismPortalInvalidSystemConfig_succeeds() (gas: 543844)</system-out>
        </testcase>
        <testcase name="test_validate_optimismPortalInvalidVersion_succeeds()" time="0.001">
            <system-out>[PASS] test_validate_optimismPortalInvalidVersion_succeeds() (gas: 545889)</system-out>
        </testcase>
        <system-out>Suite result: ok. 6 passed; 0 failed; 0 skipped; finished in 203.99ms (3.84ms CPU time)</system-out>
    </testsuite>
[...]
    </testsuite>
    <testsuite name="test/universal/Proxy.t.sol:Proxy_Admin_Test" tests="1" disabled="0" errors="0" failures="0" time="0.000">
        <testcase name="test_admin_notAdmin_succeeds()" time="0.000">
            <system-out>[PASS] test_admin_notAdmin_succeeds() (gas: 36395)</system-out>
        </testcase>
        <system-out>Suite result: ok. 1 passed; 0 failed; 0 skipped; finished in 286.21µs (34.54µs CPU time)</system-out>
    </testsuite>
    <testsuite name="test/universal/Proxy.t.sol:Proxy_ChangeAdmin_Test" tests="1" disabled="0" errors="0" failures="0" time="0.000">
        <testcase name="test_changeAdmin_ownerKey_succeeds()" time="0.000">
            <system-out>[PASS] test_changeAdmin_ownerKey_succeeds() (gas: 19697)</system-out>
        </testcase>
        <system-out>Suite result: ok. 1 passed; 0 failed; 0 skipped; finished in 167.67µs (17.71µs CPU time)</system-out>
    </testsuite>
    <testsuite name="test/universal/Proxy.t.sol:Proxy_Implementation_Test" tests="3" disabled="0" errors="0" failures="0" time="0.000">
        <testcase name="test_implementation_isZeroAddress_reverts()" time="0.000">
            <system-out>[PASS] test_implementation_isZeroAddress_reverts() (gas: 16859)</system-out>
        </testcase>
        <testcase name="test_implementation_key_succeeds()" time="0.000">
            <system-out>[PASS] test_implementation_key_succeeds() (gas: 21549)</system-out>
        </testcase>
        <testcase name="test_implementation_zeroAddressCaller_succeeds()" time="0.000">
            <system-out>[PASS] test_implementation_zeroAddressCaller_succeeds() (gas: 15050)</system-out>
        </testcase>
        <system-out>Suite result: ok. 3 passed; 0 failed; 0 skipped; finished in 188.17µs (47.29µs CPU time)</system-out>
    </testsuite>
    <testsuite name="test/universal/Proxy.t.sol:Proxy_Unclassified_Test" tests="1" disabled="0" errors="0" failures="0" time="0.000">
        <testcase name="test_delegatesToImpl_succeeds()" time="0.000">
            <system-out>[PASS] test_delegatesToImpl_succeeds() (gas: 46214)</system-out>
        </testcase>
        <system-out>Suite result: ok. 1 passed; 0 failed; 0 skipped; finished in 158.04µs (22.50µs CPU time)</system-out>
    </testsuite>
    <testsuite name="test/universal/Proxy.t.sol:Proxy_UpgradeToAndCall_Test" tests="3" disabled="0" errors="0" failures="0" time="0.000">
        <testcase name="test_upgradeToAndCall_functionDoesNotExist_reverts()" time="0.000">
            <system-out>[PASS] test_upgradeToAndCall_functionDoesNotExist_reverts() (gas: 108884)</system-out>
        </testcase>
        <testcase name="test_upgradeToAndCall_isPayable_succeeds()" time="0.000">
            <system-out>[PASS] test_upgradeToAndCall_isPayable_succeeds() (gas: 54453)</system-out>
        </testcase>
        <testcase name="test_upgradeToAndCall_succeeds()" time="0.000">
            <system-out>[PASS] test_upgradeToAndCall_succeeds() (gas: 125940)</system-out>
        </testcase>
        <system-out>Suite result: ok. 3 passed; 0 failed; 0 skipped; finished in 258.38µs (105.92µs CPU time)</system-out>
    </testsuite>
    <testsuite name="test/universal/Proxy.t.sol:Proxy_UpgradeTo_Test" tests="2" disabled="0" errors="0" failures="0" time="0.000">
        <testcase name="test_upgradeTo_clashingFunctionSignatures_succeeds()" time="0.000">
            <system-out>[PASS] test_upgradeTo_clashingFunctionSignatures_succeeds() (gas: 101995)</system-out>
        </testcase>
        <testcase name="test_upgradeTo_notAdmin_succeeds()" time="0.000">
            <system-out>[PASS] test_upgradeTo_notAdmin_succeeds() (gas: 30589)</system-out>
        </testcase>
        <system-out>Suite result: ok. 2 passed; 0 failed; 0 skipped; finished in 193.63µs (50.13µs CPU time)</system-out>
    </testsuite>
    <testsuite name="test/universal/ProxyAdmin.t.sol:ProxyAdmin_ChangeProxyAdmin_Test" tests="3" disabled="0" errors="0" failures="0" time="0.001">
        <testcase name="test_changeProxyAdmin_chugsplash_succeeds()" time="0.000">
            <system-out>[PASS] test_changeProxyAdmin_chugsplash_succeeds() (gas: 36814)</system-out>
        </testcase>
        <testcase name="test_changeProxyAdmin_erc1967_succeeds()" time="0.000">
            <system-out>[PASS] test_changeProxyAdmin_erc1967_succeeds() (gas: 35003)</system-out>
        </testcase>
        <testcase name="test_changeProxyAdmin_resolved_succeeds()" time="0.000">
            <system-out>[PASS] test_changeProxyAdmin_resolved_succeeds() (gas: 34261)</system-out>
        </testcase>
        <system-out>Suite result: ok. 3 passed; 0 failed; 0 skipped; finished in 605.79µs (78.58µs CPU time)</system-out>
    </testsuite>
    <testsuite name="test/universal/ProxyAdmin.t.sol:ProxyAdmin_GetProxyAdmin_Test" tests="3" disabled="0" errors="0" failures="0" time="0.001">
        <testcase name="test_getProxyAdmin_chugsplash_succeeds()" time="0.000">
            <system-out>[PASS] test_getProxyAdmin_chugsplash_succeeds() (gas: 18465)</system-out>
        </testcase>
        <testcase name="test_getProxyAdmin_erc1967_succeeds()" time="0.000">
            <system-out>[PASS] test_getProxyAdmin_erc1967_succeeds() (gas: 18449)</system-out>
        </testcase>
        <testcase name="test_getProxyAdmin_resolved_succeeds()" time="0.000">
            <system-out>[PASS] test_getProxyAdmin_resolved_succeeds() (gas: 20459)</system-out>
        </testcase>
        <system-out>Suite result: ok. 3 passed; 0 failed; 0 skipped; finished in 519.88µs (39.75µs CPU time)</system-out>
    </testsuite>
    <testsuite name="test/universal/ProxyAdmin.t.sol:ProxyAdmin_GetProxyImplementation_Test" tests="3" disabled="0" errors="0" failures="0" time="0.001">
        <testcase name="test_getProxyImplementation_chugsplash_succeeds()" time="0.000">
            <system-out>[PASS] test_getProxyImplementation_chugsplash_succeeds() (gas: 51689)</system-out>
        </testcase>
        <testcase name="test_getProxyImplementation_erc1967_succeeds()" time="0.000">
            <system-out>[PASS] test_getProxyImplementation_erc1967_succeeds() (gas: 52678)</system-out>
        </testcase>
        <testcase name="test_getProxyImplementation_resolved_succeeds()" time="0.000">
            <system-out>[PASS] test_getProxyImplementation_resolved_succeeds() (gas: 62699)</system-out>
        </testcase>
        <system-out>Suite result: ok. 3 passed; 0 failed; 0 skipped; finished in 593.25µs (100.38µs CPU time)</system-out>
    </testsuite>
    <testsuite name="test/universal/ProxyAdmin.t.sol:ProxyAdmin_IsUpgrading_Test" tests="1" disabled="0" errors="0" failures="0" time="0.000">
        <testcase name="test_isUpgrading_succeeds()" time="0.000">
            <system-out>[PASS] test_isUpgrading_succeeds() (gas: 20094)</system-out>
        </testcase>
        <system-out>Suite result: ok. 1 passed; 0 failed; 0 skipped; finished in 427.83µs (15.79µs CPU time)</system-out>
    </testsuite>
    <testsuite name="test/universal/ProxyAdmin.t.sol:ProxyAdmin_SetAddressManager_Test" tests="1" disabled="0" errors="0" failures="0" time="0.000">
        <testcase name="test_setAddressManager_notOwner_reverts()" time="0.000">
            <system-out>[PASS] test_setAddressManager_notOwner_reverts() (gas: 10554)</system-out>
        </testcase>
        <system-out>Suite result: ok. 1 passed; 0 failed; 0 skipped; finished in 411.58µs (9.71µs CPU time)</system-out>
    </testsuite>
    <testsuite name="test/universal/ProxyAdmin.t.sol:ProxyAdmin_SetImplementationName_Test" tests="2" disabled="0" errors="0" failures="0" time="0.000">
        <testcase name="test_setImplementationName_notOwner_reverts()" time="0.000">
            <system-out>[PASS] test_setImplementationName_notOwner_reverts() (gas: 11131)</system-out>
        </testcase>
        <testcase name="test_setImplementationName_succeeds()" time="0.000">
            <system-out>[PASS] test_setImplementationName_succeeds() (gas: 39246)</system-out>
        </testcase>
        <system-out>Suite result: ok. 2 passed; 0 failed; 0 skipped; finished in 437.00µs (32.67µs CPU time)</system-out>
    </testsuite>
    <testsuite name="test/universal/ProxyAdmin.t.sol:ProxyAdmin_SetProxyType_Test" tests="1" disabled="0" errors="0" failures="0" time="0.000">
        <testcase name="test_setProxyType_notOwner_reverts()" time="0.000">
            <system-out>[PASS] test_setProxyType_notOwner_reverts() (gas: 10792)</system-out>
        </testcase>
        <system-out>Suite result: ok. 1 passed; 0 failed; 0 skipped; finished in 404.33µs (9.63µs CPU time)</system-out>
    </testsuite>
    <testsuite name="test/universal/ProxyAdmin.t.sol:ProxyAdmin_Unclassified_Test" tests="3" disabled="0" errors="0" failures="0" time="0.000">
        <testcase name="test_onlyOwner_notOwner_reverts()" time="0.000">
            <system-out>[PASS] test_onlyOwner_notOwner_reverts() (gas: 22760)</system-out>
        </testcase>
        <testcase name="test_owner_succeeds()" time="0.000">
            <system-out>[PASS] test_owner_succeeds() (gas: 12595)</system-out>
        </testcase>
        <testcase name="test_proxyType_succeeds()" time="0.000">
            <system-out>[PASS] test_proxyType_succeeds() (gas: 24057)</system-out>
        </testcase>
        <system-out>Suite result: ok. 3 passed; 0 failed; 0 skipped; finished in 453.83µs (41.50µs CPU time)</system-out>
    </testsuite>
    <testsuite name="test/universal/ProxyAdmin.t.sol:ProxyAdmin_UpgradeAndCall_Test" tests="3" disabled="0" errors="0" failures="0" time="0.001">
        <testcase name="test_chugsplashUpgradeAndCall_succeeds()" time="0.000">
            <system-out>[PASS] test_chugsplashUpgradeAndCall_succeeds() (gas: 82901)</system-out>
        </testcase>
        <testcase name="test_delegateResolvedUpgradeAndCall_succeeds()" time="0.000">
            <system-out>[PASS] test_delegateResolvedUpgradeAndCall_succeeds() (gas: 98651)</system-out>
        </testcase>
        <testcase name="test_erc1967UpgradeAndCall_succeeds()" time="0.000">
            <system-out>[PASS] test_erc1967UpgradeAndCall_succeeds() (gas: 79671)</system-out>
        </testcase>
        <system-out>Suite result: ok. 3 passed; 0 failed; 0 skipped; finished in 518.58µs (114.63µs CPU time)</system-out>
    </testsuite>
    <testsuite name="test/universal/ProxyAdmin.t.sol:ProxyAdmin_Upgrade_Test" tests="3" disabled="0" errors="0" failures="0" time="0.000">
        <testcase name="test_upgrade_chugsplash_succeeds()" time="0.000">
            <system-out>[PASS] test_upgrade_chugsplash_succeeds() (gas: 49276)</system-out>
        </testcase>
        <testcase name="test_upgrade_erc1967_succeeds()" time="0.000">
            <system-out>[PASS] test_upgrade_erc1967_succeeds() (gas: 50346)</system-out>
        </testcase>
        <testcase name="test_upgrade_resolved_succeeds()" time="0.000">
            <system-out>[PASS] test_upgrade_resolved_succeeds() (gas: 58794)</system-out>
        </testcase>
        <system-out>Suite result: ok. 3 passed; 0 failed; 0 skipped; finished in 461.50µs (60.17µs CPU time)</system-out>
    </testsuite>
    <testsuite name="test/universal/ReinitializableBase.t.sol:ReinitializableBase_InitVersion_Test" tests="2" disabled="0" errors="0" failures="0" time="0.020">
        <testcase name="testFuzz_initVersion_validVersion_succeeds(uint8)" time="0.020">
            <system-out>[PASS] testFuzz_initVersion_validVersion_succeeds(uint8) (runs: 66, μ: 62410, ~: 62363)</system-out>
        </testcase>
        <testcase name="test_initVersion_zeroVersion_reverts()" time="0.000">
            <system-out>[PASS] test_initVersion_zeroVersion_reverts() (gas: 35544)</system-out>
        </testcase>
        <system-out>Suite result: ok. 2 passed; 0 failed; 0 skipped; finished in 20.27ms (19.98ms CPU time)</system-out>
    </testsuite>
    <testsuite name="test/universal/SafeSend.t.sol:SafeSend_Constructor_Test" tests="2" disabled="0" errors="0" failures="0" time="0.139">
        <testcase name="test_constructor_toContract_succeeds()" time="0.000">
            <system-out>[PASS] test_constructor_toContract_succeeds() (gas: 48298)</system-out>
        </testcase>
        <testcase name="test_constructor_toEOA_succeeds()" time="0.000">
            <system-out>[PASS] test_constructor_toEOA_succeeds() (gas: 51918)</system-out>
        </testcase>
        <system-out>Suite result: ok. 2 passed; 0 failed; 0 skipped; finished in 139.30ms (306.33µs CPU time)</system-out>
    </testsuite>
    <testsuite name="test/universal/StandardBridge.t.sol:StandardBridge_IsCorrectTokenPair_Test" tests="1" disabled="0" errors="0" failures="0" time="0.142">
        <testcase name="test_isCorrectTokenPair_succeeds()" time="0.000">
            <system-out>[PASS] test_isCorrectTokenPair_succeeds() (gas: 52501)</system-out>
        </testcase>
        <system-out>Suite result: ok. 1 passed; 0 failed; 0 skipped; finished in 141.81ms (115.58µs CPU time)</system-out>
    </testsuite>
    <testsuite name="test/universal/StandardBridge.t.sol:StandardBridge_IsOptimismMintableERC20_Test" tests="1" disabled="0" errors="0" failures="0" time="0.133">
        <testcase name="test_isOptimismMintableERC20_succeeds()" time="0.000">
            <system-out>[PASS] test_isOptimismMintableERC20_succeeds() (gas: 37134)</system-out>
        </testcase>
        <system-out>Suite result: ok. 1 passed; 0 failed; 0 skipped; finished in 132.84ms (70.38µs CPU time)</system-out>
    </testsuite>
    <testsuite name="test/universal/StandardBridge.t.sol:StandardBridge_Paused_Test" tests="1" disabled="0" errors="0" failures="0" time="0.202">
        <testcase name="test_paused_succeeds()" time="0.000">
            <system-out>[PASS] test_paused_succeeds() (gas: 8373)</system-out>
        </testcase>
        <system-out>Suite result: ok. 1 passed; 0 failed; 0 skipped; finished in 202.29ms (70.08µs CPU time)</system-out>
    </testsuite>
    <testsuite name="test/universal/WETH98.t.sol:WETH98_Approve_Test" tests="1" disabled="0" errors="0" failures="0" time="0.000">
        <testcase name="test_approve_succeeds()" time="0.000">
            <system-out>[PASS] test_approve_succeeds() (gas: 41094)</system-out>
        </testcase>
        <system-out>Suite result: ok. 1 passed; 0 failed; 0 skipped; finished in 299.63µs (31.75µs CPU time)</system-out>
    </testsuite>
    <testsuite name="test/universal/WETH98.t.sol:WETH98_Deposit_Test" tests="1" disabled="0" errors="0" failures="0" time="0.000">
        <testcase name="test_deposit_succeeds()" time="0.000">
            <system-out>[PASS] test_deposit_succeeds() (gas: 44280)</system-out>
        </testcase>
        <system-out>Suite result: ok. 1 passed; 0 failed; 0 skipped; finished in 209.17µs (25.88µs CPU time)</system-out>
    </testsuite>
    <testsuite name="test/universal/WETH98.t.sol:WETH98_Fallback_Test" tests="1" disabled="0" errors="0" failures="0" time="0.000">
        <testcase name="test_fallback_succeeds()" time="0.000">
            <system-out>[PASS] test_fallback_succeeds() (gas: 44409)</system-out>
        </testcase>
        <system-out>Suite result: ok. 1 passed; 0 failed; 0 skipped; finished in 185.96µs (18.29µs CPU time)</system-out>
    </testsuite>
    <testsuite name="test/universal/WETH98.t.sol:WETH98_Receive_Test" tests="1" disabled="0" errors="0" failures="0" time="0.000">
        <testcase name="test_receive_succeeds()" time="0.000">
            <system-out>[PASS] test_receive_succeeds() (gas: 44383)</system-out>
        </testcase>
        <system-out>Suite result: ok. 1 passed; 0 failed; 0 skipped; finished in 178.00µs (18.50µs CPU time)</system-out>
    </testsuite>
    <testsuite name="test/universal/WETH98.t.sol:WETH98_TransferFrom_Test" tests="3" disabled="0" errors="0" failures="0" time="0.000">
        <testcase name="test_transferFrom_succeeds()" time="0.000">
            <system-out>[PASS] test_transferFrom_succeeds() (gas: 76628)</system-out>
        </testcase>
        <testcase name="test_transferFrom_tooLittleApproval_fails()" time="0.000">
            <system-out>[PASS] test_transferFrom_tooLittleApproval_fails() (gas: 70528)</system-out>
        </testcase>
        <testcase name="test_transferFrom_tooLittleBalance_fails()" time="0.000">
            <system-out>[PASS] test_transferFrom_tooLittleBalance_fails() (gas: 70561)</system-out>
        </testcase>
        <system-out>Suite result: ok. 3 passed; 0 failed; 0 skipped; finished in 263.46µs (73.21µs CPU time)</system-out>
    </testsuite>
    <testsuite name="test/universal/WETH98.t.sol:WETH98_Transfer_Test" tests="2" disabled="0" errors="0" failures="0" time="0.000">
        <testcase name="test_transfer_succeeds()" time="0.000">
            <system-out>[PASS] test_transfer_succeeds() (gas: 57255)</system-out>
        </testcase>
        <testcase name="test_transfer_tooLarge_fails()" time="0.000">
            <system-out>[PASS] test_transfer_tooLarge_fails() (gas: 44698)</system-out>
        </testcase>
        <system-out>Suite result: ok. 2 passed; 0 failed; 0 skipped; finished in 206.25µs (38.33µs CPU time)</system-out>
    </testsuite>
    <testsuite name="test/universal/WETH98.t.sol:WETH98_Unclassified_Test" tests="1" disabled="0" errors="0" failures="0" time="0.000">
        <testcase name="test_getName_succeeds()" time="0.000">
            <system-out>[PASS] test_getName_succeeds() (gas: 13618)</system-out>
        </testcase>
        <system-out>Suite result: ok. 1 passed; 0 failed; 0 skipped; finished in 253.79µs (28.50µs CPU time)</system-out>
    </testsuite>
    <testsuite name="test/universal/WETH98.t.sol:WETH98_Withdraw_Test" tests="3" disabled="0" errors="0" failures="0" time="0.000">
        <testcase name="test_withdraw_partialWithdrawal_succeeds()" time="0.000">
            <system-out>[PASS] test_withdraw_partialWithdrawal_succeeds() (gas: 79367)</system-out>
        </testcase>
        <testcase name="test_withdraw_succeeds()" time="0.000">
            <system-out>[PASS] test_withdraw_succeeds() (gas: 59466)</system-out>
        </testcase>
        <testcase name="test_withdraw_tooLargeWithdrawal_fails()" time="0.000">
            <system-out>[PASS] test_withdraw_tooLargeWithdrawal_fails() (gas: 42499)</system-out>
        </testcase>
        <system-out>Suite result: ok. 3 passed; 0 failed; 0 skipped; finished in 289.42µs (63.46µs CPU time)</system-out>
    </testsuite>
    <testsuite name="test/vendor/AddressAliasHelper.t.sol:AddressAliasHelper_Unclassified_Test" tests="1" disabled="0" errors="0" failures="0" time="0.001">
        <testcase name="testFuzz_applyAndUndo_succeeds(address)" time="0.001">
            <system-out>[PASS] testFuzz_applyAndUndo_succeeds(address) (runs: 66, μ: 3223, ~: 3223)</system-out>
        </testcase>
        <system-out>Suite result: ok. 1 passed; 0 failed; 0 skipped; finished in 1.06ms (999.71µs CPU time)</system-out>
    </testsuite>
    <testsuite name="test/vendor/Initializable.t.sol:Initializer_Test" tests="1" disabled="0" errors="0" failures="1" time="16.496">
        <testcase name="test_cannotReinitialize_succeeds()" time="16.273">
            <failure message="Missing RAT_optimized from contracts array"/>
            <system-out>[FAIL: Missing RAT_optimized from contracts array] test_cannotReinitialize_succeeds() (gas: 6866828)</system-out>
        </testcase>
        <system-out>Suite result: FAILED. 0 passed; 1 failed; 0 skipped; finished in 16.50s (16.27s CPU time)</system-out>
    </testsuite>
    <testsuite name="test/vendor/InitializableOZv5.t.sol:InitializerOZv5_Test" tests="1" disabled="0" errors="0" failures="0" time="0.000">
        <testcase name="test_cannotReinitialize_succeeds()" time="0.000">
            <system-out>[PASS] test_cannotReinitialize_succeeds() (gas: 31337)</system-out>
        </testcase>
        <system-out>Suite result: ok. 1 passed; 0 failed; 0 skipped; finished in 439.88µs (28.71µs CPU time)</system-out>
    </testsuite>
</testsuites>

